2025-12-12 03:12:06,015 - __main__ - INFO - ================================================================================
2025-12-12 03:12:06,016 - __main__ - INFO - NOURISH BEAUTY DATA WAREHOUSE - ETL PIPELINE
2025-12-12 03:12:06,018 - __main__ - INFO -    Author: Raudatul Sholehah - 2310817220002
2025-12-12 03:12:06,019 - __main__ - INFO -    Date: 2025-12-12 03:12:06
2025-12-12 03:12:06,020 - __main__ - INFO - ================================================================================
2025-12-12 03:12:06,021 - __main__ - INFO - 
2025-12-12 03:12:06,023 - __main__ - INFO - STEP 1: Testing Database Connection
2025-12-12 03:12:06,024 - __main__ - INFO - --------------------------------------------------------------------------------
2025-12-12 03:12:07,722 - __main__ - INFO - 
2025-12-12 03:12:07,722 - __main__ - INFO - STEP 2: EXTRACT PHASE
2025-12-12 03:12:07,723 - __main__ - INFO - --------------------------------------------------------------------------------
2025-12-12 03:12:08,993 - __main__ - INFO - Extracting Sales Data...
2025-12-12 03:12:08,993 - etl.extract.extract_sales - INFO - Starting sales data extraction...
2025-12-12 03:12:08,994 - etl.extract.extract_sales - INFO - Reading file: /app/data/raw/SuperMarket-Analysis-penjualan.csv
2025-12-12 03:12:09,029 - etl.extract.extract_sales - INFO - [OK] Loaded 1000 rows from SuperMarket-Analysis-penjualan.csv
2025-12-12 03:12:09,029 - etl.extract.extract_sales - INFO - Applying transformations...
2025-12-12 03:12:09,030 - etl.transform.transform_sales - INFO - Applying 40 transformation rules to sales data...
2025-12-12 03:12:09,030 - etl.transform.transform_sales - INFO -    Initial row count: 1000
2025-12-12 03:12:09,030 - etl.transform.transform_sales - INFO - RULE 0: Pre-cleaning Indonesian number format & USD to IDR conversion...
2025-12-12 03:12:09,033 - etl.transform.transform_sales - INFO -    ✓ Detected USD format (avg: $307.59)
2025-12-12 03:12:09,034 - etl.transform.transform_sales - INFO -    harga_satuan: 74.69 → Rp 1,120,350
2025-12-12 03:12:09,036 - etl.transform.transform_sales - INFO -    pajak_5_persen: 261.415 → Rp 3,921,225
2025-12-12 03:12:09,037 - etl.transform.transform_sales - INFO -    total_penjualan_sebelum_pajak: 522.83 → Rp 7,842,450
2025-12-12 03:12:09,043 - etl.transform.transform_sales - INFO -    pendapatan_kotor: 261.415 → Rp 3,921,225
2025-12-12 03:12:09,044 - etl.transform.transform_sales - INFO -    persentase_gross_margin: 4761904762.00% (kept as percentage)
2025-12-12 03:12:09,044 - etl.transform.transform_sales - INFO - RULE 1-5: Data Type Conversion
2025-12-12 03:12:09,054 - etl.transform.transform_sales - INFO - RULE 6-10: Handle Missing Values
2025-12-12 03:12:09,059 - etl.transform.transform_sales - INFO - RULE 11-15: Data Cleaning
2025-12-12 03:12:09,070 - etl.transform.transform_sales - INFO - RULE 16-20: Standardization
2025-12-12 03:12:09,075 - etl.transform.transform_sales - INFO - RULE 21-25: Calculate Derived Fields
2025-12-12 03:12:09,079 - etl.transform.transform_sales - INFO - RULE 26-30: Validation & Quality Checks
2025-12-12 03:12:09,086 - etl.transform.transform_sales - INFO - RULE 31-35: Business Logic & Categorization
2025-12-12 03:12:09,100 - etl.transform.transform_sales - INFO - RULE 36-40: Final Cleaning & Outlier Removal
2025-12-12 03:12:09,111 - etl.transform.transform_sales - INFO - [OK] Transformation complete!
2025-12-12 03:12:09,112 - etl.transform.transform_sales - INFO -    Initial rows: 1000
2025-12-12 03:12:09,112 - etl.transform.transform_sales - INFO -    Final rows: 991
2025-12-12 03:12:09,113 - etl.transform.transform_sales - INFO -    Removed: 9 (0.9%)
2025-12-12 03:12:09,113 - etl.transform.transform_sales - INFO -    Retention rate: 99.1%
2025-12-12 03:12:09,114 - etl.transform.transform_sales - INFO -    Currency converted: USD → IDR (rate: 15,000)
2025-12-12 03:12:09,115 - etl.transform.transform_sales - INFO - 
   SUMMARY STATISTICS (in IDR):
2025-12-12 03:12:09,116 - etl.transform.transform_sales - INFO -    - Total Revenue: Rp 4,502,404,650
2025-12-12 03:12:09,117 - etl.transform.transform_sales - INFO -    - Avg Transaction: Rp 4,543,294
2025-12-12 03:12:09,117 - etl.transform.transform_sales - INFO -    - Min Transaction: Rp 152,550
2025-12-12 03:12:09,118 - etl.transform.transform_sales - INFO -    - Max Transaction: Rp 14,895,000
2025-12-12 03:12:09,181 - etl.extract.extract_sales - INFO - [OK] Saved to staging file: /app/data/staging/staging_sales.csv
2025-12-12 03:12:09,182 - etl.extract.extract_sales - INFO - [OK] Extraction complete: 991 records ready
2025-12-12 03:12:09,183 - etl.extract.extract_sales - INFO - 
Loading sales data to staging_sales table...
2025-12-12 03:12:09,184 - etl.extract.extract_sales - INFO -    Records to load: 991
2025-12-12 03:12:09,185 - etl.extract.extract_sales - INFO -    Truncating staging_sales table...
2025-12-12 03:12:09,318 - etl.extract.extract_sales - INFO -    Original shape: (991, 17)
2025-12-12 03:12:09,318 - etl.extract.extract_sales - INFO -    Original columns: ['id_invoice', 'cabang', 'kota', 'tipe_customer', 'jenis_kelamin', 'kategori_produk', 'harga_satuan', 'jumlah', 'pajak_5_persen', 'tanggal', 'waktu', 'metode_pembayaran', 'total_penjualan_sebelum_pajak', 'persentase_gross_margin', 'pendapatan_kotor', 'rating', 'load_timestamp']
2025-12-12 03:12:09,320 - etl.extract.extract_sales - INFO -    Clean shape: (991, 17)
2025-12-12 03:12:09,321 - etl.extract.extract_sales - INFO -    Clean columns: ['id_invoice', 'cabang', 'kota', 'tipe_customer', 'jenis_kelamin', 'kategori_produk', 'harga_satuan', 'jumlah', 'pajak_5_persen', 'tanggal', 'waktu', 'metode_pembayaran', 'total_penjualan_sebelum_pajak', 'persentase_gross_margin', 'pendapatan_kotor', 'rating', 'load_timestamp']
2025-12-12 03:12:09,327 - etl.extract.extract_sales - INFO -    Loading data in 10 chunks of 100 rows...
2025-12-12 03:12:09,492 - etl.extract.extract_sales - INFO -    ✓ Chunk 1/10 loaded (100 rows, total: 100)
2025-12-12 03:12:09,594 - etl.extract.extract_sales - INFO -    ✓ Chunk 2/10 loaded (100 rows, total: 200)
2025-12-12 03:12:09,709 - etl.extract.extract_sales - INFO -    ✓ Chunk 3/10 loaded (100 rows, total: 300)
2025-12-12 03:12:09,794 - etl.extract.extract_sales - INFO -    ✓ Chunk 4/10 loaded (100 rows, total: 400)
2025-12-12 03:12:09,892 - etl.extract.extract_sales - INFO -    ✓ Chunk 5/10 loaded (100 rows, total: 500)
2025-12-12 03:12:10,045 - etl.extract.extract_sales - INFO -    ✓ Chunk 6/10 loaded (100 rows, total: 600)
2025-12-12 03:12:10,205 - etl.extract.extract_sales - INFO -    ✓ Chunk 7/10 loaded (100 rows, total: 700)
2025-12-12 03:12:10,375 - etl.extract.extract_sales - INFO -    ✓ Chunk 8/10 loaded (100 rows, total: 800)
2025-12-12 03:12:10,550 - etl.extract.extract_sales - INFO -    ✓ Chunk 9/10 loaded (100 rows, total: 900)
2025-12-12 03:12:10,617 - etl.extract.extract_sales - INFO -    ✓ Chunk 10/10 loaded (91 rows, total: 991)
2025-12-12 03:12:10,618 - etl.extract.extract_sales - INFO - [OK] Successfully loaded 991 rows to staging_sales
2025-12-12 03:12:10,626 - etl.extract.extract_sales - INFO - [OK] Verified staging_sales row count: 991
2025-12-12 03:12:10,633 - etl.extract.extract_sales - INFO - [OK] Stats: Rows=991, Avg=Rp 4,543,294, Min=Rp 152,550, Max=Rp 14,895,000
2025-12-12 03:12:10,635 - __main__ - INFO - Extracting HR Data...
2025-12-12 03:12:10,636 - etl.extract.extract_hr - INFO - Starting HR data extraction...
2025-12-12 03:12:10,636 - etl.extract.extract_hr - INFO - Reading file: /app/data/raw/HRDataset.csv
2025-12-12 03:12:10,695 - etl.extract.extract_hr - INFO - [OK] Loaded 311 rows from HRDataset.csv
2025-12-12 03:12:10,695 - etl.extract.extract_hr - INFO -    Columns: 36
2025-12-12 03:12:10,702 - etl.extract.extract_hr - INFO -    Converting date column: dob
2025-12-12 03:12:10,706 - etl.extract.extract_hr - INFO -    Converting date column: dateofhire
2025-12-12 03:12:10,710 - etl.extract.extract_hr - INFO -    Converting date column: dateoftermination
2025-12-12 03:12:10,714 - etl.extract.extract_hr - INFO -    Converting date column: lastperformancereview_date
2025-12-12 03:12:10,766 - etl.extract.extract_hr - INFO - [OK] Saved to staging file: /app/data/staging/staging_hr.csv
2025-12-12 03:12:10,767 - etl.extract.extract_hr - INFO - [OK] Extraction complete: 311 records ready
2025-12-12 03:12:10,767 - etl.extract.extract_hr - INFO - Loading HR data to staging_hr table...
2025-12-12 03:12:10,768 - etl.extract.extract_hr - INFO -    Records to load: 311
2025-12-12 03:12:10,769 - etl.extract.extract_hr - INFO -    Truncating staging_hr table...
2025-12-12 03:12:10,876 - etl.extract.extract_hr - INFO -    Loading rows individually...
2025-12-12 03:12:13,261 - etl.extract.extract_hr - INFO -    Progress: 50/311 rows loaded
2025-12-12 03:12:20,115 - etl.extract.extract_hr - INFO -    Progress: 100/311 rows loaded
2025-12-12 03:12:22,521 - etl.extract.extract_hr - INFO -    Progress: 150/311 rows loaded
2025-12-12 03:12:24,388 - etl.extract.extract_hr - INFO -    Progress: 200/311 rows loaded
2025-12-12 03:12:25,597 - etl.extract.extract_hr - INFO -    Progress: 250/311 rows loaded
2025-12-12 03:12:27,168 - etl.extract.extract_hr - INFO -    Progress: 300/311 rows loaded
2025-12-12 03:12:27,645 - etl.extract.extract_hr - INFO -    Progress: 311/311 rows loaded
2025-12-12 03:12:27,645 - etl.extract.extract_hr - INFO - [OK] Successfully loaded 311 rows
2025-12-12 03:12:27,662 - etl.extract.extract_hr - INFO - [OK] Verified row count: 311
2025-12-12 03:12:27,665 - __main__ - INFO - Extracting Marketing Data...
2025-12-12 03:12:27,666 - etl.extract.extract_marketing - INFO - Starting marketing data extraction...
2025-12-12 03:12:27,667 - etl.extract.extract_marketing - INFO - Reading file: /app/data/raw/marketing_campaign.csv
2025-12-12 03:12:27,668 - etl.extract.extract_marketing - INFO -    Trying delimiter: '	'
2025-12-12 03:12:27,722 - etl.extract.extract_marketing - WARNING -    Failed: only 1 columns detected
2025-12-12 03:12:27,722 - etl.extract.extract_marketing - INFO -    Trying delimiter: ';'
2025-12-12 03:12:27,871 - etl.extract.extract_marketing - INFO -    [OK] Successfully read with delimiter ';'
2025-12-12 03:12:27,872 - etl.extract.extract_marketing - INFO -    Columns detected: 29
2025-12-12 03:12:27,872 - etl.extract.extract_marketing - INFO - [OK] Loaded 1000 rows from marketing_campaign.csv
2025-12-12 03:12:27,873 - etl.extract.extract_marketing - INFO -    Columns: ['ID', 'Year_Birth', 'Education', 'Marital_Status', 'Income']... (29 total)
2025-12-12 03:12:27,876 - etl.extract.extract_marketing - INFO -    Converting date column: dt_customer
2025-12-12 03:12:28,186 - etl.extract.extract_marketing - INFO - [OK] Saved to staging file: /app/data/staging/staging_marketing.csv
2025-12-12 03:12:28,187 - etl.extract.extract_marketing - INFO - [OK] Extraction complete: 1000 records ready
2025-12-12 03:12:28,188 - etl.extract.extract_marketing - INFO - Loading marketing data to staging_marketing table...
2025-12-12 03:12:28,188 - etl.extract.extract_marketing - INFO -    Records to load: 1000
2025-12-12 03:12:28,190 - etl.extract.extract_marketing - INFO -    Dropping and recreating staging_marketing table...
2025-12-12 03:12:28,378 - etl.extract.extract_marketing - INFO -    Loading data with auto-schema detection...
2025-12-12 03:12:29,804 - etl.extract.extract_marketing - INFO - [OK] Successfully loaded 1000 rows
2025-12-12 03:12:29,818 - etl.extract.extract_marketing - INFO - [OK] Verified row count: 1000
2025-12-12 03:12:29,821 - __main__ - INFO - [OK] Extract phase completed!
2025-12-12 03:12:29,821 - __main__ - INFO - 
2025-12-12 03:12:29,822 - __main__ - INFO - STEP 3: TRANSFORM PHASE
2025-12-12 03:12:29,823 - __main__ - INFO - --------------------------------------------------------------------------------
2025-12-12 03:12:29,823 - __main__ - INFO - Transformation rules will be applied during load phase
2025-12-12 03:12:29,824 - __main__ - INFO - [OK] 40 transformation rules ready
2025-12-12 03:12:29,824 - __main__ - INFO - 
2025-12-12 03:12:29,825 - __main__ - INFO - STEP 4: LOAD DIMENSIONS
2025-12-12 03:12:29,825 - __main__ - INFO - --------------------------------------------------------------------------------
2025-12-12 03:12:29,835 - etl.load.load_dimensions - INFO - ======================================================================
2025-12-12 03:12:29,836 - etl.load.load_dimensions - INFO - STARTING DIMENSION LOAD PROCESS
2025-12-12 03:12:29,837 - etl.load.load_dimensions - INFO - ======================================================================
2025-12-12 03:12:29,837 - etl.load.load_dimensions - INFO - Loading dim_produk...
2025-12-12 03:12:30,177 - etl.load.load_dimensions - INFO - [OK] Loaded 6 products to dim_produk
2025-12-12 03:12:30,178 - etl.load.load_dimensions - INFO - Loading dim_customer...
2025-12-12 03:12:30,426 - etl.load.load_dimensions - INFO -    Truncated dim_customer table
2025-12-12 03:12:30,596 - etl.load.load_dimensions - INFO -    Loaded chunk 1: 50 rows (Total: 50/1000)
2025-12-12 03:12:30,634 - etl.load.load_dimensions - INFO -    Loaded chunk 2: 50 rows (Total: 100/1000)
2025-12-12 03:12:30,662 - etl.load.load_dimensions - INFO -    Loaded chunk 3: 50 rows (Total: 150/1000)
2025-12-12 03:12:30,690 - etl.load.load_dimensions - INFO -    Loaded chunk 4: 50 rows (Total: 200/1000)
2025-12-12 03:12:30,718 - etl.load.load_dimensions - INFO -    Loaded chunk 5: 50 rows (Total: 250/1000)
2025-12-12 03:12:30,750 - etl.load.load_dimensions - INFO -    Loaded chunk 6: 50 rows (Total: 300/1000)
2025-12-12 03:12:30,785 - etl.load.load_dimensions - INFO -    Loaded chunk 7: 50 rows (Total: 350/1000)
2025-12-12 03:12:30,812 - etl.load.load_dimensions - INFO -    Loaded chunk 8: 50 rows (Total: 400/1000)
2025-12-12 03:12:30,868 - etl.load.load_dimensions - INFO -    Loaded chunk 9: 50 rows (Total: 450/1000)
2025-12-12 03:12:30,927 - etl.load.load_dimensions - INFO -    Loaded chunk 10: 50 rows (Total: 500/1000)
2025-12-12 03:12:30,978 - etl.load.load_dimensions - INFO -    Loaded chunk 11: 50 rows (Total: 550/1000)
2025-12-12 03:12:31,026 - etl.load.load_dimensions - INFO -    Loaded chunk 12: 50 rows (Total: 600/1000)
2025-12-12 03:12:31,067 - etl.load.load_dimensions - INFO -    Loaded chunk 13: 50 rows (Total: 650/1000)
2025-12-12 03:12:31,103 - etl.load.load_dimensions - INFO -    Loaded chunk 14: 50 rows (Total: 700/1000)
2025-12-12 03:12:31,146 - etl.load.load_dimensions - INFO -    Loaded chunk 15: 50 rows (Total: 750/1000)
2025-12-12 03:12:31,215 - etl.load.load_dimensions - INFO -    Loaded chunk 16: 50 rows (Total: 800/1000)
2025-12-12 03:12:31,268 - etl.load.load_dimensions - INFO -    Loaded chunk 17: 50 rows (Total: 850/1000)
2025-12-12 03:12:31,314 - etl.load.load_dimensions - INFO -    Loaded chunk 18: 50 rows (Total: 900/1000)
2025-12-12 03:12:31,343 - etl.load.load_dimensions - INFO -    Loaded chunk 19: 50 rows (Total: 950/1000)
2025-12-12 03:12:31,368 - etl.load.load_dimensions - INFO -    Loaded chunk 20: 50 rows (Total: 1000/1000)
2025-12-12 03:12:31,382 - etl.load.load_dimensions - INFO - [OK] Successfully loaded 1000 customers to dim_customer
2025-12-12 03:12:31,383 - etl.load.load_dimensions - INFO - Loading dim_employee...
2025-12-12 03:12:31,579 - etl.load.load_dimensions - INFO -    Truncated dim_employee table
2025-12-12 03:12:31,645 - etl.load.load_dimensions - INFO -    Loaded 25/311 employees...
2025-12-12 03:12:31,673 - etl.load.load_dimensions - INFO -    Loaded 50/311 employees...
2025-12-12 03:12:31,695 - etl.load.load_dimensions - INFO -    Loaded 75/311 employees...
2025-12-12 03:12:31,715 - etl.load.load_dimensions - INFO -    Loaded 100/311 employees...
2025-12-12 03:12:31,740 - etl.load.load_dimensions - INFO -    Loaded 125/311 employees...
2025-12-12 03:12:31,772 - etl.load.load_dimensions - INFO -    Loaded 150/311 employees...
2025-12-12 03:12:31,800 - etl.load.load_dimensions - INFO -    Loaded 175/311 employees...
2025-12-12 03:12:31,831 - etl.load.load_dimensions - INFO -    Loaded 200/311 employees...
2025-12-12 03:12:31,850 - etl.load.load_dimensions - INFO -    Loaded 225/311 employees...
2025-12-12 03:12:31,870 - etl.load.load_dimensions - INFO -    Loaded 250/311 employees...
2025-12-12 03:12:31,892 - etl.load.load_dimensions - INFO -    Loaded 275/311 employees...
2025-12-12 03:12:31,922 - etl.load.load_dimensions - INFO -    Loaded 300/311 employees...
2025-12-12 03:12:31,936 - etl.load.load_dimensions - INFO -    Loaded 311/311 employees...
2025-12-12 03:12:31,938 - etl.load.load_dimensions - INFO - [OK] Successfully loaded 311 employees to dim_employee
2025-12-12 03:12:31,939 - etl.load.load_dimensions - INFO - Verifying dimension tables...
2025-12-12 03:12:32,106 - etl.load.load_dimensions - INFO - ======================================================================
2025-12-12 03:12:32,107 - etl.load.load_dimensions - INFO - [OK] ALL DIMENSIONS LOADED SUCCESSFULLY!
2025-12-12 03:12:32,108 - etl.load.load_dimensions - INFO - Total time: 2.27 seconds
2025-12-12 03:12:32,108 - etl.load.load_dimensions - INFO - ======================================================================
2025-12-12 03:12:32,109 - __main__ - INFO - 
2025-12-12 03:12:32,109 - __main__ - INFO - STEP 5: LOAD FACT TABLES
2025-12-12 03:12:32,109 - __main__ - INFO - --------------------------------------------------------------------------------
2025-12-12 03:12:32,111 - etl.load.load_facts - INFO - ======================================================================
2025-12-12 03:12:32,112 - etl.load.load_facts - INFO - STARTING FACT TABLES LOAD PROCESS
2025-12-12 03:12:32,112 - etl.load.load_facts - INFO - ======================================================================
2025-12-12 03:12:32,113 - etl.load.load_facts - INFO - Loading fact_sales...
2025-12-12 03:12:32,233 - etl.load.load_facts - INFO -    Truncated fact_sales table
2025-12-12 03:12:32,240 - etl.load.load_facts - INFO -    Debug - Sample data: [(datetime.date(2019, 1, 5), 'Skincare', 'Banjarmasin', 'Ewallet'), (datetime.date(2019, 3, 8), 'Make Up', 'Banjarbaru', 'Cash'), (datetime.date(2019, 3, 3), 'Body Care', 'Banjarmasin', 'Credit card')]
2025-12-12 03:12:32,371 - etl.load.load_facts - INFO - [OK] Loaded 991 rows to fact_sales
2025-12-12 03:12:32,373 - etl.load.load_facts - INFO - Loading fact_marketing_response...
2025-12-12 03:12:32,479 - etl.load.load_facts - INFO -    Debug - Marketing: 1000 rows, dates: 2012-08-01 to 2014-06-29
2025-12-12 03:12:32,480 - etl.load.load_facts - INFO -    Debug - dim_tanggal: 4829 dates, range: 2006-01-09 to 2019-03-30
2025-12-12 03:12:32,480 - etl.load.load_facts - INFO -    Debug - Matching rows after JOIN: 1000
2025-12-12 03:12:32,527 - etl.load.load_facts - INFO - [OK] Loaded 1000 rows to fact_marketing_response
2025-12-12 03:12:32,527 - etl.load.load_facts - INFO - Loading fact_employee_performance...
2025-12-12 03:12:32,633 - etl.load.load_facts - INFO - [OK] Loaded 311 rows to fact_employee_performance
2025-12-12 03:12:32,633 - etl.load.load_facts - INFO - Verifying fact tables...
2025-12-12 03:12:32,894 - etl.load.load_facts - INFO - ======================================================================
2025-12-12 03:12:32,895 - etl.load.load_facts - INFO - [OK] ALL FACT TABLES LOADED SUCCESSFULLY!
2025-12-12 03:12:32,895 - etl.load.load_facts - INFO - Total time: 0.78 seconds
2025-12-12 03:12:32,896 - etl.load.load_facts - INFO - ======================================================================
2025-12-12 03:12:32,896 - __main__ - INFO - 
2025-12-12 03:12:32,896 - __main__ - INFO - STEP 6: EXPORT TO DATA LAKE
2025-12-12 03:12:32,897 - __main__ - INFO - --------------------------------------------------------------------------------
2025-12-12 03:12:32,897 - __main__ - INFO - Bronze Layer: Raw files already in data/lake/raw/
2025-12-12 03:12:32,897 - __main__ - INFO - Exporting to Silver Layer (Processed)...
2025-12-12 03:12:32,902 - etl.export_to_silver_layer - INFO -   → cleaned_sales.parquet
2025-12-12 03:12:33,540 - etl.export_to_silver_layer - INFO -      Exported 991 rows
2025-12-12 03:12:33,540 - etl.export_to_silver_layer - INFO -   → cleaned_hr.parquet
2025-12-12 03:12:33,645 - etl.export_to_silver_layer - INFO -      Exported 311 rows
2025-12-12 03:12:33,645 - etl.export_to_silver_layer - INFO -   → cleaned_marketing.parquet
2025-12-12 03:12:33,798 - etl.export_to_silver_layer - INFO -      Exported 1000 rows
2025-12-12 03:12:33,805 - etl.export_to_silver_layer - INFO - ✅ Silver layer: 3 files created in data/lake/processed
2025-12-12 03:12:33,805 - __main__ - INFO - ✅ Silver layer export completed
2025-12-12 03:12:33,806 - __main__ - INFO - Exporting to Gold Layer (Curated)...
2025-12-12 03:12:33,813 - etl.export_to_gold_layer - INFO -   → sales_metrics_daily.parquet
2025-12-12 03:12:34,007 - etl.export_to_gold_layer - INFO -      Exported 263 rows
2025-12-12 03:12:34,008 - etl.export_to_gold_layer - INFO -   → product_performance.parquet
2025-12-12 03:12:34,068 - etl.export_to_gold_layer - INFO -      Exported 6 rows
2025-12-12 03:12:34,068 - etl.export_to_gold_layer - INFO -   → branch_performance.parquet
2025-12-12 03:12:34,123 - etl.export_to_gold_layer - INFO -      Exported 3 rows
2025-12-12 03:12:34,124 - etl.export_to_gold_layer - INFO -   → payment_analysis.parquet
2025-12-12 03:12:34,181 - etl.export_to_gold_layer - INFO -      Exported 3 rows
2025-12-12 03:12:34,181 - etl.export_to_gold_layer - INFO -   → customer_demographics.parquet
2025-12-12 03:12:34,246 - etl.export_to_gold_layer - INFO -      Exported 4 rows
2025-12-12 03:12:34,247 - etl.export_to_gold_layer - INFO -   → sales_time_patterns.parquet
2025-12-12 03:12:34,296 - etl.export_to_gold_layer - INFO -      Exported 11 rows
2025-12-12 03:12:34,305 - etl.export_to_gold_layer - INFO - ✅ Gold layer: 6 files created in data/lake/curated
2025-12-12 03:12:34,306 - __main__ - INFO - ✅ Gold layer export completed
2025-12-12 03:12:34,306 - __main__ - INFO - [OK] Data Lake export phase completed!
2025-12-12 03:12:34,307 - __main__ - INFO - 
2025-12-12 03:12:34,307 - __main__ - INFO - STEP 7: DATA VERIFICATION
2025-12-12 03:12:34,308 - __main__ - INFO - --------------------------------------------------------------------------------
2025-12-12 03:12:34,521 - __main__ - INFO - 
Data Warehouse Row Counts:
2025-12-12 03:12:34,523 - __main__ - INFO - 
               table_name  row_count
               dim_cabang          3
             dim_customer       1000
             dim_employee        311
              dim_payment          6
               dim_produk         13
              dim_tanggal       4829
fact_employee_performance        311
  fact_marketing_response       1000
               fact_sales        991
2025-12-12 03:12:34,523 - __main__ - INFO - 
Data Lake Status:
2025-12-12 03:12:34,542 - __main__ - INFO -   Bronze Layer: 3 files
2025-12-12 03:12:34,543 - __main__ - INFO -   Silver Layer: 3 files
2025-12-12 03:12:34,543 - __main__ - INFO -   Gold Layer: 6 files
2025-12-12 03:12:34,544 - __main__ - INFO - 
2025-12-12 03:12:34,544 - __main__ - INFO - ================================================================================
2025-12-12 03:12:34,545 - __main__ - INFO - [OK] ETL PIPELINE COMPLETED SUCCESSFULLY!
2025-12-12 03:12:34,545 - __main__ - INFO - ================================================================================
2025-12-12 03:12:34,546 - __main__ - INFO - Log file: logs/etl_pipeline_20251212_031206.log
2025-12-12 03:12:34,546 - __main__ - INFO - Duration: 28.53 seconds
2025-12-12 03:12:34,547 - __main__ - INFO - Completed at: 2025-12-12 03:12:34
2025-12-12 03:12:34,547 - __main__ - INFO - ================================================================================
