2025-12-11 05:44:24,099 - __main__ - INFO - ================================================================================
2025-12-11 05:44:24,100 - __main__ - INFO - NOURISH BEAUTY DATA WAREHOUSE - ETL PIPELINE
2025-12-11 05:44:24,100 - __main__ - INFO -    Author: Raudatul Sholehah - 2310817220002
2025-12-11 05:44:24,100 - __main__ - INFO -    Date: 2025-12-11 05:44:24
2025-12-11 05:44:24,101 - __main__ - INFO - ================================================================================
2025-12-11 05:44:24,101 - __main__ - INFO - 
2025-12-11 05:44:24,101 - __main__ - INFO - STEP 1: Testing Database Connection
2025-12-11 05:44:24,102 - __main__ - INFO - --------------------------------------------------------------------------------
2025-12-11 05:44:24,783 - __main__ - INFO - 
2025-12-11 05:44:24,783 - __main__ - INFO - STEP 2: EXTRACT PHASE
2025-12-11 05:44:24,784 - __main__ - INFO - --------------------------------------------------------------------------------
2025-12-11 05:44:25,559 - __main__ - INFO - Extracting Sales Data...
2025-12-11 05:44:25,560 - etl.extract.extract_sales - INFO - Starting sales data extraction...
2025-12-11 05:44:25,560 - etl.extract.extract_sales - INFO - Reading file: /app/data/raw/SuperMarket-Analysis-penjualan.csv
2025-12-11 05:44:25,594 - etl.extract.extract_sales - INFO - [OK] Loaded 1000 rows from SuperMarket-Analysis-penjualan.csv
2025-12-11 05:44:25,595 - etl.extract.extract_sales - INFO - Applying transformations...
2025-12-11 05:44:25,596 - etl.transform.transform_sales - INFO - Applying 40 transformation rules to sales data...
2025-12-11 05:44:25,596 - etl.transform.transform_sales - INFO -    Initial row count: 1000
2025-12-11 05:44:25,597 - etl.transform.transform_sales - INFO - RULE 0: Pre-cleaning Indonesian number format & USD to IDR conversion...
2025-12-11 05:44:25,600 - etl.transform.transform_sales - INFO -    ✓ Detected USD format (avg: $307.59)
2025-12-11 05:44:25,602 - etl.transform.transform_sales - INFO -    harga_satuan: 74.69 → Rp 1,120,350
2025-12-11 05:44:25,603 - etl.transform.transform_sales - INFO -    pajak_5_persen: 261.415 → Rp 3,921,225
2025-12-11 05:44:25,604 - etl.transform.transform_sales - INFO -    total_penjualan_sebelum_pajak: 522.83 → Rp 7,842,450
2025-12-11 05:44:25,609 - etl.transform.transform_sales - INFO -    pendapatan_kotor: 261.415 → Rp 3,921,225
2025-12-11 05:44:25,610 - etl.transform.transform_sales - INFO -    persentase_gross_margin: 4761904762.00% (kept as percentage)
2025-12-11 05:44:25,611 - etl.transform.transform_sales - INFO - RULE 1-5: Data Type Conversion
2025-12-11 05:44:25,620 - etl.transform.transform_sales - INFO - RULE 6-10: Handle Missing Values
2025-12-11 05:44:25,626 - etl.transform.transform_sales - INFO - RULE 11-15: Data Cleaning
2025-12-11 05:44:25,634 - etl.transform.transform_sales - INFO - RULE 16-20: Standardization
2025-12-11 05:44:25,643 - etl.transform.transform_sales - INFO - RULE 21-25: Calculate Derived Fields
2025-12-11 05:44:25,651 - etl.transform.transform_sales - INFO - RULE 26-30: Validation & Quality Checks
2025-12-11 05:44:25,658 - etl.transform.transform_sales - INFO - RULE 31-35: Business Logic & Categorization
2025-12-11 05:44:25,677 - etl.transform.transform_sales - INFO - RULE 36-40: Final Cleaning & Outlier Removal
2025-12-11 05:44:25,685 - etl.transform.transform_sales - INFO - [OK] Transformation complete!
2025-12-11 05:44:25,686 - etl.transform.transform_sales - INFO -    Initial rows: 1000
2025-12-11 05:44:25,687 - etl.transform.transform_sales - INFO -    Final rows: 991
2025-12-11 05:44:25,687 - etl.transform.transform_sales - INFO -    Removed: 9 (0.9%)
2025-12-11 05:44:25,688 - etl.transform.transform_sales - INFO -    Retention rate: 99.1%
2025-12-11 05:44:25,689 - etl.transform.transform_sales - INFO -    Currency converted: USD → IDR (rate: 15,000)
2025-12-11 05:44:25,689 - etl.transform.transform_sales - INFO - 
   SUMMARY STATISTICS (in IDR):
2025-12-11 05:44:25,690 - etl.transform.transform_sales - INFO -    - Total Revenue: Rp 4,502,404,650
2025-12-11 05:44:25,690 - etl.transform.transform_sales - INFO -    - Avg Transaction: Rp 4,543,294
2025-12-11 05:44:25,691 - etl.transform.transform_sales - INFO -    - Min Transaction: Rp 152,550
2025-12-11 05:44:25,692 - etl.transform.transform_sales - INFO -    - Max Transaction: Rp 14,895,000
2025-12-11 05:44:25,742 - etl.extract.extract_sales - INFO - [OK] Saved to staging file: /app/data/staging/staging_sales.csv
2025-12-11 05:44:25,742 - etl.extract.extract_sales - INFO - [OK] Extraction complete: 991 records ready
2025-12-11 05:44:25,743 - etl.extract.extract_sales - INFO - 
Loading sales data to staging_sales table...
2025-12-11 05:44:25,744 - etl.extract.extract_sales - INFO -    Records to load: 991
2025-12-11 05:44:25,745 - etl.extract.extract_sales - INFO -    Truncating staging_sales table...
2025-12-11 05:44:25,888 - etl.extract.extract_sales - INFO -    Original shape: (991, 17)
2025-12-11 05:44:25,888 - etl.extract.extract_sales - INFO -    Original columns: ['id_invoice', 'cabang', 'kota', 'tipe_customer', 'jenis_kelamin', 'kategori_produk', 'harga_satuan', 'jumlah', 'pajak_5_persen', 'tanggal', 'waktu', 'metode_pembayaran', 'total_penjualan_sebelum_pajak', 'persentase_gross_margin', 'pendapatan_kotor', 'rating', 'load_timestamp']
2025-12-11 05:44:25,890 - etl.extract.extract_sales - INFO -    Clean shape: (991, 17)
2025-12-11 05:44:25,892 - etl.extract.extract_sales - INFO -    Clean columns: ['id_invoice', 'cabang', 'kota', 'tipe_customer', 'jenis_kelamin', 'kategori_produk', 'harga_satuan', 'jumlah', 'pajak_5_persen', 'tanggal', 'waktu', 'metode_pembayaran', 'total_penjualan_sebelum_pajak', 'persentase_gross_margin', 'pendapatan_kotor', 'rating', 'load_timestamp']
2025-12-11 05:44:25,897 - etl.extract.extract_sales - INFO -    Loading data in 10 chunks of 100 rows...
2025-12-11 05:44:26,042 - etl.extract.extract_sales - INFO -    ✓ Chunk 1/10 loaded (100 rows, total: 100)
2025-12-11 05:44:26,124 - etl.extract.extract_sales - INFO -    ✓ Chunk 2/10 loaded (100 rows, total: 200)
2025-12-11 05:44:26,212 - etl.extract.extract_sales - INFO -    ✓ Chunk 3/10 loaded (100 rows, total: 300)
2025-12-11 05:44:26,290 - etl.extract.extract_sales - INFO -    ✓ Chunk 4/10 loaded (100 rows, total: 400)
2025-12-11 05:44:26,341 - etl.extract.extract_sales - INFO -    ✓ Chunk 5/10 loaded (100 rows, total: 500)
2025-12-11 05:44:26,435 - etl.extract.extract_sales - INFO -    ✓ Chunk 6/10 loaded (100 rows, total: 600)
2025-12-11 05:44:26,490 - etl.extract.extract_sales - INFO -    ✓ Chunk 7/10 loaded (100 rows, total: 700)
2025-12-11 05:44:26,532 - etl.extract.extract_sales - INFO -    ✓ Chunk 8/10 loaded (100 rows, total: 800)
2025-12-11 05:44:26,757 - etl.extract.extract_sales - INFO -    ✓ Chunk 9/10 loaded (100 rows, total: 900)
2025-12-11 05:44:26,806 - etl.extract.extract_sales - INFO -    ✓ Chunk 10/10 loaded (91 rows, total: 991)
2025-12-11 05:44:26,807 - etl.extract.extract_sales - INFO - [OK] Successfully loaded 991 rows to staging_sales
2025-12-11 05:44:26,814 - etl.extract.extract_sales - INFO - [OK] Verified staging_sales row count: 991
2025-12-11 05:44:26,818 - etl.extract.extract_sales - INFO - [OK] Stats: Rows=991, Avg=Rp 4,543,294, Min=Rp 152,550, Max=Rp 14,895,000
2025-12-11 05:44:26,820 - __main__ - INFO - Extracting HR Data...
2025-12-11 05:44:26,821 - etl.extract.extract_hr - INFO - Starting HR data extraction...
2025-12-11 05:44:26,821 - etl.extract.extract_hr - INFO - Reading file: /app/data/raw/HRDataset.csv
2025-12-11 05:44:26,863 - etl.extract.extract_hr - INFO - [OK] Loaded 311 rows from HRDataset.csv
2025-12-11 05:44:26,863 - etl.extract.extract_hr - INFO -    Columns: 36
2025-12-11 05:44:26,865 - etl.extract.extract_hr - INFO -    Converting date column: dob
2025-12-11 05:44:26,868 - etl.extract.extract_hr - INFO -    Converting date column: dateofhire
2025-12-11 05:44:26,870 - etl.extract.extract_hr - INFO -    Converting date column: dateoftermination
2025-12-11 05:44:26,873 - etl.extract.extract_hr - INFO -    Converting date column: lastperformancereview_date
2025-12-11 05:44:26,922 - etl.extract.extract_hr - INFO - [OK] Saved to staging file: /app/data/staging/staging_hr.csv
2025-12-11 05:44:26,922 - etl.extract.extract_hr - INFO - [OK] Extraction complete: 311 records ready
2025-12-11 05:44:26,923 - etl.extract.extract_hr - INFO - Loading HR data to staging_hr table...
2025-12-11 05:44:26,924 - etl.extract.extract_hr - INFO -    Records to load: 311
2025-12-11 05:44:26,925 - etl.extract.extract_hr - INFO -    Truncating staging_hr table...
2025-12-11 05:44:27,013 - etl.extract.extract_hr - INFO -    Loading rows individually...
2025-12-11 05:44:28,673 - etl.extract.extract_hr - INFO -    Progress: 50/311 rows loaded
2025-12-11 05:44:32,096 - etl.extract.extract_hr - INFO -    Progress: 100/311 rows loaded
2025-12-11 05:44:34,707 - etl.extract.extract_hr - INFO -    Progress: 150/311 rows loaded
2025-12-11 05:44:37,430 - etl.extract.extract_hr - INFO -    Progress: 200/311 rows loaded
2025-12-11 05:44:38,595 - etl.extract.extract_hr - INFO -    Progress: 250/311 rows loaded
2025-12-11 05:44:39,859 - etl.extract.extract_hr - INFO -    Progress: 300/311 rows loaded
2025-12-11 05:44:40,045 - etl.extract.extract_hr - INFO -    Progress: 311/311 rows loaded
2025-12-11 05:44:40,046 - etl.extract.extract_hr - INFO - [OK] Successfully loaded 311 rows
2025-12-11 05:44:40,052 - etl.extract.extract_hr - INFO - [OK] Verified row count: 311
2025-12-11 05:44:40,053 - __main__ - INFO - Extracting Marketing Data...
2025-12-11 05:44:40,054 - etl.extract.extract_marketing - INFO - Starting marketing data extraction...
2025-12-11 05:44:40,054 - etl.extract.extract_marketing - INFO - Reading file: /app/data/raw/marketing_campaign.csv
2025-12-11 05:44:40,055 - etl.extract.extract_marketing - INFO -    Trying delimiter: '	'
2025-12-11 05:44:40,075 - etl.extract.extract_marketing - WARNING -    Failed: only 1 columns detected
2025-12-11 05:44:40,075 - etl.extract.extract_marketing - INFO -    Trying delimiter: ';'
2025-12-11 05:44:40,101 - etl.extract.extract_marketing - INFO -    [OK] Successfully read with delimiter ';'
2025-12-11 05:44:40,101 - etl.extract.extract_marketing - INFO -    Columns detected: 29
2025-12-11 05:44:40,101 - etl.extract.extract_marketing - INFO - [OK] Loaded 1000 rows from marketing_campaign.csv
2025-12-11 05:44:40,102 - etl.extract.extract_marketing - INFO -    Columns: ['ID', 'Year_Birth', 'Education', 'Marital_Status', 'Income']... (29 total)
2025-12-11 05:44:40,103 - etl.extract.extract_marketing - INFO -    Converting date column: dt_customer
2025-12-11 05:44:40,172 - etl.extract.extract_marketing - INFO - [OK] Saved to staging file: /app/data/staging/staging_marketing.csv
2025-12-11 05:44:40,172 - etl.extract.extract_marketing - INFO - [OK] Extraction complete: 1000 records ready
2025-12-11 05:44:40,173 - etl.extract.extract_marketing - INFO - Loading marketing data to staging_marketing table...
2025-12-11 05:44:40,173 - etl.extract.extract_marketing - INFO -    Records to load: 1000
2025-12-11 05:44:40,174 - etl.extract.extract_marketing - INFO -    Dropping and recreating staging_marketing table...
2025-12-11 05:44:40,262 - etl.extract.extract_marketing - INFO -    Loading data with auto-schema detection...
2025-12-11 05:44:40,785 - etl.extract.extract_marketing - INFO - [OK] Successfully loaded 1000 rows
2025-12-11 05:44:40,792 - etl.extract.extract_marketing - INFO - [OK] Verified row count: 1000
2025-12-11 05:44:40,794 - __main__ - INFO - [OK] Extract phase completed!
2025-12-11 05:44:40,794 - __main__ - INFO - 
2025-12-11 05:44:40,794 - __main__ - INFO - STEP 3: TRANSFORM PHASE
2025-12-11 05:44:40,794 - __main__ - INFO - --------------------------------------------------------------------------------
2025-12-11 05:44:40,794 - __main__ - INFO - Transformation rules will be applied during load phase
2025-12-11 05:44:40,795 - __main__ - INFO - [OK] 40 transformation rules ready
2025-12-11 05:44:40,795 - __main__ - INFO - 
2025-12-11 05:44:40,795 - __main__ - INFO - STEP 4: LOAD DIMENSIONS
2025-12-11 05:44:40,795 - __main__ - INFO - --------------------------------------------------------------------------------
2025-12-11 05:44:40,800 - etl.load.load_dimensions - INFO - ======================================================================
2025-12-11 05:44:40,800 - etl.load.load_dimensions - INFO - STARTING DIMENSION LOAD PROCESS
2025-12-11 05:44:40,801 - etl.load.load_dimensions - INFO - ======================================================================
2025-12-11 05:44:40,801 - etl.load.load_dimensions - INFO - Loading dim_produk...
2025-12-11 05:44:40,909 - etl.load.load_dimensions - INFO - [OK] Loaded 6 products to dim_produk
2025-12-11 05:44:40,910 - etl.load.load_dimensions - INFO - Loading dim_customer...
2025-12-11 05:44:41,075 - etl.load.load_dimensions - INFO -    Truncated dim_customer table
2025-12-11 05:44:41,133 - etl.load.load_dimensions - INFO -    Loaded chunk 1: 50 rows (Total: 50/1000)
2025-12-11 05:44:41,148 - etl.load.load_dimensions - INFO -    Loaded chunk 2: 50 rows (Total: 100/1000)
2025-12-11 05:44:41,161 - etl.load.load_dimensions - INFO -    Loaded chunk 3: 50 rows (Total: 150/1000)
2025-12-11 05:44:41,176 - etl.load.load_dimensions - INFO -    Loaded chunk 4: 50 rows (Total: 200/1000)
2025-12-11 05:44:41,190 - etl.load.load_dimensions - INFO -    Loaded chunk 5: 50 rows (Total: 250/1000)
2025-12-11 05:44:41,204 - etl.load.load_dimensions - INFO -    Loaded chunk 6: 50 rows (Total: 300/1000)
2025-12-11 05:44:41,218 - etl.load.load_dimensions - INFO -    Loaded chunk 7: 50 rows (Total: 350/1000)
2025-12-11 05:44:41,233 - etl.load.load_dimensions - INFO -    Loaded chunk 8: 50 rows (Total: 400/1000)
2025-12-11 05:44:41,249 - etl.load.load_dimensions - INFO -    Loaded chunk 9: 50 rows (Total: 450/1000)
2025-12-11 05:44:41,266 - etl.load.load_dimensions - INFO -    Loaded chunk 10: 50 rows (Total: 500/1000)
2025-12-11 05:44:41,284 - etl.load.load_dimensions - INFO -    Loaded chunk 11: 50 rows (Total: 550/1000)
2025-12-11 05:44:41,303 - etl.load.load_dimensions - INFO -    Loaded chunk 12: 50 rows (Total: 600/1000)
2025-12-11 05:44:41,318 - etl.load.load_dimensions - INFO -    Loaded chunk 13: 50 rows (Total: 650/1000)
2025-12-11 05:44:41,335 - etl.load.load_dimensions - INFO -    Loaded chunk 14: 50 rows (Total: 700/1000)
2025-12-11 05:44:41,352 - etl.load.load_dimensions - INFO -    Loaded chunk 15: 50 rows (Total: 750/1000)
2025-12-11 05:44:41,370 - etl.load.load_dimensions - INFO -    Loaded chunk 16: 50 rows (Total: 800/1000)
2025-12-11 05:44:41,386 - etl.load.load_dimensions - INFO -    Loaded chunk 17: 50 rows (Total: 850/1000)
2025-12-11 05:44:41,403 - etl.load.load_dimensions - INFO -    Loaded chunk 18: 50 rows (Total: 900/1000)
2025-12-11 05:44:41,419 - etl.load.load_dimensions - INFO -    Loaded chunk 19: 50 rows (Total: 950/1000)
2025-12-11 05:44:41,436 - etl.load.load_dimensions - INFO -    Loaded chunk 20: 50 rows (Total: 1000/1000)
2025-12-11 05:44:41,437 - etl.load.load_dimensions - INFO - [OK] Successfully loaded 1000 customers to dim_customer
2025-12-11 05:44:41,438 - etl.load.load_dimensions - INFO - Loading dim_employee...
2025-12-11 05:44:41,506 - etl.load.load_dimensions - INFO -    Truncated dim_employee table
2025-12-11 05:44:41,535 - etl.load.load_dimensions - INFO -    Loaded 25/311 employees...
2025-12-11 05:44:41,547 - etl.load.load_dimensions - INFO -    Loaded 50/311 employees...
2025-12-11 05:44:41,558 - etl.load.load_dimensions - INFO -    Loaded 75/311 employees...
2025-12-11 05:44:41,569 - etl.load.load_dimensions - INFO -    Loaded 100/311 employees...
2025-12-11 05:44:41,580 - etl.load.load_dimensions - INFO -    Loaded 125/311 employees...
2025-12-11 05:44:41,591 - etl.load.load_dimensions - INFO -    Loaded 150/311 employees...
2025-12-11 05:44:41,601 - etl.load.load_dimensions - INFO -    Loaded 175/311 employees...
2025-12-11 05:44:41,612 - etl.load.load_dimensions - INFO -    Loaded 200/311 employees...
2025-12-11 05:44:41,622 - etl.load.load_dimensions - INFO -    Loaded 225/311 employees...
2025-12-11 05:44:41,633 - etl.load.load_dimensions - INFO -    Loaded 250/311 employees...
2025-12-11 05:44:41,645 - etl.load.load_dimensions - INFO -    Loaded 275/311 employees...
2025-12-11 05:44:41,656 - etl.load.load_dimensions - INFO -    Loaded 300/311 employees...
2025-12-11 05:44:41,664 - etl.load.load_dimensions - INFO -    Loaded 311/311 employees...
2025-12-11 05:44:41,665 - etl.load.load_dimensions - INFO - [OK] Successfully loaded 311 employees to dim_employee
2025-12-11 05:44:41,666 - etl.load.load_dimensions - INFO - Verifying dimension tables...
2025-12-11 05:44:41,727 - etl.load.load_dimensions - INFO - ======================================================================
2025-12-11 05:44:41,727 - etl.load.load_dimensions - INFO - [OK] ALL DIMENSIONS LOADED SUCCESSFULLY!
2025-12-11 05:44:41,727 - etl.load.load_dimensions - INFO - Total time: 0.93 seconds
2025-12-11 05:44:41,727 - etl.load.load_dimensions - INFO - ======================================================================
2025-12-11 05:44:41,728 - __main__ - INFO - 
2025-12-11 05:44:41,728 - __main__ - INFO - STEP 5: LOAD FACT TABLES
2025-12-11 05:44:41,728 - __main__ - INFO - --------------------------------------------------------------------------------
2025-12-11 05:44:41,729 - etl.load.load_facts - INFO - ======================================================================
2025-12-11 05:44:41,730 - etl.load.load_facts - INFO - STARTING FACT TABLES LOAD PROCESS
2025-12-11 05:44:41,730 - etl.load.load_facts - INFO - ======================================================================
2025-12-11 05:44:41,730 - etl.load.load_facts - INFO - Loading fact_sales...
2025-12-11 05:44:41,786 - etl.load.load_facts - INFO -    Truncated fact_sales table
2025-12-11 05:44:41,790 - etl.load.load_facts - INFO -    Debug - Sample data: [(datetime.date(2019, 1, 5), 'Skincare', 'Banjarmasin', 'Ewallet'), (datetime.date(2019, 3, 8), 'Make Up', 'Banjarbaru', 'Cash'), (datetime.date(2019, 3, 3), 'Body Care', 'Banjarmasin', 'Credit card')]
2025-12-11 05:44:41,862 - etl.load.load_facts - INFO - [OK] Loaded 991 rows to fact_sales
2025-12-11 05:44:41,863 - etl.load.load_facts - INFO - Loading fact_marketing_response...
2025-12-11 05:44:42,021 - etl.load.load_facts - INFO -    Debug - Marketing: 1000 rows, dates: 2012-08-01 to 2014-06-29
2025-12-11 05:44:42,021 - etl.load.load_facts - INFO -    Debug - dim_tanggal: 4829 dates, range: 2006-01-09 to 2019-03-30
2025-12-11 05:44:42,021 - etl.load.load_facts - INFO -    Debug - Matching rows after JOIN: 1000
2025-12-11 05:44:42,047 - etl.load.load_facts - INFO - [OK] Loaded 1000 rows to fact_marketing_response
2025-12-11 05:44:42,048 - etl.load.load_facts - INFO - Loading fact_employee_performance...
2025-12-11 05:44:42,195 - etl.load.load_facts - INFO - [OK] Loaded 311 rows to fact_employee_performance
2025-12-11 05:44:42,195 - etl.load.load_facts - INFO - Verifying fact tables...
2025-12-11 05:44:42,266 - etl.load.load_facts - INFO - ======================================================================
2025-12-11 05:44:42,266 - etl.load.load_facts - INFO - [OK] ALL FACT TABLES LOADED SUCCESSFULLY!
2025-12-11 05:44:42,266 - etl.load.load_facts - INFO - Total time: 0.54 seconds
2025-12-11 05:44:42,267 - etl.load.load_facts - INFO - ======================================================================
2025-12-11 05:44:42,267 - __main__ - INFO - 
2025-12-11 05:44:42,267 - __main__ - INFO - STEP 6: EXPORT TO DATA LAKE
2025-12-11 05:44:42,268 - __main__ - INFO - --------------------------------------------------------------------------------
2025-12-11 05:44:42,268 - __main__ - INFO - Bronze Layer: Raw files already in data/lake/raw/
2025-12-11 05:44:42,268 - __main__ - INFO - Exporting to Silver Layer (Processed)...
2025-12-11 05:44:42,271 - etl.export_to_silver_layer - INFO -   → cleaned_sales.parquet
2025-12-11 05:44:42,472 - etl.export_to_silver_layer - INFO -      Exported 991 rows
2025-12-11 05:44:42,473 - etl.export_to_silver_layer - INFO -   → cleaned_hr.parquet
2025-12-11 05:44:42,529 - etl.export_to_silver_layer - INFO -      Exported 311 rows
2025-12-11 05:44:42,529 - etl.export_to_silver_layer - INFO -   → cleaned_marketing.parquet
2025-12-11 05:44:42,616 - etl.export_to_silver_layer - INFO -      Exported 1000 rows
2025-12-11 05:44:42,619 - etl.export_to_silver_layer - INFO - ✅ Silver layer: 3 files created in data/lake/processed
2025-12-11 05:44:42,620 - __main__ - INFO - ✅ Silver layer export completed
2025-12-11 05:44:42,620 - __main__ - INFO - Exporting to Gold Layer (Curated)...
2025-12-11 05:44:42,622 - etl.export_to_gold_layer - INFO -   → sales_metrics_daily.parquet
2025-12-11 05:44:42,745 - etl.export_to_gold_layer - INFO -      Exported 263 rows
2025-12-11 05:44:42,746 - etl.export_to_gold_layer - INFO -   → product_performance.parquet
2025-12-11 05:44:42,789 - etl.export_to_gold_layer - INFO -      Exported 6 rows
2025-12-11 05:44:42,790 - etl.export_to_gold_layer - INFO -   → branch_performance.parquet
2025-12-11 05:44:42,864 - etl.export_to_gold_layer - INFO -      Exported 3 rows
2025-12-11 05:44:42,865 - etl.export_to_gold_layer - INFO -   → payment_analysis.parquet
2025-12-11 05:44:42,918 - etl.export_to_gold_layer - INFO -      Exported 3 rows
2025-12-11 05:44:42,918 - etl.export_to_gold_layer - INFO -   → customer_demographics.parquet
2025-12-11 05:44:42,959 - etl.export_to_gold_layer - INFO -      Exported 4 rows
2025-12-11 05:44:42,959 - etl.export_to_gold_layer - INFO -   → sales_time_patterns.parquet
2025-12-11 05:44:42,991 - etl.export_to_gold_layer - INFO -      Exported 11 rows
2025-12-11 05:44:42,995 - etl.export_to_gold_layer - INFO - ✅ Gold layer: 6 files created in data/lake/curated
2025-12-11 05:44:42,995 - __main__ - INFO - ✅ Gold layer export completed
2025-12-11 05:44:42,995 - __main__ - INFO - [OK] Data Lake export phase completed!
2025-12-11 05:44:42,995 - __main__ - INFO - 
2025-12-11 05:44:42,995 - __main__ - INFO - STEP 7: DATA VERIFICATION
2025-12-11 05:44:42,996 - __main__ - INFO - --------------------------------------------------------------------------------
2025-12-11 05:44:43,669 - __main__ - INFO - 
Data Warehouse Row Counts:
2025-12-11 05:44:43,670 - __main__ - INFO - 
               table_name  row_count
               dim_cabang          3
             dim_customer       1000
             dim_employee        311
              dim_payment          6
               dim_produk         13
              dim_tanggal       4829
fact_employee_performance        311
  fact_marketing_response       1000
               fact_sales        991
2025-12-11 05:44:43,670 - __main__ - INFO - 
Data Lake Status:
2025-12-11 05:44:43,676 - __main__ - INFO -   Bronze Layer: 3 files
2025-12-11 05:44:43,677 - __main__ - INFO -   Silver Layer: 3 files
2025-12-11 05:44:43,677 - __main__ - INFO -   Gold Layer: 6 files
2025-12-11 05:44:43,677 - __main__ - INFO - 
2025-12-11 05:44:43,677 - __main__ - INFO - ================================================================================
2025-12-11 05:44:43,677 - __main__ - INFO - [OK] ETL PIPELINE COMPLETED SUCCESSFULLY!
2025-12-11 05:44:43,678 - __main__ - INFO - ================================================================================
2025-12-11 05:44:43,678 - __main__ - INFO - Log file: logs/etl_pipeline_20251211_054424.log
2025-12-11 05:44:43,678 - __main__ - INFO - Duration: 19.58 seconds
2025-12-11 05:44:43,678 - __main__ - INFO - Completed at: 2025-12-11 05:44:43
2025-12-11 05:44:43,678 - __main__ - INFO - ================================================================================
