2025-12-09 00:26:36,352 - __main__ - INFO - ================================================================================
2025-12-09 00:26:36,353 - __main__ - INFO - NOURISH BEAUTY DATA WAREHOUSE - ETL PIPELINE
2025-12-09 00:26:36,353 - __main__ - INFO -    Author: Raudatul Sholehah - 2310817220002
2025-12-09 00:26:36,353 - __main__ - INFO -    Date: 2025-12-09 00:26:36
2025-12-09 00:26:36,354 - __main__ - INFO - ================================================================================
2025-12-09 00:26:36,354 - __main__ - INFO - 
2025-12-09 00:26:36,354 - __main__ - INFO - STEP 1: Testing Database Connection
2025-12-09 00:26:36,355 - __main__ - INFO - --------------------------------------------------------------------------------
2025-12-09 00:26:36,715 - __main__ - INFO - 
2025-12-09 00:26:36,715 - __main__ - INFO - STEP 2: EXTRACT PHASE
2025-12-09 00:26:36,715 - __main__ - INFO - --------------------------------------------------------------------------------
2025-12-09 00:26:37,172 - __main__ - INFO - Extracting Sales Data...
2025-12-09 00:26:37,172 - etl.extract.extract_sales - INFO - Starting sales data extraction...
2025-12-09 00:26:37,173 - etl.extract.extract_sales - INFO - Reading file: /app/data/raw/SuperMarket-Analysis-penjualan.csv
2025-12-09 00:26:37,181 - etl.extract.extract_sales - INFO - [OK] Loaded 1000 rows from SuperMarket-Analysis-penjualan.csv
2025-12-09 00:26:37,181 - etl.extract.extract_sales - INFO - Applying transformations...
2025-12-09 00:26:37,181 - etl.transform.transform_sales - INFO - Applying 40 transformation rules to sales data...
2025-12-09 00:26:37,182 - etl.transform.transform_sales - INFO -    Initial row count: 1000
2025-12-09 00:26:37,182 - etl.transform.transform_sales - INFO - RULE 0: Pre-cleaning Indonesian number format & USD to IDR conversion...
2025-12-09 00:26:37,183 - etl.transform.transform_sales - INFO -    ✓ Detected USD format (avg: $307.59)
2025-12-09 00:26:37,184 - etl.transform.transform_sales - INFO -    harga_satuan: 74.69 → Rp 1,120,350
2025-12-09 00:26:37,185 - etl.transform.transform_sales - INFO -    pajak_5_persen: 261.415 → Rp 3,921,225
2025-12-09 00:26:37,185 - etl.transform.transform_sales - INFO -    total_penjualan_sebelum_pajak: 522.83 → Rp 7,842,450
2025-12-09 00:26:37,188 - etl.transform.transform_sales - INFO -    pendapatan_kotor: 261.415 → Rp 3,921,225
2025-12-09 00:26:37,188 - etl.transform.transform_sales - INFO -    persentase_gross_margin: 4761904762.00% (kept as percentage)
2025-12-09 00:26:37,189 - etl.transform.transform_sales - INFO - RULE 1-5: Data Type Conversion
2025-12-09 00:26:37,191 - etl.transform.transform_sales - INFO - RULE 6-10: Handle Missing Values
2025-12-09 00:26:37,194 - etl.transform.transform_sales - INFO - RULE 11-15: Data Cleaning
2025-12-09 00:26:37,198 - etl.transform.transform_sales - INFO - RULE 16-20: Standardization
2025-12-09 00:26:37,201 - etl.transform.transform_sales - INFO - RULE 21-25: Calculate Derived Fields
2025-12-09 00:26:37,203 - etl.transform.transform_sales - INFO - RULE 26-30: Validation & Quality Checks
2025-12-09 00:26:37,206 - etl.transform.transform_sales - INFO - RULE 31-35: Business Logic & Categorization
2025-12-09 00:26:37,212 - etl.transform.transform_sales - INFO - RULE 36-40: Final Cleaning & Outlier Removal
2025-12-09 00:26:37,216 - etl.transform.transform_sales - INFO - [OK] Transformation complete!
2025-12-09 00:26:37,218 - etl.transform.transform_sales - INFO -    Initial rows: 1000
2025-12-09 00:26:37,218 - etl.transform.transform_sales - INFO -    Final rows: 991
2025-12-09 00:26:37,218 - etl.transform.transform_sales - INFO -    Removed: 9 (0.9%)
2025-12-09 00:26:37,219 - etl.transform.transform_sales - INFO -    Retention rate: 99.1%
2025-12-09 00:26:37,219 - etl.transform.transform_sales - INFO -    Currency converted: USD → IDR (rate: 15,000)
2025-12-09 00:26:37,219 - etl.transform.transform_sales - INFO - 
   SUMMARY STATISTICS (in IDR):
2025-12-09 00:26:37,220 - etl.transform.transform_sales - INFO -    - Total Revenue: Rp 4,502,404,650
2025-12-09 00:26:37,220 - etl.transform.transform_sales - INFO -    - Avg Transaction: Rp 4,543,294
2025-12-09 00:26:37,220 - etl.transform.transform_sales - INFO -    - Min Transaction: Rp 152,550
2025-12-09 00:26:37,221 - etl.transform.transform_sales - INFO -    - Max Transaction: Rp 14,895,000
2025-12-09 00:26:37,239 - etl.extract.extract_sales - INFO - [OK] Saved to staging file: /app/data/staging/staging_sales.csv
2025-12-09 00:26:37,240 - etl.extract.extract_sales - INFO - [OK] Extraction complete: 991 records ready
2025-12-09 00:26:37,240 - etl.extract.extract_sales - INFO - 
Loading sales data to staging_sales table...
2025-12-09 00:26:37,240 - etl.extract.extract_sales - INFO -    Records to load: 991
2025-12-09 00:26:37,241 - etl.extract.extract_sales - INFO -    Truncating staging_sales table...
2025-12-09 00:26:37,295 - etl.extract.extract_sales - INFO -    Original shape: (991, 17)
2025-12-09 00:26:37,296 - etl.extract.extract_sales - INFO -    Original columns: ['id_invoice', 'cabang', 'kota', 'tipe_customer', 'jenis_kelamin', 'kategori_produk', 'harga_satuan', 'jumlah', 'pajak_5_persen', 'tanggal', 'waktu', 'metode_pembayaran', 'total_penjualan_sebelum_pajak', 'persentase_gross_margin', 'pendapatan_kotor', 'rating', 'load_timestamp']
2025-12-09 00:26:37,297 - etl.extract.extract_sales - INFO -    Clean shape: (991, 17)
2025-12-09 00:26:37,297 - etl.extract.extract_sales - INFO -    Clean columns: ['id_invoice', 'cabang', 'kota', 'tipe_customer', 'jenis_kelamin', 'kategori_produk', 'harga_satuan', 'jumlah', 'pajak_5_persen', 'tanggal', 'waktu', 'metode_pembayaran', 'total_penjualan_sebelum_pajak', 'persentase_gross_margin', 'pendapatan_kotor', 'rating', 'load_timestamp']
2025-12-09 00:26:37,300 - etl.extract.extract_sales - INFO -    Loading data in 10 chunks of 100 rows...
2025-12-09 00:26:37,347 - etl.extract.extract_sales - INFO -    ✓ Chunk 1/10 loaded (100 rows, total: 100)
2025-12-09 00:26:37,383 - etl.extract.extract_sales - INFO -    ✓ Chunk 2/10 loaded (100 rows, total: 200)
2025-12-09 00:26:37,420 - etl.extract.extract_sales - INFO -    ✓ Chunk 3/10 loaded (100 rows, total: 300)
2025-12-09 00:26:37,456 - etl.extract.extract_sales - INFO -    ✓ Chunk 4/10 loaded (100 rows, total: 400)
2025-12-09 00:26:37,491 - etl.extract.extract_sales - INFO -    ✓ Chunk 5/10 loaded (100 rows, total: 500)
2025-12-09 00:26:37,524 - etl.extract.extract_sales - INFO -    ✓ Chunk 6/10 loaded (100 rows, total: 600)
2025-12-09 00:26:37,558 - etl.extract.extract_sales - INFO -    ✓ Chunk 7/10 loaded (100 rows, total: 700)
2025-12-09 00:26:37,590 - etl.extract.extract_sales - INFO -    ✓ Chunk 8/10 loaded (100 rows, total: 800)
2025-12-09 00:26:37,648 - etl.extract.extract_sales - INFO -    ✓ Chunk 9/10 loaded (100 rows, total: 900)
2025-12-09 00:26:37,680 - etl.extract.extract_sales - INFO -    ✓ Chunk 10/10 loaded (91 rows, total: 991)
2025-12-09 00:26:37,680 - etl.extract.extract_sales - INFO - [OK] Successfully loaded 991 rows to staging_sales
2025-12-09 00:26:37,682 - etl.extract.extract_sales - INFO - [OK] Verified staging_sales row count: 991
2025-12-09 00:26:37,684 - etl.extract.extract_sales - INFO - [OK] Stats: Rows=991, Avg=Rp 4,543,294, Min=Rp 152,550, Max=Rp 14,895,000
2025-12-09 00:26:37,685 - __main__ - INFO - Extracting HR Data...
2025-12-09 00:26:37,686 - etl.extract.extract_hr - INFO - Starting HR data extraction...
2025-12-09 00:26:37,686 - etl.extract.extract_hr - INFO - Reading file: /app/data/raw/HRDataset.csv
2025-12-09 00:26:37,698 - etl.extract.extract_hr - INFO - [OK] Loaded 311 rows from HRDataset.csv
2025-12-09 00:26:37,699 - etl.extract.extract_hr - INFO -    Columns: 36
2025-12-09 00:26:37,700 - etl.extract.extract_hr - INFO -    Converting date column: dob
2025-12-09 00:26:37,703 - etl.extract.extract_hr - INFO -    Converting date column: dateofhire
2025-12-09 00:26:37,705 - etl.extract.extract_hr - INFO -    Converting date column: dateoftermination
2025-12-09 00:26:37,708 - etl.extract.extract_hr - INFO -    Converting date column: lastperformancereview_date
2025-12-09 00:26:37,729 - etl.extract.extract_hr - INFO - [OK] Saved to staging file: /app/data/staging/staging_hr.csv
2025-12-09 00:26:37,729 - etl.extract.extract_hr - INFO - [OK] Extraction complete: 311 records ready
2025-12-09 00:26:37,730 - etl.extract.extract_hr - INFO - Loading HR data to staging_hr table...
2025-12-09 00:26:37,730 - etl.extract.extract_hr - INFO -    Records to load: 311
2025-12-09 00:26:37,731 - etl.extract.extract_hr - INFO -    Truncating staging_hr table...
2025-12-09 00:26:37,786 - etl.extract.extract_hr - INFO -    Loading rows individually...
2025-12-09 00:26:38,456 - etl.extract.extract_hr - INFO -    Progress: 50/311 rows loaded
2025-12-09 00:26:39,180 - etl.extract.extract_hr - INFO -    Progress: 100/311 rows loaded
2025-12-09 00:26:40,078 - etl.extract.extract_hr - INFO -    Progress: 150/311 rows loaded
2025-12-09 00:26:40,902 - etl.extract.extract_hr - INFO -    Progress: 200/311 rows loaded
2025-12-09 00:26:41,854 - etl.extract.extract_hr - INFO -    Progress: 250/311 rows loaded
2025-12-09 00:26:42,678 - etl.extract.extract_hr - INFO -    Progress: 300/311 rows loaded
2025-12-09 00:26:42,824 - etl.extract.extract_hr - INFO -    Progress: 311/311 rows loaded
2025-12-09 00:26:42,825 - etl.extract.extract_hr - INFO - [OK] Successfully loaded 311 rows
2025-12-09 00:26:42,827 - etl.extract.extract_hr - INFO - [OK] Verified row count: 311
2025-12-09 00:26:42,828 - __main__ - INFO - Extracting Marketing Data...
2025-12-09 00:26:42,828 - etl.extract.extract_marketing - INFO - Starting marketing data extraction...
2025-12-09 00:26:42,828 - etl.extract.extract_marketing - INFO - Reading file: /app/data/raw/marketing_campaign.csv
2025-12-09 00:26:42,829 - etl.extract.extract_marketing - INFO -    Trying delimiter: '	'
2025-12-09 00:26:42,839 - etl.extract.extract_marketing - WARNING -    Failed: only 1 columns detected
2025-12-09 00:26:42,839 - etl.extract.extract_marketing - INFO -    Trying delimiter: ';'
2025-12-09 00:26:42,859 - etl.extract.extract_marketing - INFO -    [OK] Successfully read with delimiter ';'
2025-12-09 00:26:42,860 - etl.extract.extract_marketing - INFO -    Columns detected: 29
2025-12-09 00:26:42,860 - etl.extract.extract_marketing - INFO - [OK] Loaded 1000 rows from marketing_campaign.csv
2025-12-09 00:26:42,860 - etl.extract.extract_marketing - INFO -    Columns: ['ID', 'Year_Birth', 'Education', 'Marital_Status', 'Income']... (29 total)
2025-12-09 00:26:42,861 - etl.extract.extract_marketing - INFO -    Converting date column: dt_customer
2025-12-09 00:26:42,885 - etl.extract.extract_marketing - INFO - [OK] Saved to staging file: /app/data/staging/staging_marketing.csv
2025-12-09 00:26:42,886 - etl.extract.extract_marketing - INFO - [OK] Extraction complete: 1000 records ready
2025-12-09 00:26:42,886 - etl.extract.extract_marketing - INFO - Loading marketing data to staging_marketing table...
2025-12-09 00:26:42,886 - etl.extract.extract_marketing - INFO -    Records to load: 1000
2025-12-09 00:26:42,887 - etl.extract.extract_marketing - INFO -    Dropping and recreating staging_marketing table...
2025-12-09 00:26:42,942 - etl.extract.extract_marketing - INFO -    Loading data with auto-schema detection...
2025-12-09 00:26:43,385 - etl.extract.extract_marketing - INFO - [OK] Successfully loaded 1000 rows
2025-12-09 00:26:43,389 - etl.extract.extract_marketing - INFO - [OK] Verified row count: 1000
2025-12-09 00:26:43,390 - __main__ - INFO - [OK] Extract phase completed!
2025-12-09 00:26:43,390 - __main__ - INFO - 
2025-12-09 00:26:43,390 - __main__ - INFO - STEP 3: TRANSFORM PHASE
2025-12-09 00:26:43,390 - __main__ - INFO - --------------------------------------------------------------------------------
2025-12-09 00:26:43,390 - __main__ - INFO - Transformation rules will be applied during load phase
2025-12-09 00:26:43,391 - __main__ - INFO - [OK] 40 transformation rules ready
2025-12-09 00:26:43,391 - __main__ - INFO - 
2025-12-09 00:26:43,391 - __main__ - INFO - STEP 4: LOAD DIMENSIONS
2025-12-09 00:26:43,391 - __main__ - INFO - --------------------------------------------------------------------------------
2025-12-09 00:26:43,392 - etl.load.load_dimensions - INFO - ======================================================================
2025-12-09 00:26:43,392 - etl.load.load_dimensions - INFO - STARTING DIMENSION LOAD PROCESS
2025-12-09 00:26:43,393 - etl.load.load_dimensions - INFO - ======================================================================
2025-12-09 00:26:43,393 - etl.load.load_dimensions - INFO - Loading dim_produk...
2025-12-09 00:26:43,496 - etl.load.load_dimensions - INFO - [OK] Loaded 6 products to dim_produk
2025-12-09 00:26:43,497 - etl.load.load_dimensions - INFO - Loading dim_customer...
2025-12-09 00:26:43,675 - etl.load.load_dimensions - INFO -    Truncated dim_customer table
2025-12-09 00:26:43,741 - etl.load.load_dimensions - INFO -    Loaded chunk 1: 50 rows (Total: 50/1000)
2025-12-09 00:26:43,763 - etl.load.load_dimensions - INFO -    Loaded chunk 2: 50 rows (Total: 100/1000)
2025-12-09 00:26:43,782 - etl.load.load_dimensions - INFO -    Loaded chunk 3: 50 rows (Total: 150/1000)
2025-12-09 00:26:43,801 - etl.load.load_dimensions - INFO -    Loaded chunk 4: 50 rows (Total: 200/1000)
2025-12-09 00:26:43,817 - etl.load.load_dimensions - INFO -    Loaded chunk 5: 50 rows (Total: 250/1000)
2025-12-09 00:26:43,834 - etl.load.load_dimensions - INFO -    Loaded chunk 6: 50 rows (Total: 300/1000)
2025-12-09 00:26:43,849 - etl.load.load_dimensions - INFO -    Loaded chunk 7: 50 rows (Total: 350/1000)
2025-12-09 00:26:43,865 - etl.load.load_dimensions - INFO -    Loaded chunk 8: 50 rows (Total: 400/1000)
2025-12-09 00:26:43,882 - etl.load.load_dimensions - INFO -    Loaded chunk 9: 50 rows (Total: 450/1000)
2025-12-09 00:26:43,898 - etl.load.load_dimensions - INFO -    Loaded chunk 10: 50 rows (Total: 500/1000)
2025-12-09 00:26:43,916 - etl.load.load_dimensions - INFO -    Loaded chunk 11: 50 rows (Total: 550/1000)
2025-12-09 00:26:43,934 - etl.load.load_dimensions - INFO -    Loaded chunk 12: 50 rows (Total: 600/1000)
2025-12-09 00:26:43,953 - etl.load.load_dimensions - INFO -    Loaded chunk 13: 50 rows (Total: 650/1000)
2025-12-09 00:26:43,971 - etl.load.load_dimensions - INFO -    Loaded chunk 14: 50 rows (Total: 700/1000)
2025-12-09 00:26:43,990 - etl.load.load_dimensions - INFO -    Loaded chunk 15: 50 rows (Total: 750/1000)
2025-12-09 00:26:44,007 - etl.load.load_dimensions - INFO -    Loaded chunk 16: 50 rows (Total: 800/1000)
2025-12-09 00:26:44,024 - etl.load.load_dimensions - INFO -    Loaded chunk 17: 50 rows (Total: 850/1000)
2025-12-09 00:26:44,040 - etl.load.load_dimensions - INFO -    Loaded chunk 18: 50 rows (Total: 900/1000)
2025-12-09 00:26:44,056 - etl.load.load_dimensions - INFO -    Loaded chunk 19: 50 rows (Total: 950/1000)
2025-12-09 00:26:44,070 - etl.load.load_dimensions - INFO -    Loaded chunk 20: 50 rows (Total: 1000/1000)
2025-12-09 00:26:44,072 - etl.load.load_dimensions - INFO - [OK] Successfully loaded 1000 customers to dim_customer
2025-12-09 00:26:44,072 - etl.load.load_dimensions - INFO - Loading dim_employee...
2025-12-09 00:26:44,136 - etl.load.load_dimensions - INFO -    Truncated dim_employee table
2025-12-09 00:26:44,176 - etl.load.load_dimensions - INFO -    Loaded chunk 1: 50 rows (Total: 50/311)
2025-12-09 00:26:44,227 - etl.load.load_dimensions - INFO -    Loaded chunk 2: 50 rows (Total: 100/311)
2025-12-09 00:26:44,245 - etl.load.load_dimensions - INFO -    Loaded chunk 3: 50 rows (Total: 150/311)
2025-12-09 00:26:44,263 - etl.load.load_dimensions - INFO -    Loaded chunk 4: 50 rows (Total: 200/311)
2025-12-09 00:26:44,289 - etl.load.load_dimensions - INFO -    Loaded chunk 5: 50 rows (Total: 250/311)
2025-12-09 00:26:44,307 - etl.load.load_dimensions - INFO -    Loaded chunk 6: 50 rows (Total: 300/311)
2025-12-09 00:26:44,316 - etl.load.load_dimensions - INFO -    Loaded chunk 7: 11 rows (Total: 311/311)
2025-12-09 00:26:44,319 - etl.load.load_dimensions - INFO - [OK] Successfully loaded 311 employees to dim_employee
2025-12-09 00:26:44,320 - etl.load.load_dimensions - INFO - Verifying dimension tables...
2025-12-09 00:26:44,392 - etl.load.load_dimensions - INFO - ======================================================================
2025-12-09 00:26:44,393 - etl.load.load_dimensions - INFO - [OK] ALL DIMENSIONS LOADED SUCCESSFULLY!
2025-12-09 00:26:44,393 - etl.load.load_dimensions - INFO - Total time: 1.00 seconds
2025-12-09 00:26:44,393 - etl.load.load_dimensions - INFO - ======================================================================
2025-12-09 00:26:44,393 - __main__ - INFO - 
2025-12-09 00:26:44,393 - __main__ - INFO - STEP 5: LOAD FACT TABLES
2025-12-09 00:26:44,394 - __main__ - INFO - --------------------------------------------------------------------------------
2025-12-09 00:26:44,394 - etl.load.load_facts - INFO - ======================================================================
2025-12-09 00:26:44,394 - etl.load.load_facts - INFO - STARTING FACT TABLES LOAD PROCESS
2025-12-09 00:26:44,395 - etl.load.load_facts - INFO - ======================================================================
2025-12-09 00:26:44,395 - etl.load.load_facts - INFO - Loading fact_sales...
2025-12-09 00:26:44,629 - etl.load.load_facts - INFO - [OK] Loaded 991 rows to fact_sales
2025-12-09 00:26:44,630 - etl.load.load_facts - INFO - Loading fact_marketing_response...
2025-12-09 00:26:44,693 - etl.load.load_facts - INFO -    Debug - Marketing: 1000 rows, dates: 2012-08-01 to 2014-06-29
2025-12-09 00:26:44,693 - etl.load.load_facts - INFO -    Debug - dim_tanggal: 7305 dates, range: 2012-01-01 to 2031-12-31
2025-12-09 00:26:44,693 - etl.load.load_facts - INFO -    Debug - Matching rows after JOIN: 1000
2025-12-09 00:26:44,732 - etl.load.load_facts - INFO - [OK] Loaded 1000 rows to fact_marketing_response
2025-12-09 00:26:44,732 - etl.load.load_facts - INFO - Loading fact_employee_performance...
2025-12-09 00:26:44,803 - etl.load.load_facts - INFO - [OK] Loaded 306 rows to fact_employee_performance
2025-12-09 00:26:44,803 - etl.load.load_facts - INFO - Verifying fact tables...
2025-12-09 00:26:44,862 - etl.load.load_facts - INFO - ======================================================================
2025-12-09 00:26:44,862 - etl.load.load_facts - INFO - [OK] ALL FACT TABLES LOADED SUCCESSFULLY!
2025-12-09 00:26:44,862 - etl.load.load_facts - INFO - Total time: 0.47 seconds
2025-12-09 00:26:44,862 - etl.load.load_facts - INFO - ======================================================================
2025-12-09 00:26:44,863 - __main__ - INFO - 
2025-12-09 00:26:44,863 - __main__ - INFO - STEP 6: EXPORT TO DATA LAKE
2025-12-09 00:26:44,863 - __main__ - INFO - --------------------------------------------------------------------------------
2025-12-09 00:26:44,863 - __main__ - INFO - Bronze Layer: Raw files already in data/lake/raw/
2025-12-09 00:26:44,863 - __main__ - INFO - Exporting to Silver Layer (Processed)...
2025-12-09 00:26:44,866 - etl.export_to_silver_layer - INFO -   → cleaned_sales.parquet
2025-12-09 00:26:44,963 - etl.export_to_silver_layer - INFO -      Exported 991 rows
2025-12-09 00:26:44,963 - etl.export_to_silver_layer - INFO -   → cleaned_hr.parquet
2025-12-09 00:26:45,014 - etl.export_to_silver_layer - INFO -      Exported 311 rows
2025-12-09 00:26:45,015 - etl.export_to_silver_layer - INFO -   → cleaned_marketing.parquet
2025-12-09 00:26:45,068 - etl.export_to_silver_layer - INFO -      Exported 1000 rows
2025-12-09 00:26:45,072 - etl.export_to_silver_layer - INFO - ✅ Silver layer: 3 files created in data/lake/processed
2025-12-09 00:26:45,072 - __main__ - INFO - ✅ Silver layer export completed
2025-12-09 00:26:45,073 - __main__ - INFO - Exporting to Gold Layer (Curated)...
2025-12-09 00:26:45,077 - etl.export_to_gold_layer - INFO -   → sales_metrics_daily.parquet
2025-12-09 00:26:45,166 - etl.export_to_gold_layer - INFO -      Exported 263 rows
2025-12-09 00:26:45,168 - etl.export_to_gold_layer - INFO -   → product_performance.parquet
2025-12-09 00:26:45,197 - etl.export_to_gold_layer - INFO -      Exported 6 rows
2025-12-09 00:26:45,198 - etl.export_to_gold_layer - INFO -   → branch_performance.parquet
2025-12-09 00:26:45,218 - etl.export_to_gold_layer - INFO -      Exported 3 rows
2025-12-09 00:26:45,218 - etl.export_to_gold_layer - INFO -   → payment_analysis.parquet
2025-12-09 00:26:45,238 - etl.export_to_gold_layer - INFO -      Exported 3 rows
2025-12-09 00:26:45,238 - etl.export_to_gold_layer - INFO -   → customer_demographics.parquet
2025-12-09 00:26:45,260 - etl.export_to_gold_layer - INFO -      Exported 4 rows
2025-12-09 00:26:45,260 - etl.export_to_gold_layer - INFO -   → sales_time_patterns.parquet
2025-12-09 00:26:45,276 - etl.export_to_gold_layer - INFO -      Exported 11 rows
2025-12-09 00:26:45,280 - etl.export_to_gold_layer - INFO - ✅ Gold layer: 6 files created in data/lake/curated
2025-12-09 00:26:45,280 - __main__ - INFO - ✅ Gold layer export completed
2025-12-09 00:26:45,280 - __main__ - INFO - [OK] Data Lake export phase completed!
2025-12-09 00:26:45,280 - __main__ - INFO - 
2025-12-09 00:26:45,281 - __main__ - INFO - STEP 7: DATA VERIFICATION
2025-12-09 00:26:45,281 - __main__ - INFO - --------------------------------------------------------------------------------
2025-12-09 00:26:45,341 - __main__ - INFO - 
Data Warehouse Row Counts:
2025-12-09 00:26:45,342 - __main__ - INFO - 
               table_name  row_count
               dim_cabang          7
             dim_customer       1000
             dim_employee        311
              dim_payment          6
               dim_produk          6
              dim_tanggal       7305
fact_employee_performance        306
  fact_marketing_response       1000
               fact_sales        991
2025-12-09 00:26:45,343 - __main__ - INFO - 
Data Lake Status:
2025-12-09 00:26:45,352 - __main__ - INFO -   Bronze Layer: 3 files
2025-12-09 00:26:45,353 - __main__ - INFO -   Silver Layer: 3 files
2025-12-09 00:26:45,353 - __main__ - INFO -   Gold Layer: 6 files
2025-12-09 00:26:45,353 - __main__ - INFO - 
2025-12-09 00:26:45,353 - __main__ - INFO - ================================================================================
2025-12-09 00:26:45,354 - __main__ - INFO - [OK] ETL PIPELINE COMPLETED SUCCESSFULLY!
2025-12-09 00:26:45,354 - __main__ - INFO - ================================================================================
2025-12-09 00:26:45,354 - __main__ - INFO - Log file: logs/etl_pipeline_20251209_002636.log
2025-12-09 00:26:45,354 - __main__ - INFO - Duration: 9.00 seconds
2025-12-09 00:26:45,355 - __main__ - INFO - Completed at: 2025-12-09 00:26:45
2025-12-09 00:26:45,355 - __main__ - INFO - ================================================================================
