2025-12-04 08:36:40,655 - __main__ - INFO - ================================================================================
2025-12-04 08:36:40,655 - __main__ - INFO - NOURISH BEAUTY DATA WAREHOUSE - ETL PIPELINE
2025-12-04 08:36:40,655 - __main__ - INFO - ================================================================================
2025-12-04 08:36:40,655 - __main__ - INFO -    Author: Raudatul Sholehah - 2310817220002
2025-12-04 08:36:40,655 - __main__ - INFO -    Date: 2025-12-04 08:36:40
2025-12-04 08:36:40,655 - __main__ - INFO - ================================================================================
2025-12-04 08:36:40,670 - __main__ - INFO - 
2025-12-04 08:36:40,670 - __main__ - INFO - ================================================================================
2025-12-04 08:36:40,670 - __main__ - INFO - 
STEP 1: Testing Database Connection
2025-12-04 08:36:40,670 - __main__ - INFO - --------------------------------------------------------------------------------
2025-12-04 08:36:41,016 - __main__ - INFO - 
STEP 2: EXTRACT PHASE
2025-12-04 08:36:41,016 - __main__ - INFO - --------------------------------------------------------------------------------
2025-12-04 08:36:41,455 - __main__ - INFO - Extracting Sales Data...
2025-12-04 08:36:41,455 - etl.extract.extract_sales - INFO - 🔄 Starting sales data extraction...
2025-12-04 08:36:41,455 - etl.extract.extract_sales - INFO - ✅ Loaded 1002 rows from SuperMarket-Analysis-penjualan.csv
2025-12-04 08:36:41,455 - etl.extract.extract_sales - INFO -    Columns: ['id_invoice', 'cabang', 'kota', 'tipe_customer', 'jenis_kelamin', 'kategori_produk', 'harga_satuan', 'jumlah', 'pajak_5_persen', 'tanggal', 'waktu', 'metode_pembayaran', 'total_penjualan_sebelum_pajak', 'persentase_gross_margin', 'pendapatan_kotor', 'rating']
2025-12-04 08:36:41,482 - etl.extract.extract_sales - INFO - 💾 Saved to staging: D:\FILE SM 5\nourish-beauty-dwh-uiux\data\staging\staging_sales.csv
2025-12-04 08:36:41,482 - etl.extract.extract_sales - INFO - 🔄 Loading sales data to staging_sales table...
2025-12-04 08:36:41,482 - etl.extract.extract_sales - ERROR - ❌ Error loading to staging: Database configuration not found
2025-12-04 08:36:41,482 - __main__ - ERROR - 
================================================================================
2025-12-04 08:36:41,483 - __main__ - ERROR - ❌ ETL PIPELINE FAILED: Database configuration not found
2025-12-04 08:36:41,483 - __main__ - ERROR - ================================================================================
2025-12-04 08:36:41,487 - __main__ - ERROR - Traceback (most recent call last):
  File "D:\FILE SM 5\nourish-beauty-dwh-uiux\run_etl.py", line 95, in run_etl_pipeline
    load_sales_staging(df_sales)
  File "D:\FILE SM 5\nourish-beauty-dwh-uiux\etl\extract\extract_sales.py", line 85, in load_to_staging_db
    engine = get_engine()
             ^^^^^^^^^^^^
  File "D:\FILE SM 5\nourish-beauty-dwh-uiux\config\database_config.py", line 27, in get_engine
    raise ValueError("Database configuration not found")
ValueError: Database configuration not found

2025-12-04 08:36:41,487 - __main__ - ERROR - ⏱️  Failed after: 0.83 seconds
