2025-12-08 23:39:27,596 - __main__ - INFO - ================================================================================
2025-12-08 23:39:27,596 - __main__ - INFO - NOURISH BEAUTY DATA WAREHOUSE - ETL PIPELINE
2025-12-08 23:39:27,597 - __main__ - INFO -    Author: Raudatul Sholehah - 2310817220002
2025-12-08 23:39:27,597 - __main__ - INFO -    Date: 2025-12-08 23:39:27
2025-12-08 23:39:27,598 - __main__ - INFO - ================================================================================
2025-12-08 23:39:27,598 - __main__ - INFO - 
2025-12-08 23:39:27,598 - __main__ - INFO - STEP 1: Testing Database Connection
2025-12-08 23:39:27,599 - __main__ - INFO - --------------------------------------------------------------------------------
2025-12-08 23:39:27,833 - config.database_config - INFO - Testing database connection...
2025-12-08 23:39:27,833 - config.database_config - INFO -   Host: localhost
2025-12-08 23:39:27,834 - config.database_config - INFO -   Port: 5432
2025-12-08 23:39:27,834 - config.database_config - INFO -   Database: dw_nourish
2025-12-08 23:39:27,834 - config.database_config - INFO -   User: postgres
2025-12-08 23:39:27,868 - config.database_config - ERROR - ❌ Connection test failed: (psycopg2.OperationalError) connection to server at "localhost" (::1), port 5432 failed: Connection refused
	Is the server running on that host and accepting TCP/IP connections?
connection to server at "localhost" (127.0.0.1), port 5432 failed: Connection refused
	Is the server running on that host and accepting TCP/IP connections?

(Background on this error at: https://sqlalche.me/e/20/e3q8)
2025-12-08 23:39:27,868 - __main__ - ERROR - 
2025-12-08 23:39:27,868 - __main__ - INFO - ================================================================================
2025-12-08 23:39:27,869 - __main__ - ERROR - ❌ [ERROR] ETL PIPELINE FAILED: Database connection failed!
2025-12-08 23:39:27,869 - __main__ - INFO - ================================================================================
2025-12-08 23:39:27,870 - __main__ - ERROR - Traceback (most recent call last):
  File "/app/run_etl.py", line 74, in run_etl_pipeline
    raise Exception("Database connection failed!")
Exception: Database connection failed!

2025-12-08 23:39:27,870 - __main__ - ERROR - Failed after: 0.27 seconds
2025-12-08 23:39:27,871 - __main__ - ERROR - Check log file: logs/etl_pipeline_20251208_233927.log
2025-12-08 23:39:27,871 - __main__ - INFO - ================================================================================
