2025-12-09 06:45:51,450 - __main__ - INFO - ================================================================================
2025-12-09 06:45:51,456 - __main__ - INFO - NOURISH BEAUTY DATA WAREHOUSE - ETL PIPELINE
2025-12-09 06:45:51,456 - __main__ - INFO -    Author: Raudatul Sholehah - 2310817220002
2025-12-09 06:45:51,457 - __main__ - INFO -    Date: 2025-12-09 06:45:51
2025-12-09 06:45:51,457 - __main__ - INFO - ================================================================================
2025-12-09 06:45:51,457 - __main__ - INFO - 
2025-12-09 06:45:51,457 - __main__ - INFO - STEP 1: Testing Database Connection
2025-12-09 06:45:51,457 - __main__ - INFO - --------------------------------------------------------------------------------
2025-12-09 06:45:52,567 - __main__ - INFO - 
2025-12-09 06:45:52,567 - __main__ - INFO - STEP 2: EXTRACT PHASE - Raw Data from CSV
2025-12-09 06:45:52,567 - __main__ - INFO - --------------------------------------------------------------------------------
2025-12-09 06:45:56,368 - __main__ - INFO - Extracting Sales Data...
2025-12-09 06:45:56,368 - etl.extract.extract_sales - INFO - Starting sales data extraction...
2025-12-09 06:45:56,368 - etl.extract.extract_sales - INFO - Reading file: D:\FILE SM 5\nourish-beauty-dwh-uiux\data\raw\SuperMarket-Analysis-penjualan.csv
2025-12-09 06:45:56,381 - etl.extract.extract_sales - INFO - [OK] Loaded 1000 rows from SuperMarket-Analysis-penjualan.csv
2025-12-09 06:45:56,382 - etl.extract.extract_sales - INFO - Applying transformations...
2025-12-09 06:45:56,382 - etl.transform.transform_sales - INFO - Applying 40 transformation rules to sales data...
2025-12-09 06:45:56,382 - etl.transform.transform_sales - INFO -    Initial row count: 1000
2025-12-09 06:45:56,382 - etl.transform.transform_sales - INFO - RULE 0: Pre-cleaning Indonesian number format & USD to IDR conversion...
2025-12-09 06:45:56,384 - etl.transform.transform_sales - INFO -    ✓ Detected USD format (avg: $307.59)
2025-12-09 06:45:56,386 - etl.transform.transform_sales - INFO -    harga_satuan: 74.69 → Rp 1,120,350
2025-12-09 06:45:56,387 - etl.transform.transform_sales - INFO -    pajak_5_persen: 261.415 → Rp 3,921,225
2025-12-09 06:45:56,387 - etl.transform.transform_sales - INFO -    total_penjualan_sebelum_pajak: 522.83 → Rp 7,842,450
2025-12-09 06:45:56,391 - etl.transform.transform_sales - INFO -    pendapatan_kotor: 261.415 → Rp 3,921,225
2025-12-09 06:45:56,392 - etl.transform.transform_sales - INFO -    persentase_gross_margin: 4761904762.00% (kept as percentage)
2025-12-09 06:45:56,393 - etl.transform.transform_sales - INFO - RULE 1-5: Data Type Conversion
2025-12-09 06:45:56,404 - etl.transform.transform_sales - INFO - RULE 6-10: Handle Missing Values
2025-12-09 06:45:56,410 - etl.transform.transform_sales - INFO - RULE 11-15: Data Cleaning
2025-12-09 06:45:56,416 - etl.transform.transform_sales - INFO - RULE 16-20: Standardization
2025-12-09 06:45:56,421 - etl.transform.transform_sales - INFO - RULE 21-25: Calculate Derived Fields
2025-12-09 06:45:56,426 - etl.transform.transform_sales - INFO - RULE 26-30: Validation & Quality Checks
2025-12-09 06:45:56,430 - etl.transform.transform_sales - INFO - RULE 31-35: Business Logic & Categorization
2025-12-09 06:45:56,446 - etl.transform.transform_sales - INFO - RULE 36-40: Final Cleaning & Outlier Removal
2025-12-09 06:45:56,454 - etl.transform.transform_sales - INFO - [OK] Transformation complete!
2025-12-09 06:45:56,455 - etl.transform.transform_sales - INFO -    Initial rows: 1000
2025-12-09 06:45:56,455 - etl.transform.transform_sales - INFO -    Final rows: 991
2025-12-09 06:45:56,455 - etl.transform.transform_sales - INFO -    Removed: 9 (0.9%)
2025-12-09 06:45:56,456 - etl.transform.transform_sales - INFO -    Retention rate: 99.1%
2025-12-09 06:45:56,456 - etl.transform.transform_sales - INFO -    Currency converted: USD → IDR (rate: 15,000)
2025-12-09 06:45:56,456 - etl.transform.transform_sales - INFO - 
   SUMMARY STATISTICS (in IDR):
2025-12-09 06:45:56,458 - etl.transform.transform_sales - INFO -    - Total Revenue: Rp 4,502,404,650
2025-12-09 06:45:56,458 - etl.transform.transform_sales - INFO -    - Avg Transaction: Rp 4,543,294
2025-12-09 06:45:56,459 - etl.transform.transform_sales - INFO -    - Min Transaction: Rp 152,550
2025-12-09 06:45:56,459 - etl.transform.transform_sales - INFO -    - Max Transaction: Rp 14,895,000
2025-12-09 06:45:56,479 - etl.extract.extract_sales - INFO - [OK] Saved to staging file: D:\FILE SM 5\nourish-beauty-dwh-uiux\data\staging\staging_sales.csv
2025-12-09 06:45:56,479 - etl.extract.extract_sales - INFO - [OK] Extraction complete: 991 records ready
2025-12-09 06:45:56,480 - etl.extract.extract_sales - INFO - 
Loading sales data to staging_sales table...
2025-12-09 06:45:56,480 - etl.extract.extract_sales - INFO -    Records to load: 991
2025-12-09 06:45:56,482 - etl.extract.extract_sales - INFO -    Truncating staging_sales table...
2025-12-09 06:45:56,546 - etl.extract.extract_sales - INFO -    Original shape: (991, 17)
2025-12-09 06:45:56,548 - etl.extract.extract_sales - INFO -    Original columns: ['id_invoice', 'cabang', 'kota', 'tipe_customer', 'jenis_kelamin', 'kategori_produk', 'harga_satuan', 'jumlah', 'pajak_5_persen', 'tanggal', 'waktu', 'metode_pembayaran', 'total_penjualan_sebelum_pajak', 'persentase_gross_margin', 'pendapatan_kotor', 'rating', 'load_timestamp']
2025-12-09 06:45:56,548 - etl.extract.extract_sales - INFO -    Clean shape: (991, 17)
2025-12-09 06:45:56,548 - etl.extract.extract_sales - INFO -    Clean columns: ['id_invoice', 'cabang', 'kota', 'tipe_customer', 'jenis_kelamin', 'kategori_produk', 'harga_satuan', 'jumlah', 'pajak_5_persen', 'tanggal', 'waktu', 'metode_pembayaran', 'total_penjualan_sebelum_pajak', 'persentase_gross_margin', 'pendapatan_kotor', 'rating', 'load_timestamp']
2025-12-09 06:45:56,551 - etl.extract.extract_sales - INFO -    Loading data in 10 chunks of 100 rows...
2025-12-09 06:45:56,618 - etl.extract.extract_sales - INFO -    ✓ Chunk 1/10 loaded (100 rows, total: 100)
2025-12-09 06:45:56,652 - etl.extract.extract_sales - INFO -    ✓ Chunk 2/10 loaded (100 rows, total: 200)
2025-12-09 06:45:56,691 - etl.extract.extract_sales - INFO -    ✓ Chunk 3/10 loaded (100 rows, total: 300)
2025-12-09 06:45:56,735 - etl.extract.extract_sales - INFO -    ✓ Chunk 4/10 loaded (100 rows, total: 400)
2025-12-09 06:45:56,779 - etl.extract.extract_sales - INFO -    ✓ Chunk 5/10 loaded (100 rows, total: 500)
2025-12-09 06:45:56,814 - etl.extract.extract_sales - INFO -    ✓ Chunk 6/10 loaded (100 rows, total: 600)
2025-12-09 06:45:56,849 - etl.extract.extract_sales - INFO -    ✓ Chunk 7/10 loaded (100 rows, total: 700)
2025-12-09 06:45:56,886 - etl.extract.extract_sales - INFO -    ✓ Chunk 8/10 loaded (100 rows, total: 800)
2025-12-09 06:45:56,947 - etl.extract.extract_sales - INFO -    ✓ Chunk 9/10 loaded (100 rows, total: 900)
2025-12-09 06:45:56,978 - etl.extract.extract_sales - INFO -    ✓ Chunk 10/10 loaded (91 rows, total: 991)
2025-12-09 06:45:56,978 - etl.extract.extract_sales - INFO - [OK] Successfully loaded 991 rows to staging_sales
2025-12-09 06:45:56,984 - etl.extract.extract_sales - INFO - [OK] Verified staging_sales row count: 991
2025-12-09 06:45:56,987 - etl.extract.extract_sales - INFO - [OK] Stats: Rows=991, Avg=Rp 4,543,294, Min=Rp 152,550, Max=Rp 14,895,000
2025-12-09 06:45:56,988 - __main__ - INFO - Extracting HR Data...
2025-12-09 06:45:56,988 - etl.extract.extract_hr - INFO - Starting HR data extraction...
2025-12-09 06:45:56,988 - etl.extract.extract_hr - INFO - Reading file: D:\FILE SM 5\nourish-beauty-dwh-uiux\data\raw\HRDataset.csv
2025-12-09 06:45:56,999 - etl.extract.extract_hr - INFO - [OK] Loaded 311 rows from HRDataset.csv
2025-12-09 06:45:56,999 - etl.extract.extract_hr - INFO -    Columns: 36
2025-12-09 06:45:57,000 - etl.extract.extract_hr - INFO -    Converting date column: dob
2025-12-09 06:45:57,002 - etl.extract.extract_hr - INFO -    Converting date column: dateofhire
2025-12-09 06:45:57,003 - etl.extract.extract_hr - INFO -    Converting date column: dateoftermination
2025-12-09 06:45:57,006 - etl.extract.extract_hr - INFO -    Converting date column: lastperformancereview_date
2025-12-09 06:45:57,025 - etl.extract.extract_hr - INFO - [OK] Saved to staging file: D:\FILE SM 5\nourish-beauty-dwh-uiux\data\staging\staging_hr.csv
2025-12-09 06:45:57,026 - etl.extract.extract_hr - INFO - [OK] Extraction complete: 311 records ready
2025-12-09 06:45:57,026 - etl.extract.extract_hr - INFO - Loading HR data to staging_hr table...
2025-12-09 06:45:57,026 - etl.extract.extract_hr - INFO -    Records to load: 311
2025-12-09 06:45:57,027 - etl.extract.extract_hr - INFO -    Truncating staging_hr table...
2025-12-09 06:45:57,082 - etl.extract.extract_hr - INFO -    Loading rows individually...
2025-12-09 06:45:57,492 - etl.extract.extract_hr - INFO -    Progress: 50/311 rows loaded
2025-12-09 06:45:57,921 - etl.extract.extract_hr - INFO -    Progress: 100/311 rows loaded
2025-12-09 06:45:58,368 - etl.extract.extract_hr - INFO -    Progress: 150/311 rows loaded
2025-12-09 06:45:58,813 - etl.extract.extract_hr - INFO -    Progress: 200/311 rows loaded
2025-12-09 06:45:59,307 - etl.extract.extract_hr - INFO -    Progress: 250/311 rows loaded
2025-12-09 06:45:59,739 - etl.extract.extract_hr - INFO -    Progress: 300/311 rows loaded
2025-12-09 06:45:59,835 - etl.extract.extract_hr - INFO -    Progress: 311/311 rows loaded
2025-12-09 06:45:59,835 - etl.extract.extract_hr - INFO - [OK] Successfully loaded 311 rows
2025-12-09 06:45:59,835 - etl.extract.extract_hr - INFO - [OK] Verified row count: 311
2025-12-09 06:45:59,835 - __main__ - INFO - Extracting Marketing Data...
2025-12-09 06:45:59,835 - etl.extract.extract_marketing - INFO - Starting marketing data extraction...
2025-12-09 06:45:59,835 - etl.extract.extract_marketing - INFO - Reading file: D:\FILE SM 5\nourish-beauty-dwh-uiux\data\raw\marketing_campaign.csv
2025-12-09 06:45:59,835 - etl.extract.extract_marketing - INFO -    Trying delimiter: '	'
2025-12-09 06:45:59,841 - etl.extract.extract_marketing - WARNING -    Failed: only 1 columns detected
2025-12-09 06:45:59,841 - etl.extract.extract_marketing - INFO -    Trying delimiter: ';'
2025-12-09 06:45:59,859 - etl.extract.extract_marketing - INFO -    [OK] Successfully read with delimiter ';'
2025-12-09 06:45:59,860 - etl.extract.extract_marketing - INFO -    Columns detected: 29
2025-12-09 06:45:59,860 - etl.extract.extract_marketing - INFO - [OK] Loaded 1000 rows from marketing_campaign.csv
2025-12-09 06:45:59,860 - etl.extract.extract_marketing - INFO -    Columns: ['ID', 'Year_Birth', 'Education', 'Marital_Status', 'Income']... (29 total)
2025-12-09 06:45:59,862 - etl.extract.extract_marketing - INFO -    Converting date column: dt_customer
2025-12-09 06:45:59,883 - etl.extract.extract_marketing - INFO - [OK] Saved to staging file: D:\FILE SM 5\nourish-beauty-dwh-uiux\data\staging\staging_marketing.csv
2025-12-09 06:45:59,885 - etl.extract.extract_marketing - INFO - [OK] Extraction complete: 1000 records ready
2025-12-09 06:45:59,885 - etl.extract.extract_marketing - INFO - Loading marketing data to staging_marketing table...
2025-12-09 06:45:59,885 - etl.extract.extract_marketing - INFO -    Records to load: 1000
2025-12-09 06:45:59,886 - etl.extract.extract_marketing - INFO -    Dropping and recreating staging_marketing table...
2025-12-09 06:46:00,073 - etl.extract.extract_marketing - INFO -    Loading data with auto-schema detection...
2025-12-09 06:46:00,516 - etl.extract.extract_marketing - INFO - [OK] Successfully loaded 1000 rows
2025-12-09 06:46:00,518 - etl.extract.extract_marketing - INFO - [OK] Verified row count: 1000
2025-12-09 06:46:00,518 - __main__ - INFO - [OK] Extract phase completed!
2025-12-09 06:46:00,518 - __main__ - INFO - 
2025-12-09 06:46:00,518 - __main__ - INFO - STEP 2.5: GENERATE UI/UX METRICS DATA
2025-12-09 06:46:00,518 - __main__ - INFO - --------------------------------------------------------------------------------
2025-12-09 06:46:00,518 - __main__ - INFO - Generating synthetic UI/UX metrics data for MTI focus...
2025-12-09 06:46:00,518 - __main__ - INFO -   → Generating user_activity_log.csv...
2025-12-09 06:46:00,518 - __main__ - WARNING - [SKIP] UI/UX generators not found: No module named 'data_generators'
2025-12-09 06:46:00,518 - __main__ - WARNING -        Ensure data_generators/ folder exists.
2025-12-09 06:46:00,518 - __main__ - WARNING -        Main ETL pipeline will continue without UI/UX data.
2025-12-09 06:46:00,518 - __main__ - INFO - 
2025-12-09 06:46:00,518 - __main__ - INFO - STEP 3: TRANSFORM PHASE
2025-12-09 06:46:00,518 - __main__ - INFO - --------------------------------------------------------------------------------
2025-12-09 06:46:00,518 - __main__ - INFO - Transformation rules applied during extract phase (40 rules)
2025-12-09 06:46:00,518 - __main__ - INFO - [OK] 40 transformation rules completed in extract_sales.py
2025-12-09 06:46:00,523 - __main__ - INFO - 
2025-12-09 06:46:00,523 - __main__ - INFO - STEP 4: LOAD DIMENSIONS
2025-12-09 06:46:00,523 - __main__ - INFO - --------------------------------------------------------------------------------
2025-12-09 06:46:00,524 - etl.load.load_dimensions - INFO - ======================================================================
2025-12-09 06:46:00,525 - etl.load.load_dimensions - INFO - STARTING DIMENSION LOAD PROCESS
2025-12-09 06:46:00,525 - etl.load.load_dimensions - INFO - ======================================================================
2025-12-09 06:46:00,525 - etl.load.load_dimensions - INFO - Loading dim_produk...
2025-12-09 06:46:00,647 - etl.load.load_dimensions - INFO - [OK] Loaded 6 products to dim_produk
2025-12-09 06:46:00,647 - etl.load.load_dimensions - INFO - Loading dim_customer...
2025-12-09 06:46:00,707 - etl.load.load_dimensions - INFO -    Truncated dim_customer table
2025-12-09 06:46:00,755 - etl.load.load_dimensions - INFO -    Loaded chunk 1: 50 rows (Total: 50/1000)
2025-12-09 06:46:00,771 - etl.load.load_dimensions - INFO -    Loaded chunk 2: 50 rows (Total: 100/1000)
2025-12-09 06:46:00,812 - etl.load.load_dimensions - INFO -    Loaded chunk 3: 50 rows (Total: 150/1000)
2025-12-09 06:46:00,829 - etl.load.load_dimensions - INFO -    Loaded chunk 4: 50 rows (Total: 200/1000)
2025-12-09 06:46:00,852 - etl.load.load_dimensions - INFO -    Loaded chunk 5: 50 rows (Total: 250/1000)
2025-12-09 06:46:00,866 - etl.load.load_dimensions - INFO -    Loaded chunk 6: 50 rows (Total: 300/1000)
2025-12-09 06:46:00,882 - etl.load.load_dimensions - INFO -    Loaded chunk 7: 50 rows (Total: 350/1000)
2025-12-09 06:46:00,901 - etl.load.load_dimensions - INFO -    Loaded chunk 8: 50 rows (Total: 400/1000)
2025-12-09 06:46:00,915 - etl.load.load_dimensions - INFO -    Loaded chunk 9: 50 rows (Total: 450/1000)
2025-12-09 06:46:00,937 - etl.load.load_dimensions - INFO -    Loaded chunk 10: 50 rows (Total: 500/1000)
2025-12-09 06:46:00,949 - etl.load.load_dimensions - INFO -    Loaded chunk 11: 50 rows (Total: 550/1000)
2025-12-09 06:46:00,969 - etl.load.load_dimensions - INFO -    Loaded chunk 12: 50 rows (Total: 600/1000)
2025-12-09 06:46:00,984 - etl.load.load_dimensions - INFO -    Loaded chunk 13: 50 rows (Total: 650/1000)
2025-12-09 06:46:00,999 - etl.load.load_dimensions - INFO -    Loaded chunk 14: 50 rows (Total: 700/1000)
2025-12-09 06:46:01,017 - etl.load.load_dimensions - INFO -    Loaded chunk 15: 50 rows (Total: 750/1000)
2025-12-09 06:46:01,042 - etl.load.load_dimensions - INFO -    Loaded chunk 16: 50 rows (Total: 800/1000)
2025-12-09 06:46:01,059 - etl.load.load_dimensions - INFO -    Loaded chunk 17: 50 rows (Total: 850/1000)
2025-12-09 06:46:01,079 - etl.load.load_dimensions - INFO -    Loaded chunk 18: 50 rows (Total: 900/1000)
2025-12-09 06:46:01,104 - etl.load.load_dimensions - INFO -    Loaded chunk 19: 50 rows (Total: 950/1000)
2025-12-09 06:46:01,123 - etl.load.load_dimensions - INFO -    Loaded chunk 20: 50 rows (Total: 1000/1000)
2025-12-09 06:46:01,124 - etl.load.load_dimensions - INFO - [OK] Successfully loaded 1000 customers to dim_customer
2025-12-09 06:46:01,124 - etl.load.load_dimensions - INFO - Loading dim_employee...
2025-12-09 06:46:01,184 - etl.load.load_dimensions - INFO -    Truncated dim_employee table
2025-12-09 06:46:01,220 - etl.load.load_dimensions - INFO -    Loaded chunk 1: 50 rows (Total: 50/311)
2025-12-09 06:46:01,240 - etl.load.load_dimensions - INFO -    Loaded chunk 2: 50 rows (Total: 100/311)
2025-12-09 06:46:01,256 - etl.load.load_dimensions - INFO -    Loaded chunk 3: 50 rows (Total: 150/311)
2025-12-09 06:46:01,273 - etl.load.load_dimensions - INFO -    Loaded chunk 4: 50 rows (Total: 200/311)
2025-12-09 06:46:01,289 - etl.load.load_dimensions - INFO -    Loaded chunk 5: 50 rows (Total: 250/311)
2025-12-09 06:46:01,304 - etl.load.load_dimensions - INFO -    Loaded chunk 6: 50 rows (Total: 300/311)
2025-12-09 06:46:01,313 - etl.load.load_dimensions - INFO -    Loaded chunk 7: 11 rows (Total: 311/311)
2025-12-09 06:46:01,314 - etl.load.load_dimensions - INFO - [OK] Successfully loaded 311 employees to dim_employee
2025-12-09 06:46:01,314 - etl.load.load_dimensions - INFO - Verifying dimension tables...
2025-12-09 06:46:01,372 - etl.load.load_dimensions - INFO - ======================================================================
2025-12-09 06:46:01,372 - etl.load.load_dimensions - INFO - [OK] ALL DIMENSIONS LOADED SUCCESSFULLY!
2025-12-09 06:46:01,372 - etl.load.load_dimensions - INFO - Total time: 0.85 seconds
2025-12-09 06:46:01,372 - etl.load.load_dimensions - INFO - ======================================================================
2025-12-09 06:46:01,372 - __main__ - INFO - 
2025-12-09 06:46:01,372 - __main__ - INFO - STEP 5: LOAD FACT TABLES
2025-12-09 06:46:01,372 - __main__ - INFO - --------------------------------------------------------------------------------
2025-12-09 06:46:01,379 - etl.load.load_facts - INFO - ======================================================================
2025-12-09 06:46:01,379 - etl.load.load_facts - INFO - STARTING FACT TABLES LOAD PROCESS
2025-12-09 06:46:01,379 - etl.load.load_facts - INFO - ======================================================================
2025-12-09 06:46:01,379 - etl.load.load_facts - INFO - Loading fact_sales...
2025-12-09 06:46:01,484 - etl.load.load_facts - INFO - [OK] Loaded 991 rows to fact_sales
2025-12-09 06:46:01,484 - etl.load.load_facts - INFO - Loading fact_marketing_response...
2025-12-09 06:46:01,637 - etl.load.load_facts - INFO -    Debug - Marketing: 1000 rows, dates: 2012-08-01 to 2014-06-29
2025-12-09 06:46:01,637 - etl.load.load_facts - INFO -    Debug - dim_tanggal: 7305 dates, range: 2012-01-01 to 2031-12-31
2025-12-09 06:46:01,637 - etl.load.load_facts - INFO -    Debug - Matching rows after JOIN: 1000
2025-12-09 06:46:01,677 - etl.load.load_facts - INFO - [OK] Loaded 1000 rows to fact_marketing_response
2025-12-09 06:46:01,678 - etl.load.load_facts - INFO - Loading fact_employee_performance...
2025-12-09 06:46:01,741 - etl.load.load_facts - INFO - [OK] Loaded 306 rows to fact_employee_performance
2025-12-09 06:46:01,741 - etl.load.load_facts - INFO - Verifying fact tables...
2025-12-09 06:46:01,800 - etl.load.load_facts - INFO - ======================================================================
2025-12-09 06:46:01,800 - etl.load.load_facts - INFO - [OK] ALL FACT TABLES LOADED SUCCESSFULLY!
2025-12-09 06:46:01,801 - etl.load.load_facts - INFO - Total time: 0.42 seconds
2025-12-09 06:46:01,801 - etl.load.load_facts - INFO - ======================================================================
2025-12-09 06:46:01,801 - __main__ - INFO - 
2025-12-09 06:46:01,801 - __main__ - INFO - STEP 6: EXPORT TO DATA LAKE (Bronze-Silver-Gold)
2025-12-09 06:46:01,801 - __main__ - INFO - --------------------------------------------------------------------------------
2025-12-09 06:46:01,801 - __main__ - INFO - Bronze Layer: Raw CSV files already copied to data/lake/raw/
2025-12-09 06:46:01,801 - __main__ - INFO - Exporting to Silver Layer (Processed/Parquet)...
2025-12-09 06:46:01,802 - etl.export_to_silver_layer - INFO -   → cleaned_sales.parquet
2025-12-09 06:46:02,084 - etl.export_to_silver_layer - INFO -      Exported 991 rows
2025-12-09 06:46:02,084 - etl.export_to_silver_layer - INFO -   → cleaned_hr.parquet
2025-12-09 06:46:02,089 - etl.export_to_silver_layer - INFO -      Exported 311 rows
2025-12-09 06:46:02,089 - etl.export_to_silver_layer - INFO -   → cleaned_marketing.parquet
2025-12-09 06:46:02,123 - etl.export_to_silver_layer - INFO -      Exported 1000 rows
2025-12-09 06:46:02,123 - etl.export_to_silver_layer - INFO - ✅ Silver layer: 3 files created in data\lake\processed
2025-12-09 06:46:02,123 - __main__ - INFO - ✅ Silver layer export completed
2025-12-09 06:46:02,123 - __main__ - INFO - Exporting to Gold Layer (Curated/Analytics-ready)...
2025-12-09 06:46:02,128 - etl.export_to_gold_layer - INFO -   → sales_metrics_daily.parquet
2025-12-09 06:46:02,192 - etl.export_to_gold_layer - INFO -      Exported 263 rows
2025-12-09 06:46:02,192 - etl.export_to_gold_layer - INFO -   → product_performance.parquet
2025-12-09 06:46:02,203 - etl.export_to_gold_layer - INFO -      Exported 6 rows
2025-12-09 06:46:02,203 - etl.export_to_gold_layer - INFO -   → branch_performance.parquet
2025-12-09 06:46:02,213 - etl.export_to_gold_layer - INFO -      Exported 3 rows
2025-12-09 06:46:02,213 - etl.export_to_gold_layer - INFO -   → payment_analysis.parquet
2025-12-09 06:46:02,224 - etl.export_to_gold_layer - INFO -      Exported 3 rows
2025-12-09 06:46:02,224 - etl.export_to_gold_layer - INFO -   → customer_demographics.parquet
2025-12-09 06:46:02,235 - etl.export_to_gold_layer - INFO -      Exported 4 rows
2025-12-09 06:46:02,236 - etl.export_to_gold_layer - INFO -   → sales_time_patterns.parquet
2025-12-09 06:46:02,243 - etl.export_to_gold_layer - INFO -      Exported 11 rows
2025-12-09 06:46:02,243 - etl.export_to_gold_layer - INFO - ✅ Gold layer: 6 files created in data\lake\curated
2025-12-09 06:46:02,243 - __main__ - INFO - ✅ Gold layer export completed
2025-12-09 06:46:02,243 - __main__ - INFO - [OK] Data Lake export phase completed!
2025-12-09 06:46:02,244 - __main__ - INFO - 
2025-12-09 06:46:02,245 - __main__ - INFO - STEP 7: DATA VERIFICATION & QUALITY CHECK
2025-12-09 06:46:02,245 - __main__ - INFO - --------------------------------------------------------------------------------
2025-12-09 06:46:02,294 - __main__ - INFO - 
📊 Data Warehouse Row Counts:
2025-12-09 06:46:02,294 - __main__ - INFO - 
               table_name  row_count
               dim_cabang          7
             dim_customer       1000
             dim_employee        311
              dim_payment          6
               dim_produk          6
              dim_tanggal       7305
fact_employee_performance        306
  fact_marketing_response       1000
               fact_sales        991
2025-12-09 06:46:02,294 - __main__ - INFO - 
📁 Data Lake Status:
2025-12-09 06:46:02,294 - __main__ - INFO -   Bronze Layer (Raw CSV): 3 files
2025-12-09 06:46:02,294 - __main__ - INFO -   Silver Layer (Processed Parquet): 3 files
2025-12-09 06:46:02,294 - __main__ - INFO -   Gold Layer (Curated Parquet): 6 files
2025-12-09 06:46:02,294 - __main__ - INFO -   Generated UI/UX Data: 0 files
2025-12-09 06:46:02,294 - __main__ - INFO - 
2025-12-09 06:46:02,294 - __main__ - INFO - ================================================================================
2025-12-09 06:46:02,294 - __main__ - INFO - ✅ [OK] ETL PIPELINE COMPLETED SUCCESSFULLY!
2025-12-09 06:46:02,294 - __main__ - INFO - ================================================================================
2025-12-09 06:46:02,294 - __main__ - INFO - 📋 Summary:
2025-12-09 06:46:02,294 - __main__ - INFO -    - Fact Tables Loaded: 3 tables
2025-12-09 06:46:02,294 - __main__ - INFO -    - Dimension Tables Loaded: 7 tables
2025-12-09 06:46:02,294 - __main__ - INFO -    - UI/UX Metrics Generated: 0 files
2025-12-09 06:46:02,294 - __main__ - INFO -    - Data Lake Layers: Bronze, Silver, Gold
2025-12-09 06:46:02,304 - __main__ - INFO -    - Total Duration: 10.84 seconds
2025-12-09 06:46:02,304 - __main__ - INFO -    - Log File: logs\etl_pipeline_20251209_064551.log
2025-12-09 06:46:02,304 - __main__ - INFO -    - Completed at: 2025-12-09 06:46:02 WITA
2025-12-09 06:46:02,305 - __main__ - INFO - ================================================================================
