2025-12-07 21:37:09,436 - __main__ - INFO - ================================================================================
2025-12-07 21:37:09,436 - __main__ - INFO - NOURISH BEAUTY DATA WAREHOUSE - ETL PIPELINE
2025-12-07 21:37:09,436 - __main__ - INFO -    Author: Raudatul Sholehah - 2310817220002
2025-12-07 21:37:09,436 - __main__ - INFO -    Date: 2025-12-07 21:37:09
2025-12-07 21:37:09,436 - __main__ - INFO - ================================================================================
2025-12-07 21:37:09,436 - __main__ - INFO - 
2025-12-07 21:37:09,436 - __main__ - INFO - STEP 1: Testing Database Connection
2025-12-07 21:37:09,436 - __main__ - INFO - --------------------------------------------------------------------------------
2025-12-07 21:37:09,770 - __main__ - INFO - 
2025-12-07 21:37:09,771 - __main__ - INFO - STEP 2: EXTRACT PHASE
2025-12-07 21:37:09,771 - __main__ - INFO - --------------------------------------------------------------------------------
2025-12-07 21:37:10,232 - __main__ - INFO - Extracting Sales Data...
2025-12-07 21:37:10,232 - etl.extract.extract_sales - INFO - Starting sales data extraction...
2025-12-07 21:37:10,232 - etl.extract.extract_sales - INFO - Reading file: D:\FILE SM 5\nourish-beauty-dwh-uiux\data\raw\SuperMarket-Analysis-penjualan.csv
2025-12-07 21:37:10,232 - etl.extract.extract_sales - INFO - [OK] Loaded 1000 rows from SuperMarket-Analysis-penjualan.csv
2025-12-07 21:37:10,232 - etl.extract.extract_sales - INFO - Applying transformations...
2025-12-07 21:37:10,232 - etl.transform.transform_sales - INFO - Applying 40 transformation rules to sales data...
2025-12-07 21:37:10,232 - etl.transform.transform_sales - INFO -    Initial row count: 1000
2025-12-07 21:37:10,232 - etl.transform.transform_sales - INFO - RULE 0: Pre-cleaning Indonesian number format...
2025-12-07 21:37:10,250 - etl.transform.transform_sales - INFO -    Fixed persentase_gross_margin scale
2025-12-07 21:37:10,250 - etl.transform.transform_sales - INFO - RULE 1-5: Data Type Conversion
2025-12-07 21:37:10,253 - etl.transform.transform_sales - INFO - RULE 6-10: Handle Missing Values
2025-12-07 21:37:10,255 - etl.transform.transform_sales - INFO - RULE 11-15: Data Cleaning
2025-12-07 21:37:10,261 - etl.transform.transform_sales - INFO - RULE 16-20: Standardization
2025-12-07 21:37:10,262 - etl.transform.transform_sales - INFO - RULE 21-25: Calculate Derived Fields
2025-12-07 21:37:10,268 - etl.transform.transform_sales - INFO - RULE 26-30: Validation & Quality Checks
2025-12-07 21:37:10,272 - etl.transform.transform_sales - INFO - RULE 31-35: Business Logic & Categorization
2025-12-07 21:37:10,279 - etl.transform.transform_sales - INFO - RULE 36-40: Final Cleaning & Outlier Removal
2025-12-07 21:37:10,283 - etl.transform.transform_sales - INFO - [OK] Transformation complete!
2025-12-07 21:37:10,283 - etl.transform.transform_sales - INFO -    Initial rows: 1000
2025-12-07 21:37:10,283 - etl.transform.transform_sales - INFO -    Final rows: 991
2025-12-07 21:37:10,283 - etl.transform.transform_sales - INFO -    Removed: 9 (0.9%)
2025-12-07 21:37:10,283 - etl.transform.transform_sales - INFO -    Retention rate: 99.1%
2025-12-07 21:37:10,297 - etl.extract.extract_sales - INFO - [OK] Saved to staging file: D:\FILE SM 5\nourish-beauty-dwh-uiux\data\staging\staging_sales.csv
2025-12-07 21:37:10,303 - etl.extract.extract_sales - INFO - [OK] Extraction complete: 991 records ready
2025-12-07 21:37:10,304 - etl.extract.extract_sales - INFO - Loading sales data to staging_sales table...
2025-12-07 21:37:10,304 - etl.extract.extract_sales - INFO -    Records to load: 991
2025-12-07 21:37:10,304 - etl.extract.extract_sales - INFO -    Truncating staging_sales table...
2025-12-07 21:37:10,446 - etl.extract.extract_sales - INFO -    Loading data in 2 chunks of 500 rows...
2025-12-07 21:37:10,580 - etl.extract.extract_sales - INFO -    Chunk 1/2 loaded (500 rows)
2025-12-07 21:37:10,737 - etl.extract.extract_sales - INFO -    Chunk 2/2 loaded (491 rows)
2025-12-07 21:37:10,737 - etl.extract.extract_sales - INFO - [OK] Successfully loaded 991 rows to staging_sales
2025-12-07 21:37:10,738 - etl.extract.extract_sales - INFO - [OK] Verified staging_sales row count: 991
2025-12-07 21:37:10,738 - __main__ - INFO - Extracting HR Data...
2025-12-07 21:37:10,739 - etl.extract.extract_hr - INFO - Starting HR data extraction...
2025-12-07 21:37:10,739 - etl.extract.extract_hr - INFO - Reading file: D:\FILE SM 5\nourish-beauty-dwh-uiux\data\raw\HRDataset.csv
2025-12-07 21:37:10,746 - etl.extract.extract_hr - INFO - [OK] Loaded 311 rows from HRDataset.csv
2025-12-07 21:37:10,747 - etl.extract.extract_hr - INFO -    Columns: 36
2025-12-07 21:37:10,748 - etl.extract.extract_hr - INFO -    Converting date column: dob
2025-12-07 21:37:10,751 - etl.extract.extract_hr - INFO -    Converting date column: dateofhire
2025-12-07 21:37:10,753 - etl.extract.extract_hr - INFO -    Converting date column: dateoftermination
2025-12-07 21:37:10,755 - etl.extract.extract_hr - INFO -    Converting date column: lastperformancereview_date
2025-12-07 21:37:10,775 - etl.extract.extract_hr - INFO - [OK] Saved to staging file: D:\FILE SM 5\nourish-beauty-dwh-uiux\data\staging\staging_hr.csv
2025-12-07 21:37:10,775 - etl.extract.extract_hr - INFO - [OK] Extraction complete: 311 records ready
2025-12-07 21:37:10,775 - etl.extract.extract_hr - INFO - Loading HR data to staging_hr table...
2025-12-07 21:37:10,776 - etl.extract.extract_hr - INFO -    Records to load: 311
2025-12-07 21:37:10,777 - etl.extract.extract_hr - INFO -    Truncating staging_hr table...
2025-12-07 21:37:10,925 - etl.extract.extract_hr - INFO -    Loading rows individually...
2025-12-07 21:37:11,357 - etl.extract.extract_hr - INFO -    Progress: 50/311 rows loaded
2025-12-07 21:37:11,783 - etl.extract.extract_hr - INFO -    Progress: 100/311 rows loaded
2025-12-07 21:37:12,280 - etl.extract.extract_hr - INFO -    Progress: 150/311 rows loaded
2025-12-07 21:37:12,721 - etl.extract.extract_hr - INFO -    Progress: 200/311 rows loaded
2025-12-07 21:37:13,185 - etl.extract.extract_hr - INFO -    Progress: 250/311 rows loaded
2025-12-07 21:37:13,620 - etl.extract.extract_hr - INFO -    Progress: 300/311 rows loaded
2025-12-07 21:37:13,735 - etl.extract.extract_hr - INFO -    Progress: 311/311 rows loaded
2025-12-07 21:37:13,735 - etl.extract.extract_hr - INFO - [OK] Successfully loaded 311 rows
2025-12-07 21:37:13,736 - etl.extract.extract_hr - INFO - [OK] Verified row count: 311
2025-12-07 21:37:13,736 - __main__ - INFO - Extracting Marketing Data...
2025-12-07 21:37:13,737 - etl.extract.extract_marketing - INFO - Starting marketing data extraction...
2025-12-07 21:37:13,737 - etl.extract.extract_marketing - INFO - Reading file: D:\FILE SM 5\nourish-beauty-dwh-uiux\data\raw\marketing_campaign.csv
2025-12-07 21:37:13,737 - etl.extract.extract_marketing - INFO -    Trying delimiter: '	'
2025-12-07 21:37:13,740 - etl.extract.extract_marketing - WARNING -    Failed: only 1 columns detected
2025-12-07 21:37:13,740 - etl.extract.extract_marketing - INFO -    Trying delimiter: ';'
2025-12-07 21:37:13,758 - etl.extract.extract_marketing - INFO -    [OK] Successfully read with delimiter ';'
2025-12-07 21:37:13,758 - etl.extract.extract_marketing - INFO -    Columns detected: 29
2025-12-07 21:37:13,759 - etl.extract.extract_marketing - INFO - [OK] Loaded 1000 rows from marketing_campaign.csv
2025-12-07 21:37:13,759 - etl.extract.extract_marketing - INFO -    Columns: ['ID', 'Year_Birth', 'Education', 'Marital_Status', 'Income']... (29 total)
2025-12-07 21:37:13,761 - etl.extract.extract_marketing - INFO -    Converting date column: dt_customer
2025-12-07 21:37:13,791 - etl.extract.extract_marketing - INFO - [OK] Saved to staging file: D:\FILE SM 5\nourish-beauty-dwh-uiux\data\staging\staging_marketing.csv
2025-12-07 21:37:13,791 - etl.extract.extract_marketing - INFO - [OK] Extraction complete: 1000 records ready
2025-12-07 21:37:13,792 - etl.extract.extract_marketing - INFO - Loading marketing data to staging_marketing table...
2025-12-07 21:37:13,792 - etl.extract.extract_marketing - INFO -    Records to load: 1000
2025-12-07 21:37:13,793 - etl.extract.extract_marketing - INFO -    Dropping and recreating staging_marketing table...
2025-12-07 21:37:13,938 - etl.extract.extract_marketing - INFO -    Loading data with auto-schema detection...
2025-12-07 21:37:14,348 - etl.extract.extract_marketing - INFO - [OK] Successfully loaded 1000 rows
2025-12-07 21:37:14,348 - etl.extract.extract_marketing - INFO - [OK] Verified row count: 1000
2025-12-07 21:37:14,348 - __main__ - INFO - [OK] Extract phase completed!
2025-12-07 21:37:14,348 - __main__ - INFO - 
2025-12-07 21:37:14,348 - __main__ - INFO - STEP 3: TRANSFORM PHASE
2025-12-07 21:37:14,348 - __main__ - INFO - --------------------------------------------------------------------------------
2025-12-07 21:37:14,348 - __main__ - INFO - Transformation rules will be applied during load phase
2025-12-07 21:37:14,348 - __main__ - INFO - [OK] 40 transformation rules ready
2025-12-07 21:37:14,348 - __main__ - INFO - 
2025-12-07 21:37:14,348 - __main__ - INFO - STEP 4: LOAD DIMENSIONS
2025-12-07 21:37:14,348 - __main__ - INFO - --------------------------------------------------------------------------------
2025-12-07 21:37:14,364 - etl.load.load_dimensions - INFO - ======================================================================
2025-12-07 21:37:14,364 - etl.load.load_dimensions - INFO - STARTING DIMENSION LOAD PROCESS
2025-12-07 21:37:14,364 - etl.load.load_dimensions - INFO - ======================================================================
2025-12-07 21:37:14,364 - etl.load.load_dimensions - INFO - Loading dim_produk...
2025-12-07 21:37:14,446 - etl.load.load_dimensions - INFO - [OK] Loaded 6 products to dim_produk
2025-12-07 21:37:14,446 - etl.load.load_dimensions - INFO - Loading dim_customer...
2025-12-07 21:37:14,620 - etl.load.load_dimensions - INFO -    Truncated dim_customer table
2025-12-07 21:37:14,672 - etl.load.load_dimensions - INFO -    Loaded chunk 1: 50 rows (Total: 50/1000)
2025-12-07 21:37:14,691 - etl.load.load_dimensions - INFO -    Loaded chunk 2: 50 rows (Total: 100/1000)
2025-12-07 21:37:14,709 - etl.load.load_dimensions - INFO -    Loaded chunk 3: 50 rows (Total: 150/1000)
2025-12-07 21:37:14,726 - etl.load.load_dimensions - INFO -    Loaded chunk 4: 50 rows (Total: 200/1000)
2025-12-07 21:37:14,745 - etl.load.load_dimensions - INFO -    Loaded chunk 5: 50 rows (Total: 250/1000)
2025-12-07 21:37:14,764 - etl.load.load_dimensions - INFO -    Loaded chunk 6: 50 rows (Total: 300/1000)
2025-12-07 21:37:14,781 - etl.load.load_dimensions - INFO -    Loaded chunk 7: 50 rows (Total: 350/1000)
2025-12-07 21:37:14,801 - etl.load.load_dimensions - INFO -    Loaded chunk 8: 50 rows (Total: 400/1000)
2025-12-07 21:37:14,822 - etl.load.load_dimensions - INFO -    Loaded chunk 9: 50 rows (Total: 450/1000)
2025-12-07 21:37:14,841 - etl.load.load_dimensions - INFO -    Loaded chunk 10: 50 rows (Total: 500/1000)
2025-12-07 21:37:14,861 - etl.load.load_dimensions - INFO -    Loaded chunk 11: 50 rows (Total: 550/1000)
2025-12-07 21:37:14,880 - etl.load.load_dimensions - INFO -    Loaded chunk 12: 50 rows (Total: 600/1000)
2025-12-07 21:37:14,895 - etl.load.load_dimensions - INFO -    Loaded chunk 13: 50 rows (Total: 650/1000)
2025-12-07 21:37:14,910 - etl.load.load_dimensions - INFO -    Loaded chunk 14: 50 rows (Total: 700/1000)
2025-12-07 21:37:14,928 - etl.load.load_dimensions - INFO -    Loaded chunk 15: 50 rows (Total: 750/1000)
2025-12-07 21:37:14,945 - etl.load.load_dimensions - INFO -    Loaded chunk 16: 50 rows (Total: 800/1000)
2025-12-07 21:37:14,960 - etl.load.load_dimensions - INFO -    Loaded chunk 17: 50 rows (Total: 850/1000)
2025-12-07 21:37:14,975 - etl.load.load_dimensions - INFO -    Loaded chunk 18: 50 rows (Total: 900/1000)
2025-12-07 21:37:14,993 - etl.load.load_dimensions - INFO -    Loaded chunk 19: 50 rows (Total: 950/1000)
2025-12-07 21:37:15,011 - etl.load.load_dimensions - INFO -    Loaded chunk 20: 50 rows (Total: 1000/1000)
2025-12-07 21:37:15,014 - etl.load.load_dimensions - INFO - [OK] Successfully loaded 1000 customers to dim_customer
2025-12-07 21:37:15,015 - etl.load.load_dimensions - INFO - Loading dim_employee...
2025-12-07 21:37:15,077 - etl.load.load_dimensions - INFO -    Truncated dim_employee table
2025-12-07 21:37:15,115 - etl.load.load_dimensions - INFO -    Loaded chunk 1: 50 rows (Total: 50/311)
2025-12-07 21:37:15,133 - etl.load.load_dimensions - INFO -    Loaded chunk 2: 50 rows (Total: 100/311)
2025-12-07 21:37:15,151 - etl.load.load_dimensions - INFO -    Loaded chunk 3: 50 rows (Total: 150/311)
2025-12-07 21:37:15,166 - etl.load.load_dimensions - INFO -    Loaded chunk 4: 50 rows (Total: 200/311)
2025-12-07 21:37:15,184 - etl.load.load_dimensions - INFO -    Loaded chunk 5: 50 rows (Total: 250/311)
2025-12-07 21:37:15,200 - etl.load.load_dimensions - INFO -    Loaded chunk 6: 50 rows (Total: 300/311)
2025-12-07 21:37:15,208 - etl.load.load_dimensions - INFO -    Loaded chunk 7: 11 rows (Total: 311/311)
2025-12-07 21:37:15,208 - etl.load.load_dimensions - INFO - [OK] Successfully loaded 311 employees to dim_employee
2025-12-07 21:37:15,209 - etl.load.load_dimensions - INFO - Verifying dimension tables...
2025-12-07 21:37:15,262 - etl.load.load_dimensions - INFO - ======================================================================
2025-12-07 21:37:15,262 - etl.load.load_dimensions - INFO - [OK] ALL DIMENSIONS LOADED SUCCESSFULLY!
2025-12-07 21:37:15,262 - etl.load.load_dimensions - INFO - Total time: 0.90 seconds
2025-12-07 21:37:15,262 - etl.load.load_dimensions - INFO - ======================================================================
2025-12-07 21:37:15,262 - __main__ - INFO - 
2025-12-07 21:37:15,262 - __main__ - INFO - STEP 5: LOAD FACT TABLES
2025-12-07 21:37:15,262 - __main__ - INFO - --------------------------------------------------------------------------------
2025-12-07 21:37:15,262 - etl.load.load_facts - INFO - ======================================================================
2025-12-07 21:37:15,262 - etl.load.load_facts - INFO - STARTING FACT TABLES LOAD PROCESS
2025-12-07 21:37:15,262 - etl.load.load_facts - INFO - ======================================================================
2025-12-07 21:37:15,262 - etl.load.load_facts - INFO - Loading fact_sales...
2025-12-07 21:37:15,458 - etl.load.load_facts - INFO - [OK] Loaded 664 rows to fact_sales
2025-12-07 21:37:15,458 - etl.load.load_facts - INFO - Loading fact_marketing_response...
2025-12-07 21:37:15,510 - etl.load.load_facts - INFO -    Debug - Marketing: 1000 rows, dates: 2012-08-01 to 2014-06-29
2025-12-07 21:37:15,510 - etl.load.load_facts - INFO -    Debug - dim_tanggal: 7305 dates, range: 2012-01-01 to 2031-12-31
2025-12-07 21:37:15,510 - etl.load.load_facts - INFO -    Debug - Matching rows after JOIN: 1000
2025-12-07 21:37:15,542 - etl.load.load_facts - INFO - [OK] Loaded 1000 rows to fact_marketing_response
2025-12-07 21:37:15,542 - etl.load.load_facts - INFO - Loading fact_employee_performance...
2025-12-07 21:37:15,707 - etl.load.load_facts - INFO - [OK] Loaded 306 rows to fact_employee_performance
2025-12-07 21:37:15,708 - etl.load.load_facts - INFO - Verifying fact tables...
2025-12-07 21:37:15,869 - etl.load.load_facts - INFO - ======================================================================
2025-12-07 21:37:15,869 - etl.load.load_facts - INFO - [OK] ALL FACT TABLES LOADED SUCCESSFULLY!
2025-12-07 21:37:15,869 - etl.load.load_facts - INFO - Total time: 0.61 seconds
2025-12-07 21:37:15,869 - etl.load.load_facts - INFO - ======================================================================
2025-12-07 21:37:15,869 - __main__ - INFO - 
2025-12-07 21:37:15,869 - __main__ - INFO - STEP 6: EXPORT TO DATA LAKE
2025-12-07 21:37:15,869 - __main__ - INFO - --------------------------------------------------------------------------------
2025-12-07 21:37:15,869 - __main__ - INFO - Bronze Layer: Raw files already in data/lake/raw/
2025-12-07 21:37:15,869 - __main__ - INFO - Exporting to Silver Layer (Processed)...
2025-12-07 21:37:15,874 - etl.export_to_silver_layer - INFO -   → cleaned_sales.parquet
2025-12-07 21:37:15,952 - etl.export_to_silver_layer - INFO -      Exported 991 rows
2025-12-07 21:37:15,953 - etl.export_to_silver_layer - INFO -   → cleaned_hr.parquet
2025-12-07 21:37:15,956 - etl.export_to_silver_layer - INFO -      Exported 311 rows
2025-12-07 21:37:15,956 - etl.export_to_silver_layer - INFO -   → cleaned_marketing.parquet
2025-12-07 21:37:15,989 - etl.export_to_silver_layer - INFO -      Exported 1000 rows
2025-12-07 21:37:15,989 - etl.export_to_silver_layer - INFO - ✅ Silver layer: 3 files created in data\lake\processed
2025-12-07 21:37:15,990 - __main__ - INFO - ✅ Silver layer export completed
2025-12-07 21:37:15,990 - __main__ - INFO - Exporting to Gold Layer (Curated)...
2025-12-07 21:37:16,011 - etl.export_to_gold_layer - INFO -   → sales_metrics_daily.parquet
2025-12-07 21:37:16,074 - etl.export_to_gold_layer - INFO -      Exported 177 rows
2025-12-07 21:37:16,074 - etl.export_to_gold_layer - INFO -   → product_performance.parquet
2025-12-07 21:37:16,085 - etl.export_to_gold_layer - INFO -      Exported 6 rows
2025-12-07 21:37:16,085 - etl.export_to_gold_layer - INFO -   → branch_performance.parquet
2025-12-07 21:37:16,095 - etl.export_to_gold_layer - INFO -      Exported 2 rows
2025-12-07 21:37:16,095 - etl.export_to_gold_layer - INFO -   → payment_analysis.parquet
2025-12-07 21:37:16,100 - etl.export_to_gold_layer - ERROR - Failed to export Gold layer: (psycopg2.errors.UndefinedColumn) column pm.payment_method does not exist
LINE 3:                 pm.payment_method,
                        ^

[SQL: 
            SELECT 
                pm.payment_method,
                COUNT(DISTINCT fs.id_invoice) as transaction_count,
                SUM(fs.total_penjualan_sebelum_pajak) as total_revenue,
                AVG(fs.total_penjualan_sebelum_pajak) as avg_transaction_value,
                AVG(fs.rating) as avg_rating
            FROM fact_sales fs
            JOIN dim_payment pm ON fs.payment_key = pm.payment_key
            GROUP BY pm.payment_method
            ORDER BY transaction_count DESC
        ]
(Background on this error at: https://sqlalche.me/e/20/f405)
2025-12-07 21:37:16,106 - etl.export_to_gold_layer - ERROR - Traceback (most recent call last):
  File "C:\Users\Asus\AppData\Local\Programs\Python\Python311\Lib\site-packages\sqlalchemy\engine\base.py", line 1969, in _exec_single_context
    self.dialect.do_execute(
  File "C:\Users\Asus\AppData\Local\Programs\Python\Python311\Lib\site-packages\sqlalchemy\engine\default.py", line 922, in do_execute
    cursor.execute(statement, parameters)
psycopg2.errors.UndefinedColumn: column pm.payment_method does not exist
LINE 3:                 pm.payment_method,
                        ^


The above exception was the direct cause of the following exception:

Traceback (most recent call last):
  File "D:\FILE SM 5\nourish-beauty-dwh-uiux\etl\export_to_gold_layer.py", line 116, in export_to_gold
    df = pd.read_sql(query, conn)
         ^^^^^^^^^^^^^^^^^^^^^^^^
  File "C:\Users\Asus\AppData\Local\Programs\Python\Python311\Lib\site-packages\pandas\io\sql.py", line 682, in read_sql
    return pandas_sql.read_query(
           ^^^^^^^^^^^^^^^^^^^^^^
  File "C:\Users\Asus\AppData\Local\Programs\Python\Python311\Lib\site-packages\pandas\io\sql.py", line 1776, in read_query
    result = self.execute(sql, params)
             ^^^^^^^^^^^^^^^^^^^^^^^^^
  File "C:\Users\Asus\AppData\Local\Programs\Python\Python311\Lib\site-packages\pandas\io\sql.py", line 1600, in execute
    return self.con.execute(sql, *args)
           ^^^^^^^^^^^^^^^^^^^^^^^^^^^^
  File "C:\Users\Asus\AppData\Local\Programs\Python\Python311\Lib\site-packages\sqlalchemy\engine\base.py", line 1416, in execute
    return meth(
           ^^^^^
  File "C:\Users\Asus\AppData\Local\Programs\Python\Python311\Lib\site-packages\sqlalchemy\sql\elements.py", line 516, in _execute_on_connection
    return connection._execute_clauseelement(
           ^^^^^^^^^^^^^^^^^^^^^^^^^^^^^^^^^^
  File "C:\Users\Asus\AppData\Local\Programs\Python\Python311\Lib\site-packages\sqlalchemy\engine\base.py", line 1639, in _execute_clauseelement
    ret = self._execute_context(
          ^^^^^^^^^^^^^^^^^^^^^^
  File "C:\Users\Asus\AppData\Local\Programs\Python\Python311\Lib\site-packages\sqlalchemy\engine\base.py", line 1848, in _execute_context
    return self._exec_single_context(
           ^^^^^^^^^^^^^^^^^^^^^^^^^^
  File "C:\Users\Asus\AppData\Local\Programs\Python\Python311\Lib\site-packages\sqlalchemy\engine\base.py", line 1988, in _exec_single_context
    self._handle_dbapi_exception(
  File "C:\Users\Asus\AppData\Local\Programs\Python\Python311\Lib\site-packages\sqlalchemy\engine\base.py", line 2343, in _handle_dbapi_exception
    raise sqlalchemy_exception.with_traceback(exc_info[2]) from e
  File "C:\Users\Asus\AppData\Local\Programs\Python\Python311\Lib\site-packages\sqlalchemy\engine\base.py", line 1969, in _exec_single_context
    self.dialect.do_execute(
  File "C:\Users\Asus\AppData\Local\Programs\Python\Python311\Lib\site-packages\sqlalchemy\engine\default.py", line 922, in do_execute
    cursor.execute(statement, parameters)
sqlalchemy.exc.ProgrammingError: (psycopg2.errors.UndefinedColumn) column pm.payment_method does not exist
LINE 3:                 pm.payment_method,
                        ^

[SQL: 
            SELECT 
                pm.payment_method,
                COUNT(DISTINCT fs.id_invoice) as transaction_count,
                SUM(fs.total_penjualan_sebelum_pajak) as total_revenue,
                AVG(fs.total_penjualan_sebelum_pajak) as avg_transaction_value,
                AVG(fs.rating) as avg_rating
            FROM fact_sales fs
            JOIN dim_payment pm ON fs.payment_key = pm.payment_key
            GROUP BY pm.payment_method
            ORDER BY transaction_count DESC
        ]
(Background on this error at: https://sqlalche.me/e/20/f405)

2025-12-07 21:37:16,109 - __main__ - WARNING - [WARN] Data Lake export failed: (psycopg2.errors.UndefinedColumn) column pm.payment_method does not exist
LINE 3:                 pm.payment_method,
                        ^

[SQL: 
            SELECT 
                pm.payment_method,
                COUNT(DISTINCT fs.id_invoice) as transaction_count,
                SUM(fs.total_penjualan_sebelum_pajak) as total_revenue,
                AVG(fs.total_penjualan_sebelum_pajak) as avg_transaction_value,
                AVG(fs.rating) as avg_rating
            FROM fact_sales fs
            JOIN dim_payment pm ON fs.payment_key = pm.payment_key
            GROUP BY pm.payment_method
            ORDER BY transaction_count DESC
        ]
(Background on this error at: https://sqlalche.me/e/20/f405)
2025-12-07 21:37:16,109 - __main__ - WARNING -        Main DW pipeline successful. Lake export is optional.
2025-12-07 21:37:16,109 - __main__ - INFO - 
2025-12-07 21:37:16,109 - __main__ - INFO - STEP 7: DATA VERIFICATION
2025-12-07 21:37:16,109 - __main__ - INFO - --------------------------------------------------------------------------------
2025-12-07 21:37:16,151 - __main__ - INFO - 
Data Warehouse Row Counts:
2025-12-07 21:37:16,167 - __main__ - INFO - 
               table_name  row_count
               dim_cabang          6
             dim_customer       1000
             dim_employee        311
              dim_payment          6
               dim_produk          6
              dim_tanggal       7305
fact_employee_performance        306
  fact_marketing_response       1000
               fact_sales        664
2025-12-07 21:37:16,167 - __main__ - INFO - 
Data Lake Status:
2025-12-07 21:37:16,167 - __main__ - INFO -   Bronze Layer: 3 files
2025-12-07 21:37:16,167 - __main__ - INFO -   Silver Layer: 3 files
2025-12-07 21:37:16,167 - __main__ - INFO -   Gold Layer: 3 files
2025-12-07 21:37:16,167 - __main__ - INFO - 
2025-12-07 21:37:16,167 - __main__ - INFO - ================================================================================
2025-12-07 21:37:16,167 - __main__ - INFO - [OK] ETL PIPELINE COMPLETED SUCCESSFULLY!
2025-12-07 21:37:16,167 - __main__ - INFO - ================================================================================
2025-12-07 21:37:16,167 - __main__ - INFO - Log file: logs\etl_pipeline_20251207_213709.log
2025-12-07 21:37:16,167 - __main__ - INFO - Duration: 6.73 seconds
2025-12-07 21:37:16,167 - __main__ - INFO - Completed at: 2025-12-07 21:37:16
2025-12-07 21:37:16,167 - __main__ - INFO - ================================================================================
