2025-12-10 22:26:28,492 - __main__ - INFO - ================================================================================
2025-12-10 22:26:28,496 - __main__ - INFO - NOURISH BEAUTY DATA WAREHOUSE - ETL PIPELINE
2025-12-10 22:26:28,496 - __main__ - INFO -    Author: Raudatul Sholehah - 2310817220002
2025-12-10 22:26:28,497 - __main__ - INFO -    Date: 2025-12-10 22:26:28
2025-12-10 22:26:28,498 - __main__ - INFO - ================================================================================
2025-12-10 22:26:28,498 - __main__ - INFO - 
2025-12-10 22:26:28,498 - __main__ - INFO - STEP 1: Testing Database Connection
2025-12-10 22:26:28,499 - __main__ - INFO - --------------------------------------------------------------------------------
2025-12-10 22:26:29,143 - __main__ - INFO - 
2025-12-10 22:26:29,143 - __main__ - INFO - STEP 2: EXTRACT PHASE
2025-12-10 22:26:29,143 - __main__ - INFO - --------------------------------------------------------------------------------
2025-12-10 22:26:30,155 - __main__ - INFO - Extracting Sales Data...
2025-12-10 22:26:30,156 - etl.extract.extract_sales - INFO - Starting sales data extraction...
2025-12-10 22:26:30,157 - etl.extract.extract_sales - INFO - Reading file: /app/data/raw/SuperMarket-Analysis-penjualan.csv
2025-12-10 22:26:30,176 - etl.extract.extract_sales - INFO - [OK] Loaded 1000 rows from SuperMarket-Analysis-penjualan.csv
2025-12-10 22:26:30,177 - etl.extract.extract_sales - INFO - Applying transformations...
2025-12-10 22:26:30,177 - etl.transform.transform_sales - INFO - Applying 40 transformation rules to sales data...
2025-12-10 22:26:30,177 - etl.transform.transform_sales - INFO -    Initial row count: 1000
2025-12-10 22:26:30,178 - etl.transform.transform_sales - INFO - RULE 0: Pre-cleaning Indonesian number format & USD to IDR conversion...
2025-12-10 22:26:30,181 - etl.transform.transform_sales - INFO -    ✓ Detected USD format (avg: $307.59)
2025-12-10 22:26:30,183 - etl.transform.transform_sales - INFO -    harga_satuan: 74.69 → Rp 1,120,350
2025-12-10 22:26:30,185 - etl.transform.transform_sales - INFO -    pajak_5_persen: 261.415 → Rp 3,921,225
2025-12-10 22:26:30,186 - etl.transform.transform_sales - INFO -    total_penjualan_sebelum_pajak: 522.83 → Rp 7,842,450
2025-12-10 22:26:30,191 - etl.transform.transform_sales - INFO -    pendapatan_kotor: 261.415 → Rp 3,921,225
2025-12-10 22:26:30,192 - etl.transform.transform_sales - INFO -    persentase_gross_margin: 4761904762.00% (kept as percentage)
2025-12-10 22:26:30,193 - etl.transform.transform_sales - INFO - RULE 1-5: Data Type Conversion
2025-12-10 22:26:30,204 - etl.transform.transform_sales - INFO - RULE 6-10: Handle Missing Values
2025-12-10 22:26:30,209 - etl.transform.transform_sales - INFO - RULE 11-15: Data Cleaning
2025-12-10 22:26:30,217 - etl.transform.transform_sales - INFO - RULE 16-20: Standardization
2025-12-10 22:26:30,222 - etl.transform.transform_sales - INFO - RULE 21-25: Calculate Derived Fields
2025-12-10 22:26:30,226 - etl.transform.transform_sales - INFO - RULE 26-30: Validation & Quality Checks
2025-12-10 22:26:30,233 - etl.transform.transform_sales - INFO - RULE 31-35: Business Logic & Categorization
2025-12-10 22:26:30,242 - etl.transform.transform_sales - INFO - RULE 36-40: Final Cleaning & Outlier Removal
2025-12-10 22:26:30,251 - etl.transform.transform_sales - INFO - [OK] Transformation complete!
2025-12-10 22:26:30,253 - etl.transform.transform_sales - INFO -    Initial rows: 1000
2025-12-10 22:26:30,253 - etl.transform.transform_sales - INFO -    Final rows: 991
2025-12-10 22:26:30,254 - etl.transform.transform_sales - INFO -    Removed: 9 (0.9%)
2025-12-10 22:26:30,254 - etl.transform.transform_sales - INFO -    Retention rate: 99.1%
2025-12-10 22:26:30,254 - etl.transform.transform_sales - INFO -    Currency converted: USD → IDR (rate: 15,000)
2025-12-10 22:26:30,255 - etl.transform.transform_sales - INFO - 
   SUMMARY STATISTICS (in IDR):
2025-12-10 22:26:30,255 - etl.transform.transform_sales - INFO -    - Total Revenue: Rp 4,502,404,650
2025-12-10 22:26:30,255 - etl.transform.transform_sales - INFO -    - Avg Transaction: Rp 4,543,294
2025-12-10 22:26:30,256 - etl.transform.transform_sales - INFO -    - Min Transaction: Rp 152,550
2025-12-10 22:26:30,257 - etl.transform.transform_sales - INFO -    - Max Transaction: Rp 14,895,000
2025-12-10 22:26:30,283 - etl.extract.extract_sales - INFO - [OK] Saved to staging file: /app/data/staging/staging_sales.csv
2025-12-10 22:26:30,283 - etl.extract.extract_sales - INFO - [OK] Extraction complete: 991 records ready
2025-12-10 22:26:30,284 - etl.extract.extract_sales - INFO - 
Loading sales data to staging_sales table...
2025-12-10 22:26:30,284 - etl.extract.extract_sales - INFO -    Records to load: 991
2025-12-10 22:26:30,285 - etl.extract.extract_sales - INFO -    Truncating staging_sales table...
2025-12-10 22:26:30,456 - etl.extract.extract_sales - INFO -    Original shape: (991, 17)
2025-12-10 22:26:30,460 - etl.extract.extract_sales - INFO -    Original columns: ['id_invoice', 'cabang', 'kota', 'tipe_customer', 'jenis_kelamin', 'kategori_produk', 'harga_satuan', 'jumlah', 'pajak_5_persen', 'tanggal', 'waktu', 'metode_pembayaran', 'total_penjualan_sebelum_pajak', 'persentase_gross_margin', 'pendapatan_kotor', 'rating', 'load_timestamp']
2025-12-10 22:26:30,466 - etl.extract.extract_sales - INFO -    Clean shape: (991, 17)
2025-12-10 22:26:30,467 - etl.extract.extract_sales - INFO -    Clean columns: ['id_invoice', 'cabang', 'kota', 'tipe_customer', 'jenis_kelamin', 'kategori_produk', 'harga_satuan', 'jumlah', 'pajak_5_persen', 'tanggal', 'waktu', 'metode_pembayaran', 'total_penjualan_sebelum_pajak', 'persentase_gross_margin', 'pendapatan_kotor', 'rating', 'load_timestamp']
2025-12-10 22:26:30,473 - etl.extract.extract_sales - INFO -    Loading data in 10 chunks of 100 rows...
2025-12-10 22:26:30,594 - etl.extract.extract_sales - INFO -    ✓ Chunk 1/10 loaded (100 rows, total: 100)
2025-12-10 22:26:30,635 - etl.extract.extract_sales - INFO -    ✓ Chunk 2/10 loaded (100 rows, total: 200)
2025-12-10 22:26:30,674 - etl.extract.extract_sales - INFO -    ✓ Chunk 3/10 loaded (100 rows, total: 300)
2025-12-10 22:26:30,709 - etl.extract.extract_sales - INFO -    ✓ Chunk 4/10 loaded (100 rows, total: 400)
2025-12-10 22:26:30,740 - etl.extract.extract_sales - INFO -    ✓ Chunk 5/10 loaded (100 rows, total: 500)
2025-12-10 22:26:30,771 - etl.extract.extract_sales - INFO -    ✓ Chunk 6/10 loaded (100 rows, total: 600)
2025-12-10 22:26:30,804 - etl.extract.extract_sales - INFO -    ✓ Chunk 7/10 loaded (100 rows, total: 700)
2025-12-10 22:26:30,842 - etl.extract.extract_sales - INFO -    ✓ Chunk 8/10 loaded (100 rows, total: 800)
2025-12-10 22:26:30,948 - etl.extract.extract_sales - INFO -    ✓ Chunk 9/10 loaded (100 rows, total: 900)
2025-12-10 22:26:30,984 - etl.extract.extract_sales - INFO -    ✓ Chunk 10/10 loaded (91 rows, total: 991)
2025-12-10 22:26:30,985 - etl.extract.extract_sales - INFO - [OK] Successfully loaded 991 rows to staging_sales
2025-12-10 22:26:30,988 - etl.extract.extract_sales - INFO - [OK] Verified staging_sales row count: 991
2025-12-10 22:26:30,991 - etl.extract.extract_sales - INFO - [OK] Stats: Rows=991, Avg=Rp 4,543,294, Min=Rp 152,550, Max=Rp 14,895,000
2025-12-10 22:26:30,993 - __main__ - INFO - Extracting HR Data...
2025-12-10 22:26:30,993 - etl.extract.extract_hr - INFO - Starting HR data extraction...
2025-12-10 22:26:30,994 - etl.extract.extract_hr - INFO - Reading file: /app/data/raw/HRDataset.csv
2025-12-10 22:26:31,005 - etl.extract.extract_hr - INFO - [OK] Loaded 311 rows from HRDataset.csv
2025-12-10 22:26:31,006 - etl.extract.extract_hr - INFO -    Columns: 36
2025-12-10 22:26:31,006 - etl.extract.extract_hr - INFO -    Converting date column: dob
2025-12-10 22:26:31,008 - etl.extract.extract_hr - INFO -    Converting date column: dateofhire
2025-12-10 22:26:31,011 - etl.extract.extract_hr - INFO -    Converting date column: dateoftermination
2025-12-10 22:26:31,013 - etl.extract.extract_hr - INFO -    Converting date column: lastperformancereview_date
2025-12-10 22:26:31,034 - etl.extract.extract_hr - INFO - [OK] Saved to staging file: /app/data/staging/staging_hr.csv
2025-12-10 22:26:31,035 - etl.extract.extract_hr - INFO - [OK] Extraction complete: 311 records ready
2025-12-10 22:26:31,035 - etl.extract.extract_hr - INFO - Loading HR data to staging_hr table...
2025-12-10 22:26:31,035 - etl.extract.extract_hr - INFO -    Records to load: 311
2025-12-10 22:26:31,036 - etl.extract.extract_hr - INFO -    Truncating staging_hr table...
2025-12-10 22:26:31,088 - etl.extract.extract_hr - INFO -    Loading rows individually...
2025-12-10 22:26:31,636 - etl.extract.extract_hr - INFO -    Progress: 50/311 rows loaded
2025-12-10 22:26:32,214 - etl.extract.extract_hr - INFO -    Progress: 100/311 rows loaded
2025-12-10 22:26:32,758 - etl.extract.extract_hr - INFO -    Progress: 150/311 rows loaded
2025-12-10 22:26:34,911 - etl.extract.extract_hr - INFO -    Progress: 200/311 rows loaded
2025-12-10 22:26:35,560 - etl.extract.extract_hr - INFO -    Progress: 250/311 rows loaded
2025-12-10 22:26:36,201 - etl.extract.extract_hr - INFO -    Progress: 300/311 rows loaded
2025-12-10 22:26:36,439 - etl.extract.extract_hr - INFO -    Progress: 311/311 rows loaded
2025-12-10 22:26:36,439 - etl.extract.extract_hr - INFO - [OK] Successfully loaded 311 rows
2025-12-10 22:26:36,445 - etl.extract.extract_hr - INFO - [OK] Verified row count: 311
2025-12-10 22:26:36,446 - __main__ - INFO - Extracting Marketing Data...
2025-12-10 22:26:36,446 - etl.extract.extract_marketing - INFO - Starting marketing data extraction...
2025-12-10 22:26:36,447 - etl.extract.extract_marketing - INFO - Reading file: /app/data/raw/marketing_campaign.csv
2025-12-10 22:26:36,447 - etl.extract.extract_marketing - INFO -    Trying delimiter: '	'
2025-12-10 22:26:36,460 - etl.extract.extract_marketing - WARNING -    Failed: only 1 columns detected
2025-12-10 22:26:36,460 - etl.extract.extract_marketing - INFO -    Trying delimiter: ';'
2025-12-10 22:26:36,491 - etl.extract.extract_marketing - INFO -    [OK] Successfully read with delimiter ';'
2025-12-10 22:26:36,491 - etl.extract.extract_marketing - INFO -    Columns detected: 29
2025-12-10 22:26:36,491 - etl.extract.extract_marketing - INFO - [OK] Loaded 1000 rows from marketing_campaign.csv
2025-12-10 22:26:36,491 - etl.extract.extract_marketing - INFO -    Columns: ['ID', 'Year_Birth', 'Education', 'Marital_Status', 'Income']... (29 total)
2025-12-10 22:26:36,492 - etl.extract.extract_marketing - INFO -    Converting date column: dt_customer
2025-12-10 22:26:36,523 - etl.extract.extract_marketing - INFO - [OK] Saved to staging file: /app/data/staging/staging_marketing.csv
2025-12-10 22:26:36,524 - etl.extract.extract_marketing - INFO - [OK] Extraction complete: 1000 records ready
2025-12-10 22:26:36,524 - etl.extract.extract_marketing - INFO - Loading marketing data to staging_marketing table...
2025-12-10 22:26:36,524 - etl.extract.extract_marketing - INFO -    Records to load: 1000
2025-12-10 22:26:36,525 - etl.extract.extract_marketing - INFO -    Dropping and recreating staging_marketing table...
2025-12-10 22:26:36,604 - etl.extract.extract_marketing - INFO -    Loading data with auto-schema detection...
2025-12-10 22:26:37,146 - etl.extract.extract_marketing - INFO - [OK] Successfully loaded 1000 rows
2025-12-10 22:26:37,151 - etl.extract.extract_marketing - INFO - [OK] Verified row count: 1000
2025-12-10 22:26:37,152 - __main__ - INFO - [OK] Extract phase completed!
2025-12-10 22:26:37,152 - __main__ - INFO - 
2025-12-10 22:26:37,152 - __main__ - INFO - STEP 3: TRANSFORM PHASE
2025-12-10 22:26:37,152 - __main__ - INFO - --------------------------------------------------------------------------------
2025-12-10 22:26:37,153 - __main__ - INFO - Transformation rules will be applied during load phase
2025-12-10 22:26:37,153 - __main__ - INFO - [OK] 40 transformation rules ready
2025-12-10 22:26:37,153 - __main__ - INFO - 
2025-12-10 22:26:37,153 - __main__ - INFO - STEP 4: LOAD DIMENSIONS
2025-12-10 22:26:37,153 - __main__ - INFO - --------------------------------------------------------------------------------
2025-12-10 22:26:37,158 - etl.load.load_dimensions - INFO - ======================================================================
2025-12-10 22:26:37,158 - etl.load.load_dimensions - INFO - STARTING DIMENSION LOAD PROCESS
2025-12-10 22:26:37,158 - etl.load.load_dimensions - INFO - ======================================================================
2025-12-10 22:26:37,158 - etl.load.load_dimensions - INFO - Loading dim_produk...
2025-12-10 22:26:37,372 - etl.load.load_dimensions - INFO - [OK] Loaded 6 products to dim_produk
2025-12-10 22:26:37,372 - etl.load.load_dimensions - INFO - Loading dim_customer...
2025-12-10 22:26:37,544 - etl.load.load_dimensions - INFO -    Truncated dim_customer table
2025-12-10 22:26:37,597 - etl.load.load_dimensions - INFO -    Loaded chunk 1: 50 rows (Total: 50/1000)
2025-12-10 22:26:37,612 - etl.load.load_dimensions - INFO -    Loaded chunk 2: 50 rows (Total: 100/1000)
2025-12-10 22:26:37,627 - etl.load.load_dimensions - INFO -    Loaded chunk 3: 50 rows (Total: 150/1000)
2025-12-10 22:26:37,640 - etl.load.load_dimensions - INFO -    Loaded chunk 4: 50 rows (Total: 200/1000)
2025-12-10 22:26:37,654 - etl.load.load_dimensions - INFO -    Loaded chunk 5: 50 rows (Total: 250/1000)
2025-12-10 22:26:37,668 - etl.load.load_dimensions - INFO -    Loaded chunk 6: 50 rows (Total: 300/1000)
2025-12-10 22:26:37,683 - etl.load.load_dimensions - INFO -    Loaded chunk 7: 50 rows (Total: 350/1000)
2025-12-10 22:26:37,697 - etl.load.load_dimensions - INFO -    Loaded chunk 8: 50 rows (Total: 400/1000)
2025-12-10 22:26:37,712 - etl.load.load_dimensions - INFO -    Loaded chunk 9: 50 rows (Total: 450/1000)
2025-12-10 22:26:37,728 - etl.load.load_dimensions - INFO -    Loaded chunk 10: 50 rows (Total: 500/1000)
2025-12-10 22:26:37,743 - etl.load.load_dimensions - INFO -    Loaded chunk 11: 50 rows (Total: 550/1000)
2025-12-10 22:26:37,758 - etl.load.load_dimensions - INFO -    Loaded chunk 12: 50 rows (Total: 600/1000)
2025-12-10 22:26:37,772 - etl.load.load_dimensions - INFO -    Loaded chunk 13: 50 rows (Total: 650/1000)
2025-12-10 22:26:37,786 - etl.load.load_dimensions - INFO -    Loaded chunk 14: 50 rows (Total: 700/1000)
2025-12-10 22:26:37,800 - etl.load.load_dimensions - INFO -    Loaded chunk 15: 50 rows (Total: 750/1000)
2025-12-10 22:26:37,814 - etl.load.load_dimensions - INFO -    Loaded chunk 16: 50 rows (Total: 800/1000)
2025-12-10 22:26:37,827 - etl.load.load_dimensions - INFO -    Loaded chunk 17: 50 rows (Total: 850/1000)
2025-12-10 22:26:37,842 - etl.load.load_dimensions - INFO -    Loaded chunk 18: 50 rows (Total: 900/1000)
2025-12-10 22:26:37,862 - etl.load.load_dimensions - INFO -    Loaded chunk 19: 50 rows (Total: 950/1000)
2025-12-10 22:26:37,878 - etl.load.load_dimensions - INFO -    Loaded chunk 20: 50 rows (Total: 1000/1000)
2025-12-10 22:26:37,879 - etl.load.load_dimensions - INFO - [OK] Successfully loaded 1000 customers to dim_customer
2025-12-10 22:26:37,879 - etl.load.load_dimensions - INFO - Loading dim_employee...
2025-12-10 22:26:37,934 - etl.load.load_dimensions - INFO -    Truncated dim_employee table
2025-12-10 22:26:37,956 - etl.load.load_dimensions - INFO -    Loaded 25/311 employees...
2025-12-10 22:26:37,968 - etl.load.load_dimensions - INFO -    Loaded 50/311 employees...
2025-12-10 22:26:37,982 - etl.load.load_dimensions - INFO -    Loaded 75/311 employees...
2025-12-10 22:26:37,994 - etl.load.load_dimensions - INFO -    Loaded 100/311 employees...
2025-12-10 22:26:38,006 - etl.load.load_dimensions - INFO -    Loaded 125/311 employees...
2025-12-10 22:26:38,016 - etl.load.load_dimensions - INFO -    Loaded 150/311 employees...
2025-12-10 22:26:38,027 - etl.load.load_dimensions - INFO -    Loaded 175/311 employees...
2025-12-10 22:26:38,037 - etl.load.load_dimensions - INFO -    Loaded 200/311 employees...
2025-12-10 22:26:38,048 - etl.load.load_dimensions - INFO -    Loaded 225/311 employees...
2025-12-10 22:26:38,059 - etl.load.load_dimensions - INFO -    Loaded 250/311 employees...
2025-12-10 22:26:38,069 - etl.load.load_dimensions - INFO -    Loaded 275/311 employees...
2025-12-10 22:26:38,078 - etl.load.load_dimensions - INFO -    Loaded 300/311 employees...
2025-12-10 22:26:38,085 - etl.load.load_dimensions - INFO -    Loaded 311/311 employees...
2025-12-10 22:26:38,086 - etl.load.load_dimensions - INFO - [OK] Successfully loaded 311 employees to dim_employee
2025-12-10 22:26:38,087 - etl.load.load_dimensions - INFO - Verifying dimension tables...
2025-12-10 22:26:38,256 - etl.load.load_dimensions - INFO - ======================================================================
2025-12-10 22:26:38,256 - etl.load.load_dimensions - INFO - [OK] ALL DIMENSIONS LOADED SUCCESSFULLY!
2025-12-10 22:26:38,257 - etl.load.load_dimensions - INFO - Total time: 1.10 seconds
2025-12-10 22:26:38,257 - etl.load.load_dimensions - INFO - ======================================================================
2025-12-10 22:26:38,258 - __main__ - INFO - 
2025-12-10 22:26:38,258 - __main__ - INFO - STEP 5: LOAD FACT TABLES
2025-12-10 22:26:38,258 - __main__ - INFO - --------------------------------------------------------------------------------
2025-12-10 22:26:38,260 - etl.load.load_facts - INFO - ======================================================================
2025-12-10 22:26:38,261 - etl.load.load_facts - INFO - STARTING FACT TABLES LOAD PROCESS
2025-12-10 22:26:38,261 - etl.load.load_facts - INFO - ======================================================================
2025-12-10 22:26:38,261 - etl.load.load_facts - INFO - Loading fact_sales...
2025-12-10 22:26:38,346 - etl.load.load_facts - INFO -    Truncated fact_sales table
2025-12-10 22:26:38,350 - etl.load.load_facts - INFO -    Debug - Sample data: [(datetime.date(2019, 1, 5), 'Skincare', 'Banjarmasin', 'Ewallet'), (datetime.date(2019, 3, 8), 'Make Up', 'Banjarbaru', 'Cash'), (datetime.date(2019, 3, 3), 'Body Care', 'Banjarmasin', 'Credit card')]
2025-12-10 22:26:38,400 - etl.load.load_facts - INFO - [OK] Loaded 991 rows to fact_sales
2025-12-10 22:26:38,402 - etl.load.load_facts - INFO - Loading fact_marketing_response...
2025-12-10 22:26:38,550 - etl.load.load_facts - INFO -    Debug - Marketing: 1000 rows, dates: 2012-08-01 to 2014-06-29
2025-12-10 22:26:38,550 - etl.load.load_facts - INFO -    Debug - dim_tanggal: 4829 dates, range: 2006-01-09 to 2019-03-30
2025-12-10 22:26:38,550 - etl.load.load_facts - INFO -    Debug - Matching rows after JOIN: 1000
2025-12-10 22:26:38,574 - etl.load.load_facts - INFO - [OK] Loaded 1000 rows to fact_marketing_response
2025-12-10 22:26:38,574 - etl.load.load_facts - INFO - Loading fact_employee_performance...
2025-12-10 22:26:38,626 - etl.load.load_facts - INFO - [OK] Loaded 311 rows to fact_employee_performance
2025-12-10 22:26:38,627 - etl.load.load_facts - INFO - Verifying fact tables...
2025-12-10 22:26:38,678 - etl.load.load_facts - INFO - ======================================================================
2025-12-10 22:26:38,679 - etl.load.load_facts - INFO - [OK] ALL FACT TABLES LOADED SUCCESSFULLY!
2025-12-10 22:26:38,679 - etl.load.load_facts - INFO - Total time: 0.42 seconds
2025-12-10 22:26:38,679 - etl.load.load_facts - INFO - ======================================================================
2025-12-10 22:26:38,679 - __main__ - INFO - 
2025-12-10 22:26:38,679 - __main__ - INFO - STEP 6: EXPORT TO DATA LAKE
2025-12-10 22:26:38,680 - __main__ - INFO - --------------------------------------------------------------------------------
2025-12-10 22:26:38,680 - __main__ - INFO - Bronze Layer: Raw files already in data/lake/raw/
2025-12-10 22:26:38,680 - __main__ - INFO - Exporting to Silver Layer (Processed)...
2025-12-10 22:26:38,682 - etl.export_to_silver_layer - INFO -   → cleaned_sales.parquet
2025-12-10 22:26:38,846 - etl.export_to_silver_layer - INFO -      Exported 991 rows
2025-12-10 22:26:38,846 - etl.export_to_silver_layer - INFO -   → cleaned_hr.parquet
2025-12-10 22:26:38,887 - etl.export_to_silver_layer - INFO -      Exported 311 rows
2025-12-10 22:26:38,888 - etl.export_to_silver_layer - INFO -   → cleaned_marketing.parquet
2025-12-10 22:26:38,943 - etl.export_to_silver_layer - INFO -      Exported 1000 rows
2025-12-10 22:26:38,948 - etl.export_to_silver_layer - INFO - ✅ Silver layer: 3 files created in data/lake/processed
2025-12-10 22:26:38,949 - __main__ - INFO - ✅ Silver layer export completed
2025-12-10 22:26:38,949 - __main__ - INFO - Exporting to Gold Layer (Curated)...
2025-12-10 22:26:38,953 - etl.export_to_gold_layer - INFO -   → sales_metrics_daily.parquet
2025-12-10 22:26:39,027 - etl.export_to_gold_layer - INFO -      Exported 263 rows
2025-12-10 22:26:39,027 - etl.export_to_gold_layer - INFO -   → product_performance.parquet
2025-12-10 22:26:39,049 - etl.export_to_gold_layer - INFO -      Exported 6 rows
2025-12-10 22:26:39,049 - etl.export_to_gold_layer - INFO -   → branch_performance.parquet
2025-12-10 22:26:39,068 - etl.export_to_gold_layer - INFO -      Exported 3 rows
2025-12-10 22:26:39,068 - etl.export_to_gold_layer - INFO -   → payment_analysis.parquet
2025-12-10 22:26:39,092 - etl.export_to_gold_layer - INFO -      Exported 3 rows
2025-12-10 22:26:39,092 - etl.export_to_gold_layer - INFO -   → customer_demographics.parquet
2025-12-10 22:26:39,113 - etl.export_to_gold_layer - INFO -      Exported 4 rows
2025-12-10 22:26:39,113 - etl.export_to_gold_layer - INFO -   → sales_time_patterns.parquet
2025-12-10 22:26:39,133 - etl.export_to_gold_layer - INFO -      Exported 11 rows
2025-12-10 22:26:39,137 - etl.export_to_gold_layer - INFO - ✅ Gold layer: 6 files created in data/lake/curated
2025-12-10 22:26:39,137 - __main__ - INFO - ✅ Gold layer export completed
2025-12-10 22:26:39,138 - __main__ - INFO - [OK] Data Lake export phase completed!
2025-12-10 22:26:39,138 - __main__ - INFO - 
2025-12-10 22:26:39,139 - __main__ - INFO - STEP 7: DATA VERIFICATION
2025-12-10 22:26:39,139 - __main__ - INFO - --------------------------------------------------------------------------------
2025-12-10 22:26:39,218 - __main__ - INFO - 
Data Warehouse Row Counts:
2025-12-10 22:26:39,219 - __main__ - INFO - 
               table_name  row_count
               dim_cabang          3
             dim_customer       1000
             dim_employee        311
              dim_payment          6
               dim_produk         13
              dim_tanggal       4829
fact_employee_performance        311
  fact_marketing_response       1000
               fact_sales        991
2025-12-10 22:26:39,219 - __main__ - INFO - 
Data Lake Status:
2025-12-10 22:26:39,232 - __main__ - INFO -   Bronze Layer: 3 files
2025-12-10 22:26:39,232 - __main__ - INFO -   Silver Layer: 3 files
2025-12-10 22:26:39,232 - __main__ - INFO -   Gold Layer: 6 files
2025-12-10 22:26:39,232 - __main__ - INFO - 
2025-12-10 22:26:39,233 - __main__ - INFO - ================================================================================
2025-12-10 22:26:39,233 - __main__ - INFO - [OK] ETL PIPELINE COMPLETED SUCCESSFULLY!
2025-12-10 22:26:39,233 - __main__ - INFO - ================================================================================
2025-12-10 22:26:39,233 - __main__ - INFO - Log file: logs/etl_pipeline_20251210_222628.log
2025-12-10 22:26:39,233 - __main__ - INFO - Duration: 10.74 seconds
2025-12-10 22:26:39,234 - __main__ - INFO - Completed at: 2025-12-10 22:26:39
2025-12-10 22:26:39,234 - __main__ - INFO - ================================================================================
