2025-12-14 09:05:02,147 - __main__ - INFO - ================================================================================
2025-12-14 09:05:02,149 - __main__ - INFO - NOURISH BEAUTY DATA WAREHOUSE - ETL PIPELINE
2025-12-14 09:05:02,150 - __main__ - INFO -    Author: Raudatul Sholehah - 2310817220002
2025-12-14 09:05:02,150 - __main__ - INFO -    Date: 2025-12-14 09:05:02
2025-12-14 09:05:02,150 - __main__ - INFO - ================================================================================
2025-12-14 09:05:02,151 - __main__ - INFO - 
2025-12-14 09:05:02,151 - __main__ - INFO - STEP 1: Testing Database Connection
2025-12-14 09:05:02,152 - __main__ - INFO - --------------------------------------------------------------------------------
2025-12-14 09:05:02,909 - __main__ - INFO - 
2025-12-14 09:05:02,909 - __main__ - INFO - STEP 2: EXTRACT PHASE
2025-12-14 09:05:02,910 - __main__ - INFO - --------------------------------------------------------------------------------
2025-12-14 09:05:03,562 - __main__ - INFO - Extracting Sales Data...
2025-12-14 09:05:03,563 - etl.extract.extract_sales - INFO - Starting sales data extraction...
2025-12-14 09:05:03,563 - etl.extract.extract_sales - INFO - Reading file: /app/data/raw/SuperMarket-Analysis-penjualan.csv
2025-12-14 09:05:03,586 - etl.extract.extract_sales - INFO - [OK] Loaded 1000 rows from SuperMarket-Analysis-penjualan.csv
2025-12-14 09:05:03,586 - etl.extract.extract_sales - INFO - Applying transformations...
2025-12-14 09:05:03,586 - etl.transform.transform_sales - INFO - Applying 40 transformation rules to sales data...
2025-12-14 09:05:03,586 - etl.transform.transform_sales - INFO -    Initial row count: 1000
2025-12-14 09:05:03,587 - etl.transform.transform_sales - INFO - RULE 0: Pre-cleaning Indonesian number format & USD to IDR conversion...
2025-12-14 09:05:03,589 - etl.transform.transform_sales - INFO -    ✓ Detected USD format (avg: $307.59)
2025-12-14 09:05:03,589 - etl.transform.transform_sales - INFO -    harga_satuan: 74.69 → Rp 1,120,350
2025-12-14 09:05:03,590 - etl.transform.transform_sales - INFO -    pajak_5_persen: 261.415 → Rp 3,921,225
2025-12-14 09:05:03,591 - etl.transform.transform_sales - INFO -    total_penjualan_sebelum_pajak: 522.83 → Rp 7,842,450
2025-12-14 09:05:03,593 - etl.transform.transform_sales - INFO -    pendapatan_kotor: 261.415 → Rp 3,921,225
2025-12-14 09:05:03,594 - etl.transform.transform_sales - INFO -    persentase_gross_margin: 4761904762.00% (kept as percentage)
2025-12-14 09:05:03,594 - etl.transform.transform_sales - INFO - RULE 1-5: Data Type Conversion
2025-12-14 09:05:03,600 - etl.transform.transform_sales - INFO - RULE 6-10: Handle Missing Values
2025-12-14 09:05:03,603 - etl.transform.transform_sales - INFO - RULE 11-15: Data Cleaning
2025-12-14 09:05:03,607 - etl.transform.transform_sales - INFO - RULE 16-20: Standardization
2025-12-14 09:05:03,610 - etl.transform.transform_sales - INFO - RULE 21-25: Calculate Derived Fields
2025-12-14 09:05:03,612 - etl.transform.transform_sales - INFO - RULE 26-30: Validation & Quality Checks
2025-12-14 09:05:03,616 - etl.transform.transform_sales - INFO - RULE 31-35: Business Logic & Categorization
2025-12-14 09:05:03,622 - etl.transform.transform_sales - INFO - RULE 36-40: Final Cleaning & Outlier Removal
2025-12-14 09:05:03,627 - etl.transform.transform_sales - INFO - [OK] Transformation complete!
2025-12-14 09:05:03,628 - etl.transform.transform_sales - INFO -    Initial rows: 1000
2025-12-14 09:05:03,628 - etl.transform.transform_sales - INFO -    Final rows: 991
2025-12-14 09:05:03,628 - etl.transform.transform_sales - INFO -    Removed: 9 (0.9%)
2025-12-14 09:05:03,628 - etl.transform.transform_sales - INFO -    Retention rate: 99.1%
2025-12-14 09:05:03,629 - etl.transform.transform_sales - INFO -    Currency converted: USD → IDR (rate: 15,000)
2025-12-14 09:05:03,629 - etl.transform.transform_sales - INFO - 
   SUMMARY STATISTICS (in IDR):
2025-12-14 09:05:03,629 - etl.transform.transform_sales - INFO -    - Total Revenue: Rp 4,502,404,650
2025-12-14 09:05:03,630 - etl.transform.transform_sales - INFO -    - Avg Transaction: Rp 4,543,294
2025-12-14 09:05:03,631 - etl.transform.transform_sales - INFO -    - Min Transaction: Rp 152,550
2025-12-14 09:05:03,632 - etl.transform.transform_sales - INFO -    - Max Transaction: Rp 14,895,000
2025-12-14 09:05:03,664 - etl.extract.extract_sales - INFO - [OK] Saved to staging file: /app/data/staging/staging_sales.csv
2025-12-14 09:05:03,664 - etl.extract.extract_sales - INFO - [OK] Extraction complete: 991 records ready
2025-12-14 09:05:03,665 - etl.extract.extract_sales - INFO - 
Loading sales data to staging_sales table...
2025-12-14 09:05:03,665 - etl.extract.extract_sales - INFO -    Records to load: 991
2025-12-14 09:05:03,666 - etl.extract.extract_sales - INFO -    Truncating staging_sales table...
2025-12-14 09:05:03,748 - etl.extract.extract_sales - INFO -    Original shape: (991, 17)
2025-12-14 09:05:03,749 - etl.extract.extract_sales - INFO -    Original columns: ['id_invoice', 'cabang', 'kota', 'tipe_customer', 'jenis_kelamin', 'kategori_produk', 'harga_satuan', 'jumlah', 'pajak_5_persen', 'tanggal', 'waktu', 'metode_pembayaran', 'total_penjualan_sebelum_pajak', 'persentase_gross_margin', 'pendapatan_kotor', 'rating', 'load_timestamp']
2025-12-14 09:05:03,750 - etl.extract.extract_sales - INFO -    Clean shape: (991, 17)
2025-12-14 09:05:03,750 - etl.extract.extract_sales - INFO -    Clean columns: ['id_invoice', 'cabang', 'kota', 'tipe_customer', 'jenis_kelamin', 'kategori_produk', 'harga_satuan', 'jumlah', 'pajak_5_persen', 'tanggal', 'waktu', 'metode_pembayaran', 'total_penjualan_sebelum_pajak', 'persentase_gross_margin', 'pendapatan_kotor', 'rating', 'load_timestamp']
2025-12-14 09:05:03,752 - etl.extract.extract_sales - INFO -    Loading data in 10 chunks of 100 rows...
2025-12-14 09:05:03,812 - etl.extract.extract_sales - INFO -    ✓ Chunk 1/10 loaded (100 rows, total: 100)
2025-12-14 09:05:03,844 - etl.extract.extract_sales - INFO -    ✓ Chunk 2/10 loaded (100 rows, total: 200)
2025-12-14 09:05:03,878 - etl.extract.extract_sales - INFO -    ✓ Chunk 3/10 loaded (100 rows, total: 300)
2025-12-14 09:05:03,913 - etl.extract.extract_sales - INFO -    ✓ Chunk 4/10 loaded (100 rows, total: 400)
2025-12-14 09:05:03,947 - etl.extract.extract_sales - INFO -    ✓ Chunk 5/10 loaded (100 rows, total: 500)
2025-12-14 09:05:03,980 - etl.extract.extract_sales - INFO -    ✓ Chunk 6/10 loaded (100 rows, total: 600)
2025-12-14 09:05:04,019 - etl.extract.extract_sales - INFO -    ✓ Chunk 7/10 loaded (100 rows, total: 700)
2025-12-14 09:05:04,057 - etl.extract.extract_sales - INFO -    ✓ Chunk 8/10 loaded (100 rows, total: 800)
2025-12-14 09:05:04,130 - etl.extract.extract_sales - INFO -    ✓ Chunk 9/10 loaded (100 rows, total: 900)
2025-12-14 09:05:04,163 - etl.extract.extract_sales - INFO -    ✓ Chunk 10/10 loaded (91 rows, total: 991)
2025-12-14 09:05:04,163 - etl.extract.extract_sales - INFO - [OK] Successfully loaded 991 rows to staging_sales
2025-12-14 09:05:04,168 - etl.extract.extract_sales - INFO - [OK] Verified staging_sales row count: 991
2025-12-14 09:05:04,172 - etl.extract.extract_sales - INFO - [OK] Stats: Rows=991, Avg=Rp 4,543,294, Min=Rp 152,550, Max=Rp 14,895,000
2025-12-14 09:05:04,174 - __main__ - INFO - Extracting HR Data...
2025-12-14 09:05:04,174 - etl.extract.extract_hr - INFO - Starting HR data extraction...
2025-12-14 09:05:04,174 - etl.extract.extract_hr - INFO - Reading file: /app/data/raw/HRDataset.csv
2025-12-14 09:05:04,216 - etl.extract.extract_hr - INFO - [OK] Loaded 311 rows from HRDataset.csv
2025-12-14 09:05:04,217 - etl.extract.extract_hr - INFO -    Columns: 36
2025-12-14 09:05:04,217 - etl.extract.extract_hr - INFO -    Converting date column: dob
2025-12-14 09:05:04,219 - etl.extract.extract_hr - INFO -    Converting date column: dateofhire
2025-12-14 09:05:04,220 - etl.extract.extract_hr - INFO -    Converting date column: dateoftermination
2025-12-14 09:05:04,222 - etl.extract.extract_hr - INFO -    Converting date column: lastperformancereview_date
2025-12-14 09:05:04,262 - etl.extract.extract_hr - INFO - [OK] Saved to staging file: /app/data/staging/staging_hr.csv
2025-12-14 09:05:04,263 - etl.extract.extract_hr - INFO - [OK] Extraction complete: 311 records ready
2025-12-14 09:05:04,263 - etl.extract.extract_hr - INFO - Loading HR data to staging_hr table...
2025-12-14 09:05:04,263 - etl.extract.extract_hr - INFO -    Records to load: 311
2025-12-14 09:05:04,264 - etl.extract.extract_hr - INFO -    Truncating staging_hr table...
2025-12-14 09:05:04,438 - etl.extract.extract_hr - INFO -    Loading rows individually...
2025-12-14 09:05:04,971 - etl.extract.extract_hr - INFO -    Progress: 50/311 rows loaded
2025-12-14 09:05:05,569 - etl.extract.extract_hr - INFO -    Progress: 100/311 rows loaded
2025-12-14 09:05:06,170 - etl.extract.extract_hr - INFO -    Progress: 150/311 rows loaded
2025-12-14 09:05:06,968 - etl.extract.extract_hr - INFO -    Progress: 200/311 rows loaded
2025-12-14 09:05:09,494 - etl.extract.extract_hr - INFO -    Progress: 250/311 rows loaded
2025-12-14 09:05:10,483 - etl.extract.extract_hr - INFO -    Progress: 300/311 rows loaded
2025-12-14 09:05:10,700 - etl.extract.extract_hr - INFO -    Progress: 311/311 rows loaded
2025-12-14 09:05:10,700 - etl.extract.extract_hr - INFO - [OK] Successfully loaded 311 rows
2025-12-14 09:05:10,710 - etl.extract.extract_hr - INFO - [OK] Verified row count: 311
2025-12-14 09:05:10,711 - __main__ - INFO - Extracting Marketing Data...
2025-12-14 09:05:10,711 - etl.extract.extract_marketing - INFO - Starting marketing data extraction...
2025-12-14 09:05:10,712 - etl.extract.extract_marketing - INFO - Reading file: /app/data/raw/marketing_campaign.csv
2025-12-14 09:05:10,712 - etl.extract.extract_marketing - INFO -    Trying delimiter: '	'
2025-12-14 09:05:10,728 - etl.extract.extract_marketing - WARNING -    Failed: only 1 columns detected
2025-12-14 09:05:10,728 - etl.extract.extract_marketing - INFO -    Trying delimiter: ';'
2025-12-14 09:05:10,762 - etl.extract.extract_marketing - INFO -    [OK] Successfully read with delimiter ';'
2025-12-14 09:05:10,763 - etl.extract.extract_marketing - INFO -    Columns detected: 29
2025-12-14 09:05:10,764 - etl.extract.extract_marketing - INFO - [OK] Loaded 1000 rows from marketing_campaign.csv
2025-12-14 09:05:10,764 - etl.extract.extract_marketing - INFO -    Columns: ['ID', 'Year_Birth', 'Education', 'Marital_Status', 'Income']... (29 total)
2025-12-14 09:05:10,766 - etl.extract.extract_marketing - INFO -    Converting date column: dt_customer
2025-12-14 09:05:10,806 - etl.extract.extract_marketing - INFO - [OK] Saved to staging file: /app/data/staging/staging_marketing.csv
2025-12-14 09:05:10,806 - etl.extract.extract_marketing - INFO - [OK] Extraction complete: 1000 records ready
2025-12-14 09:05:10,807 - etl.extract.extract_marketing - INFO - Loading marketing data to staging_marketing table...
2025-12-14 09:05:10,807 - etl.extract.extract_marketing - INFO -    Records to load: 1000
2025-12-14 09:05:10,808 - etl.extract.extract_marketing - INFO -    Dropping and recreating staging_marketing table...
2025-12-14 09:05:11,078 - etl.extract.extract_marketing - INFO -    Loading data with auto-schema detection...
2025-12-14 09:05:11,540 - etl.extract.extract_marketing - INFO - [OK] Successfully loaded 1000 rows
2025-12-14 09:05:11,544 - etl.extract.extract_marketing - INFO - [OK] Verified row count: 1000
2025-12-14 09:05:11,545 - __main__ - INFO - [OK] Extract phase completed!
2025-12-14 09:05:11,545 - __main__ - INFO - 
2025-12-14 09:05:11,545 - __main__ - INFO - STEP 3: TRANSFORM PHASE
2025-12-14 09:05:11,545 - __main__ - INFO - --------------------------------------------------------------------------------
2025-12-14 09:05:11,546 - __main__ - INFO - Transformation rules will be applied during load phase
2025-12-14 09:05:11,546 - __main__ - INFO - [OK] 40 transformation rules ready
2025-12-14 09:05:11,546 - __main__ - INFO - 
2025-12-14 09:05:11,546 - __main__ - INFO - STEP 4: LOAD DIMENSIONS
2025-12-14 09:05:11,547 - __main__ - INFO - --------------------------------------------------------------------------------
2025-12-14 09:05:11,550 - etl.load.load_dimensions - INFO - ======================================================================
2025-12-14 09:05:11,550 - etl.load.load_dimensions - INFO - STARTING DIMENSION LOAD PROCESS
2025-12-14 09:05:11,551 - etl.load.load_dimensions - INFO - ======================================================================
2025-12-14 09:05:11,551 - etl.load.load_dimensions - INFO - Loading dim_produk...
2025-12-14 09:05:11,784 - etl.load.load_dimensions - INFO - [OK] Loaded 6 products to dim_produk
2025-12-14 09:05:11,784 - etl.load.load_dimensions - INFO - Loading dim_customer...
2025-12-14 09:05:11,852 - etl.load.load_dimensions - INFO -    Truncated dim_customer table
2025-12-14 09:05:11,928 - etl.load.load_dimensions - INFO -    Loaded chunk 1: 50 rows (Total: 50/1000)
2025-12-14 09:05:11,943 - etl.load.load_dimensions - INFO -    Loaded chunk 2: 50 rows (Total: 100/1000)
2025-12-14 09:05:11,958 - etl.load.load_dimensions - INFO -    Loaded chunk 3: 50 rows (Total: 150/1000)
2025-12-14 09:05:11,974 - etl.load.load_dimensions - INFO -    Loaded chunk 4: 50 rows (Total: 200/1000)
2025-12-14 09:05:11,989 - etl.load.load_dimensions - INFO -    Loaded chunk 5: 50 rows (Total: 250/1000)
2025-12-14 09:05:12,005 - etl.load.load_dimensions - INFO -    Loaded chunk 6: 50 rows (Total: 300/1000)
2025-12-14 09:05:12,023 - etl.load.load_dimensions - INFO -    Loaded chunk 7: 50 rows (Total: 350/1000)
2025-12-14 09:05:12,041 - etl.load.load_dimensions - INFO -    Loaded chunk 8: 50 rows (Total: 400/1000)
2025-12-14 09:05:12,060 - etl.load.load_dimensions - INFO -    Loaded chunk 9: 50 rows (Total: 450/1000)
2025-12-14 09:05:12,079 - etl.load.load_dimensions - INFO -    Loaded chunk 10: 50 rows (Total: 500/1000)
2025-12-14 09:05:12,096 - etl.load.load_dimensions - INFO -    Loaded chunk 11: 50 rows (Total: 550/1000)
2025-12-14 09:05:12,113 - etl.load.load_dimensions - INFO -    Loaded chunk 12: 50 rows (Total: 600/1000)
2025-12-14 09:05:12,130 - etl.load.load_dimensions - INFO -    Loaded chunk 13: 50 rows (Total: 650/1000)
2025-12-14 09:05:12,159 - etl.load.load_dimensions - INFO -    Loaded chunk 14: 50 rows (Total: 700/1000)
2025-12-14 09:05:12,192 - etl.load.load_dimensions - INFO -    Loaded chunk 15: 50 rows (Total: 750/1000)
2025-12-14 09:05:12,217 - etl.load.load_dimensions - INFO -    Loaded chunk 16: 50 rows (Total: 800/1000)
2025-12-14 09:05:12,239 - etl.load.load_dimensions - INFO -    Loaded chunk 17: 50 rows (Total: 850/1000)
2025-12-14 09:05:12,260 - etl.load.load_dimensions - INFO -    Loaded chunk 18: 50 rows (Total: 900/1000)
2025-12-14 09:05:12,279 - etl.load.load_dimensions - INFO -    Loaded chunk 19: 50 rows (Total: 950/1000)
2025-12-14 09:05:12,297 - etl.load.load_dimensions - INFO -    Loaded chunk 20: 50 rows (Total: 1000/1000)
2025-12-14 09:05:12,299 - etl.load.load_dimensions - INFO - [OK] Successfully loaded 1000 customers to dim_customer
2025-12-14 09:05:12,299 - etl.load.load_dimensions - INFO - Loading dim_employee...
2025-12-14 09:05:12,400 - etl.load.load_dimensions - INFO -    Truncated dim_employee table
2025-12-14 09:05:12,451 - etl.load.load_dimensions - INFO -    Loaded 25/311 employees...
2025-12-14 09:05:12,463 - etl.load.load_dimensions - INFO -    Loaded 50/311 employees...
2025-12-14 09:05:12,479 - etl.load.load_dimensions - INFO -    Loaded 75/311 employees...
2025-12-14 09:05:12,494 - etl.load.load_dimensions - INFO -    Loaded 100/311 employees...
2025-12-14 09:05:12,513 - etl.load.load_dimensions - INFO -    Loaded 125/311 employees...
2025-12-14 09:05:12,529 - etl.load.load_dimensions - INFO -    Loaded 150/311 employees...
2025-12-14 09:05:12,542 - etl.load.load_dimensions - INFO -    Loaded 175/311 employees...
2025-12-14 09:05:12,554 - etl.load.load_dimensions - INFO -    Loaded 200/311 employees...
2025-12-14 09:05:12,566 - etl.load.load_dimensions - INFO -    Loaded 225/311 employees...
2025-12-14 09:05:12,578 - etl.load.load_dimensions - INFO -    Loaded 250/311 employees...
2025-12-14 09:05:12,615 - etl.load.load_dimensions - INFO -    Loaded 275/311 employees...
2025-12-14 09:05:12,632 - etl.load.load_dimensions - INFO -    Loaded 300/311 employees...
2025-12-14 09:05:12,649 - etl.load.load_dimensions - INFO -    Loaded 311/311 employees...
2025-12-14 09:05:12,652 - etl.load.load_dimensions - INFO - [OK] Successfully loaded 311 employees to dim_employee
2025-12-14 09:05:12,652 - etl.load.load_dimensions - INFO - Verifying dimension tables...
2025-12-14 09:05:12,837 - etl.load.load_dimensions - INFO - ======================================================================
2025-12-14 09:05:12,837 - etl.load.load_dimensions - INFO - [OK] ALL DIMENSIONS LOADED SUCCESSFULLY!
2025-12-14 09:05:12,837 - etl.load.load_dimensions - INFO - Total time: 1.29 seconds
2025-12-14 09:05:12,837 - etl.load.load_dimensions - INFO - ======================================================================
2025-12-14 09:05:12,838 - __main__ - INFO - 
2025-12-14 09:05:12,838 - __main__ - INFO - STEP 5: LOAD FACT TABLES
2025-12-14 09:05:12,838 - __main__ - INFO - --------------------------------------------------------------------------------
2025-12-14 09:05:12,839 - etl.load.load_facts - INFO - ======================================================================
2025-12-14 09:05:12,839 - etl.load.load_facts - INFO - STARTING FACT TABLES LOAD PROCESS
2025-12-14 09:05:12,840 - etl.load.load_facts - INFO - ======================================================================
2025-12-14 09:05:12,840 - etl.load.load_facts - INFO - Loading fact_sales...
2025-12-14 09:05:12,911 - etl.load.load_facts - INFO -    Truncated fact_sales table
2025-12-14 09:05:12,914 - etl.load.load_facts - INFO -    Debug - Sample data: [(datetime.date(2019, 1, 5), 'Skincare', 'Banjarmasin', 'Ewallet'), (datetime.date(2019, 3, 8), 'Make Up', 'Banjarbaru', 'Cash'), (datetime.date(2019, 3, 3), 'Body Care', 'Banjarmasin', 'Credit card')]
2025-12-14 09:05:12,963 - etl.load.load_facts - INFO - [OK] Loaded 991 rows to fact_sales
2025-12-14 09:05:12,964 - etl.load.load_facts - INFO - Loading fact_marketing_response...
2025-12-14 09:05:13,030 - etl.load.load_facts - INFO -    Debug - Marketing: 1000 rows, dates: 2012-08-01 to 2014-06-29
2025-12-14 09:05:13,031 - etl.load.load_facts - INFO -    Debug - dim_tanggal: 4829 dates, range: 2006-01-09 to 2019-03-30
2025-12-14 09:05:13,031 - etl.load.load_facts - INFO -    Debug - Matching rows after JOIN: 1000
2025-12-14 09:05:13,059 - etl.load.load_facts - INFO - [OK] Loaded 1000 rows to fact_marketing_response
2025-12-14 09:05:13,060 - etl.load.load_facts - INFO - Loading fact_employee_performance...
2025-12-14 09:05:13,172 - etl.load.load_facts - INFO - [OK] Loaded 311 rows to fact_employee_performance
2025-12-14 09:05:13,174 - etl.load.load_facts - INFO - Verifying fact tables...
2025-12-14 09:05:13,326 - etl.load.load_facts - INFO - ======================================================================
2025-12-14 09:05:13,328 - etl.load.load_facts - INFO - [OK] ALL FACT TABLES LOADED SUCCESSFULLY!
2025-12-14 09:05:13,328 - etl.load.load_facts - INFO - Total time: 0.49 seconds
2025-12-14 09:05:13,329 - etl.load.load_facts - INFO - ======================================================================
2025-12-14 09:05:13,330 - __main__ - INFO - 
2025-12-14 09:05:13,330 - __main__ - INFO - STEP 6: EXPORT TO DATA LAKE
2025-12-14 09:05:13,330 - __main__ - INFO - --------------------------------------------------------------------------------
2025-12-14 09:05:13,330 - __main__ - INFO - Bronze Layer: Raw files already in data/lake/raw/
2025-12-14 09:05:13,331 - __main__ - INFO - Exporting to Silver Layer (Processed)...
2025-12-14 09:05:13,334 - etl.export_to_silver_layer - INFO -   → cleaned_sales.parquet
2025-12-14 09:05:13,666 - etl.export_to_silver_layer - INFO -      Exported 991 rows
2025-12-14 09:05:13,666 - etl.export_to_silver_layer - INFO -   → cleaned_hr.parquet
2025-12-14 09:05:13,753 - etl.export_to_silver_layer - INFO -      Exported 311 rows
2025-12-14 09:05:13,754 - etl.export_to_silver_layer - INFO -   → cleaned_marketing.parquet
2025-12-14 09:05:13,837 - etl.export_to_silver_layer - INFO -      Exported 1000 rows
2025-12-14 09:05:13,843 - etl.export_to_silver_layer - INFO - ✅ Silver layer: 3 files created in data/lake/processed
2025-12-14 09:05:13,843 - __main__ - INFO - ✅ Silver layer export completed
2025-12-14 09:05:13,844 - __main__ - INFO - Exporting to Gold Layer (Curated)...
2025-12-14 09:05:13,848 - etl.export_to_gold_layer - INFO -   → sales_metrics_daily.parquet
2025-12-14 09:05:13,991 - etl.export_to_gold_layer - INFO -      Exported 263 rows
2025-12-14 09:05:13,992 - etl.export_to_gold_layer - INFO -   → product_performance.parquet
2025-12-14 09:05:14,037 - etl.export_to_gold_layer - INFO -      Exported 6 rows
2025-12-14 09:05:14,039 - etl.export_to_gold_layer - INFO -   → branch_performance.parquet
2025-12-14 09:05:14,070 - etl.export_to_gold_layer - INFO -      Exported 3 rows
2025-12-14 09:05:14,071 - etl.export_to_gold_layer - INFO -   → payment_analysis.parquet
2025-12-14 09:05:14,101 - etl.export_to_gold_layer - INFO -      Exported 3 rows
2025-12-14 09:05:14,101 - etl.export_to_gold_layer - INFO -   → customer_demographics.parquet
2025-12-14 09:05:14,133 - etl.export_to_gold_layer - INFO -      Exported 4 rows
2025-12-14 09:05:14,133 - etl.export_to_gold_layer - INFO -   → sales_time_patterns.parquet
2025-12-14 09:05:14,158 - etl.export_to_gold_layer - INFO -      Exported 11 rows
2025-12-14 09:05:14,161 - etl.export_to_gold_layer - INFO - ✅ Gold layer: 6 files created in data/lake/curated
2025-12-14 09:05:14,162 - __main__ - INFO - ✅ Gold layer export completed
2025-12-14 09:05:14,162 - __main__ - INFO - [OK] Data Lake export phase completed!
2025-12-14 09:05:14,162 - __main__ - INFO - 
2025-12-14 09:05:14,162 - __main__ - INFO - STEP 7: DATA VERIFICATION
2025-12-14 09:05:14,163 - __main__ - INFO - --------------------------------------------------------------------------------
2025-12-14 09:05:14,227 - __main__ - INFO - 
Data Warehouse Row Counts:
2025-12-14 09:05:14,228 - __main__ - INFO - 
               table_name  row_count
               dim_cabang          3
             dim_customer       1000
             dim_employee        311
              dim_payment          6
               dim_produk         13
              dim_tanggal       4829
fact_employee_performance        311
  fact_marketing_response       1000
               fact_sales        991
2025-12-14 09:05:14,228 - __main__ - INFO - 
Data Lake Status:
2025-12-14 09:05:14,237 - __main__ - INFO -   Bronze Layer: 3 files
2025-12-14 09:05:14,237 - __main__ - INFO -   Silver Layer: 3 files
2025-12-14 09:05:14,237 - __main__ - INFO -   Gold Layer: 6 files
2025-12-14 09:05:14,238 - __main__ - INFO - 
2025-12-14 09:05:14,238 - __main__ - INFO - ================================================================================
2025-12-14 09:05:14,238 - __main__ - INFO - [OK] ETL PIPELINE COMPLETED SUCCESSFULLY!
2025-12-14 09:05:14,238 - __main__ - INFO - ================================================================================
2025-12-14 09:05:14,239 - __main__ - INFO - Log file: logs/etl_pipeline_20251214_090502.log
2025-12-14 09:05:14,239 - __main__ - INFO - Duration: 12.09 seconds
2025-12-14 09:05:14,239 - __main__ - INFO - Completed at: 2025-12-14 09:05:14
2025-12-14 09:05:14,240 - __main__ - INFO - ================================================================================
