2025-12-09 03:40:17,692 - __main__ - INFO - ================================================================================
2025-12-09 03:40:17,693 - __main__ - INFO - NOURISH BEAUTY DATA WAREHOUSE - ETL PIPELINE
2025-12-09 03:40:17,693 - __main__ - INFO -    Author: Raudatul Sholehah - 2310817220002
2025-12-09 03:40:17,694 - __main__ - INFO -    Date: 2025-12-09 03:40:17
2025-12-09 03:40:17,694 - __main__ - INFO - ================================================================================
2025-12-09 03:40:17,695 - __main__ - INFO - 
2025-12-09 03:40:17,695 - __main__ - INFO - STEP 1: Testing Database Connection
2025-12-09 03:40:17,696 - __main__ - INFO - --------------------------------------------------------------------------------
2025-12-09 03:40:18,345 - __main__ - INFO - 
2025-12-09 03:40:18,345 - __main__ - INFO - STEP 2: EXTRACT PHASE
2025-12-09 03:40:18,345 - __main__ - INFO - --------------------------------------------------------------------------------
2025-12-09 03:40:19,412 - __main__ - INFO - Extracting Sales Data...
2025-12-09 03:40:19,413 - etl.extract.extract_sales - INFO - Starting sales data extraction...
2025-12-09 03:40:19,413 - etl.extract.extract_sales - INFO - Reading file: /app/data/raw/SuperMarket-Analysis-penjualan.csv
2025-12-09 03:40:19,475 - etl.extract.extract_sales - INFO - [OK] Loaded 1000 rows from SuperMarket-Analysis-penjualan.csv
2025-12-09 03:40:19,476 - etl.extract.extract_sales - INFO - Applying transformations...
2025-12-09 03:40:19,477 - etl.transform.transform_sales - INFO - Applying 40 transformation rules to sales data...
2025-12-09 03:40:19,478 - etl.transform.transform_sales - INFO -    Initial row count: 1000
2025-12-09 03:40:19,478 - etl.transform.transform_sales - INFO - RULE 0: Pre-cleaning Indonesian number format & USD to IDR conversion...
2025-12-09 03:40:19,482 - etl.transform.transform_sales - INFO -    ✓ Detected USD format (avg: $307.59)
2025-12-09 03:40:19,484 - etl.transform.transform_sales - INFO -    harga_satuan: 74.69 → Rp 1,120,350
2025-12-09 03:40:19,487 - etl.transform.transform_sales - INFO -    pajak_5_persen: 261.415 → Rp 3,921,225
2025-12-09 03:40:19,488 - etl.transform.transform_sales - INFO -    total_penjualan_sebelum_pajak: 522.83 → Rp 7,842,450
2025-12-09 03:40:19,493 - etl.transform.transform_sales - INFO -    pendapatan_kotor: 261.415 → Rp 3,921,225
2025-12-09 03:40:19,493 - etl.transform.transform_sales - INFO -    persentase_gross_margin: 4761904762.00% (kept as percentage)
2025-12-09 03:40:19,494 - etl.transform.transform_sales - INFO - RULE 1-5: Data Type Conversion
2025-12-09 03:40:19,505 - etl.transform.transform_sales - INFO - RULE 6-10: Handle Missing Values
2025-12-09 03:40:19,511 - etl.transform.transform_sales - INFO - RULE 11-15: Data Cleaning
2025-12-09 03:40:19,517 - etl.transform.transform_sales - INFO - RULE 16-20: Standardization
2025-12-09 03:40:19,522 - etl.transform.transform_sales - INFO - RULE 21-25: Calculate Derived Fields
2025-12-09 03:40:19,525 - etl.transform.transform_sales - INFO - RULE 26-30: Validation & Quality Checks
2025-12-09 03:40:19,533 - etl.transform.transform_sales - INFO - RULE 31-35: Business Logic & Categorization
2025-12-09 03:40:19,542 - etl.transform.transform_sales - INFO - RULE 36-40: Final Cleaning & Outlier Removal
2025-12-09 03:40:19,552 - etl.transform.transform_sales - INFO - [OK] Transformation complete!
2025-12-09 03:40:19,552 - etl.transform.transform_sales - INFO -    Initial rows: 1000
2025-12-09 03:40:19,552 - etl.transform.transform_sales - INFO -    Final rows: 991
2025-12-09 03:40:19,553 - etl.transform.transform_sales - INFO -    Removed: 9 (0.9%)
2025-12-09 03:40:19,553 - etl.transform.transform_sales - INFO -    Retention rate: 99.1%
2025-12-09 03:40:19,554 - etl.transform.transform_sales - INFO -    Currency converted: USD → IDR (rate: 15,000)
2025-12-09 03:40:19,555 - etl.transform.transform_sales - INFO - 
   SUMMARY STATISTICS (in IDR):
2025-12-09 03:40:19,556 - etl.transform.transform_sales - INFO -    - Total Revenue: Rp 4,502,404,650
2025-12-09 03:40:19,561 - etl.transform.transform_sales - INFO -    - Avg Transaction: Rp 4,543,294
2025-12-09 03:40:19,561 - etl.transform.transform_sales - INFO -    - Min Transaction: Rp 152,550
2025-12-09 03:40:19,562 - etl.transform.transform_sales - INFO -    - Max Transaction: Rp 14,895,000
2025-12-09 03:40:19,596 - etl.extract.extract_sales - INFO - [OK] Saved to staging file: /app/data/staging/staging_sales.csv
2025-12-09 03:40:19,597 - etl.extract.extract_sales - INFO - [OK] Extraction complete: 991 records ready
2025-12-09 03:40:19,597 - etl.extract.extract_sales - INFO - 
Loading sales data to staging_sales table...
2025-12-09 03:40:19,598 - etl.extract.extract_sales - INFO -    Records to load: 991
2025-12-09 03:40:19,599 - etl.extract.extract_sales - INFO -    Truncating staging_sales table...
2025-12-09 03:40:19,712 - etl.extract.extract_sales - INFO -    Original shape: (991, 17)
2025-12-09 03:40:19,713 - etl.extract.extract_sales - INFO -    Original columns: ['id_invoice', 'cabang', 'kota', 'tipe_customer', 'jenis_kelamin', 'kategori_produk', 'harga_satuan', 'jumlah', 'pajak_5_persen', 'tanggal', 'waktu', 'metode_pembayaran', 'total_penjualan_sebelum_pajak', 'persentase_gross_margin', 'pendapatan_kotor', 'rating', 'load_timestamp']
2025-12-09 03:40:19,714 - etl.extract.extract_sales - INFO -    Clean shape: (991, 17)
2025-12-09 03:40:19,714 - etl.extract.extract_sales - INFO -    Clean columns: ['id_invoice', 'cabang', 'kota', 'tipe_customer', 'jenis_kelamin', 'kategori_produk', 'harga_satuan', 'jumlah', 'pajak_5_persen', 'tanggal', 'waktu', 'metode_pembayaran', 'total_penjualan_sebelum_pajak', 'persentase_gross_margin', 'pendapatan_kotor', 'rating', 'load_timestamp']
2025-12-09 03:40:19,718 - etl.extract.extract_sales - INFO -    Loading data in 10 chunks of 100 rows...
2025-12-09 03:40:19,818 - etl.extract.extract_sales - INFO -    ✓ Chunk 1/10 loaded (100 rows, total: 100)
2025-12-09 03:40:19,900 - etl.extract.extract_sales - INFO -    ✓ Chunk 2/10 loaded (100 rows, total: 200)
2025-12-09 03:40:19,974 - etl.extract.extract_sales - INFO -    ✓ Chunk 3/10 loaded (100 rows, total: 300)
2025-12-09 03:40:20,045 - etl.extract.extract_sales - INFO -    ✓ Chunk 4/10 loaded (100 rows, total: 400)
2025-12-09 03:40:20,386 - etl.extract.extract_sales - INFO -    ✓ Chunk 5/10 loaded (100 rows, total: 500)
2025-12-09 03:40:20,449 - etl.extract.extract_sales - INFO -    ✓ Chunk 6/10 loaded (100 rows, total: 600)
2025-12-09 03:40:20,498 - etl.extract.extract_sales - INFO -    ✓ Chunk 7/10 loaded (100 rows, total: 700)
2025-12-09 03:40:20,554 - etl.extract.extract_sales - INFO -    ✓ Chunk 8/10 loaded (100 rows, total: 800)
2025-12-09 03:40:21,503 - etl.extract.extract_sales - INFO -    ✓ Chunk 9/10 loaded (100 rows, total: 900)
2025-12-09 03:40:21,595 - etl.extract.extract_sales - INFO -    ✓ Chunk 10/10 loaded (91 rows, total: 991)
2025-12-09 03:40:21,596 - etl.extract.extract_sales - INFO - [OK] Successfully loaded 991 rows to staging_sales
2025-12-09 03:40:21,602 - etl.extract.extract_sales - INFO - [OK] Verified staging_sales row count: 991
2025-12-09 03:40:21,608 - etl.extract.extract_sales - INFO - [OK] Stats: Rows=991, Avg=Rp 4,543,294, Min=Rp 152,550, Max=Rp 14,895,000
2025-12-09 03:40:21,610 - __main__ - INFO - Extracting HR Data...
2025-12-09 03:40:21,611 - etl.extract.extract_hr - INFO - Starting HR data extraction...
2025-12-09 03:40:21,611 - etl.extract.extract_hr - INFO - Reading file: /app/data/raw/HRDataset.csv
2025-12-09 03:40:21,696 - etl.extract.extract_hr - INFO - [OK] Loaded 311 rows from HRDataset.csv
2025-12-09 03:40:21,696 - etl.extract.extract_hr - INFO -    Columns: 36
2025-12-09 03:40:21,699 - etl.extract.extract_hr - INFO -    Converting date column: dob
2025-12-09 03:40:21,703 - etl.extract.extract_hr - INFO -    Converting date column: dateofhire
2025-12-09 03:40:21,706 - etl.extract.extract_hr - INFO -    Converting date column: dateoftermination
2025-12-09 03:40:21,708 - etl.extract.extract_hr - INFO -    Converting date column: lastperformancereview_date
2025-12-09 03:40:21,755 - etl.extract.extract_hr - INFO - [OK] Saved to staging file: /app/data/staging/staging_hr.csv
2025-12-09 03:40:21,756 - etl.extract.extract_hr - INFO - [OK] Extraction complete: 311 records ready
2025-12-09 03:40:21,756 - etl.extract.extract_hr - INFO - Loading HR data to staging_hr table...
2025-12-09 03:40:21,757 - etl.extract.extract_hr - INFO -    Records to load: 311
2025-12-09 03:40:21,758 - etl.extract.extract_hr - INFO -    Truncating staging_hr table...
2025-12-09 03:40:21,863 - etl.extract.extract_hr - INFO -    Loading rows individually...
2025-12-09 03:40:23,393 - etl.extract.extract_hr - INFO -    Progress: 50/311 rows loaded
2025-12-09 03:40:25,287 - etl.extract.extract_hr - INFO -    Progress: 100/311 rows loaded
2025-12-09 03:40:26,451 - etl.extract.extract_hr - INFO -    Progress: 150/311 rows loaded
2025-12-09 03:40:27,664 - etl.extract.extract_hr - INFO -    Progress: 200/311 rows loaded
2025-12-09 03:40:28,966 - etl.extract.extract_hr - INFO -    Progress: 250/311 rows loaded
2025-12-09 03:40:31,074 - etl.extract.extract_hr - INFO -    Progress: 300/311 rows loaded
2025-12-09 03:40:31,454 - etl.extract.extract_hr - INFO -    Progress: 311/311 rows loaded
2025-12-09 03:40:31,454 - etl.extract.extract_hr - INFO - [OK] Successfully loaded 311 rows
2025-12-09 03:40:31,459 - etl.extract.extract_hr - INFO - [OK] Verified row count: 311
2025-12-09 03:40:31,460 - __main__ - INFO - Extracting Marketing Data...
2025-12-09 03:40:31,461 - etl.extract.extract_marketing - INFO - Starting marketing data extraction...
2025-12-09 03:40:31,461 - etl.extract.extract_marketing - INFO - Reading file: /app/data/raw/marketing_campaign.csv
2025-12-09 03:40:31,462 - etl.extract.extract_marketing - INFO -    Trying delimiter: '	'
2025-12-09 03:40:31,487 - etl.extract.extract_marketing - WARNING -    Failed: only 1 columns detected
2025-12-09 03:40:31,488 - etl.extract.extract_marketing - INFO -    Trying delimiter: ';'
2025-12-09 03:40:31,526 - etl.extract.extract_marketing - INFO -    [OK] Successfully read with delimiter ';'
2025-12-09 03:40:31,527 - etl.extract.extract_marketing - INFO -    Columns detected: 29
2025-12-09 03:40:31,527 - etl.extract.extract_marketing - INFO - [OK] Loaded 1000 rows from marketing_campaign.csv
2025-12-09 03:40:31,527 - etl.extract.extract_marketing - INFO -    Columns: ['ID', 'Year_Birth', 'Education', 'Marital_Status', 'Income']... (29 total)
2025-12-09 03:40:31,529 - etl.extract.extract_marketing - INFO -    Converting date column: dt_customer
2025-12-09 03:40:31,569 - etl.extract.extract_marketing - INFO - [OK] Saved to staging file: /app/data/staging/staging_marketing.csv
2025-12-09 03:40:31,570 - etl.extract.extract_marketing - INFO - [OK] Extraction complete: 1000 records ready
2025-12-09 03:40:31,570 - etl.extract.extract_marketing - INFO - Loading marketing data to staging_marketing table...
2025-12-09 03:40:31,571 - etl.extract.extract_marketing - INFO -    Records to load: 1000
2025-12-09 03:40:31,572 - etl.extract.extract_marketing - INFO -    Dropping and recreating staging_marketing table...
2025-12-09 03:40:31,684 - etl.extract.extract_marketing - INFO -    Loading data with auto-schema detection...
2025-12-09 03:40:32,355 - etl.extract.extract_marketing - INFO - [OK] Successfully loaded 1000 rows
2025-12-09 03:40:32,361 - etl.extract.extract_marketing - INFO - [OK] Verified row count: 1000
2025-12-09 03:40:32,362 - __main__ - INFO - [OK] Extract phase completed!
2025-12-09 03:40:32,363 - __main__ - INFO - 
2025-12-09 03:40:32,363 - __main__ - INFO - STEP 3: TRANSFORM PHASE
2025-12-09 03:40:32,364 - __main__ - INFO - --------------------------------------------------------------------------------
2025-12-09 03:40:32,364 - __main__ - INFO - Transformation rules will be applied during load phase
2025-12-09 03:40:32,365 - __main__ - INFO - [OK] 40 transformation rules ready
2025-12-09 03:40:32,365 - __main__ - INFO - 
2025-12-09 03:40:32,366 - __main__ - INFO - STEP 4: LOAD DIMENSIONS
2025-12-09 03:40:32,366 - __main__ - INFO - --------------------------------------------------------------------------------
2025-12-09 03:40:32,371 - etl.load.load_dimensions - INFO - ======================================================================
2025-12-09 03:40:32,371 - etl.load.load_dimensions - INFO - STARTING DIMENSION LOAD PROCESS
2025-12-09 03:40:32,372 - etl.load.load_dimensions - INFO - ======================================================================
2025-12-09 03:40:32,372 - etl.load.load_dimensions - INFO - Loading dim_produk...
2025-12-09 03:40:32,573 - etl.load.load_dimensions - INFO - [OK] Loaded 6 products to dim_produk
2025-12-09 03:40:32,573 - etl.load.load_dimensions - INFO - Loading dim_customer...
2025-12-09 03:40:32,696 - etl.load.load_dimensions - INFO -    Truncated dim_customer table
2025-12-09 03:40:32,800 - etl.load.load_dimensions - INFO -    Loaded chunk 1: 50 rows (Total: 50/1000)
2025-12-09 03:40:32,834 - etl.load.load_dimensions - INFO -    Loaded chunk 2: 50 rows (Total: 100/1000)
2025-12-09 03:40:32,868 - etl.load.load_dimensions - INFO -    Loaded chunk 3: 50 rows (Total: 150/1000)
2025-12-09 03:40:32,902 - etl.load.load_dimensions - INFO -    Loaded chunk 4: 50 rows (Total: 200/1000)
2025-12-09 03:40:32,933 - etl.load.load_dimensions - INFO -    Loaded chunk 5: 50 rows (Total: 250/1000)
2025-12-09 03:40:32,964 - etl.load.load_dimensions - INFO -    Loaded chunk 6: 50 rows (Total: 300/1000)
2025-12-09 03:40:33,008 - etl.load.load_dimensions - INFO -    Loaded chunk 7: 50 rows (Total: 350/1000)
2025-12-09 03:40:33,054 - etl.load.load_dimensions - INFO -    Loaded chunk 8: 50 rows (Total: 400/1000)
2025-12-09 03:40:33,102 - etl.load.load_dimensions - INFO -    Loaded chunk 9: 50 rows (Total: 450/1000)
2025-12-09 03:40:33,147 - etl.load.load_dimensions - INFO -    Loaded chunk 10: 50 rows (Total: 500/1000)
2025-12-09 03:40:33,183 - etl.load.load_dimensions - INFO -    Loaded chunk 11: 50 rows (Total: 550/1000)
2025-12-09 03:40:33,231 - etl.load.load_dimensions - INFO -    Loaded chunk 12: 50 rows (Total: 600/1000)
2025-12-09 03:40:33,269 - etl.load.load_dimensions - INFO -    Loaded chunk 13: 50 rows (Total: 650/1000)
2025-12-09 03:40:33,306 - etl.load.load_dimensions - INFO -    Loaded chunk 14: 50 rows (Total: 700/1000)
2025-12-09 03:40:33,343 - etl.load.load_dimensions - INFO -    Loaded chunk 15: 50 rows (Total: 750/1000)
2025-12-09 03:40:33,390 - etl.load.load_dimensions - INFO -    Loaded chunk 16: 50 rows (Total: 800/1000)
2025-12-09 03:40:33,431 - etl.load.load_dimensions - INFO -    Loaded chunk 17: 50 rows (Total: 850/1000)
2025-12-09 03:40:33,471 - etl.load.load_dimensions - INFO -    Loaded chunk 18: 50 rows (Total: 900/1000)
2025-12-09 03:40:33,503 - etl.load.load_dimensions - INFO -    Loaded chunk 19: 50 rows (Total: 950/1000)
2025-12-09 03:40:33,563 - etl.load.load_dimensions - INFO -    Loaded chunk 20: 50 rows (Total: 1000/1000)
2025-12-09 03:40:33,566 - etl.load.load_dimensions - INFO - [OK] Successfully loaded 1000 customers to dim_customer
2025-12-09 03:40:33,567 - etl.load.load_dimensions - INFO - Loading dim_employee...
2025-12-09 03:40:33,719 - etl.load.load_dimensions - INFO -    Truncated dim_employee table
2025-12-09 03:40:33,815 - etl.load.load_dimensions - INFO -    Loaded chunk 1: 50 rows (Total: 50/311)
2025-12-09 03:40:33,923 - etl.load.load_dimensions - INFO -    Loaded chunk 2: 50 rows (Total: 100/311)
2025-12-09 03:40:33,956 - etl.load.load_dimensions - INFO -    Loaded chunk 3: 50 rows (Total: 150/311)
2025-12-09 03:40:33,992 - etl.load.load_dimensions - INFO -    Loaded chunk 4: 50 rows (Total: 200/311)
2025-12-09 03:40:34,031 - etl.load.load_dimensions - INFO -    Loaded chunk 5: 50 rows (Total: 250/311)
2025-12-09 03:40:34,060 - etl.load.load_dimensions - INFO -    Loaded chunk 6: 50 rows (Total: 300/311)
2025-12-09 03:40:34,082 - etl.load.load_dimensions - INFO -    Loaded chunk 7: 11 rows (Total: 311/311)
2025-12-09 03:40:34,085 - etl.load.load_dimensions - INFO - [OK] Successfully loaded 311 employees to dim_employee
2025-12-09 03:40:34,086 - etl.load.load_dimensions - INFO - Verifying dimension tables...
2025-12-09 03:40:34,232 - etl.load.load_dimensions - INFO - ======================================================================
2025-12-09 03:40:34,233 - etl.load.load_dimensions - INFO - [OK] ALL DIMENSIONS LOADED SUCCESSFULLY!
2025-12-09 03:40:34,234 - etl.load.load_dimensions - INFO - Total time: 1.86 seconds
2025-12-09 03:40:34,235 - etl.load.load_dimensions - INFO - ======================================================================
2025-12-09 03:40:34,235 - __main__ - INFO - 
2025-12-09 03:40:34,236 - __main__ - INFO - STEP 5: LOAD FACT TABLES
2025-12-09 03:40:34,236 - __main__ - INFO - --------------------------------------------------------------------------------
2025-12-09 03:40:34,238 - etl.load.load_facts - INFO - ======================================================================
2025-12-09 03:40:34,239 - etl.load.load_facts - INFO - STARTING FACT TABLES LOAD PROCESS
2025-12-09 03:40:34,239 - etl.load.load_facts - INFO - ======================================================================
2025-12-09 03:40:34,240 - etl.load.load_facts - INFO - Loading fact_sales...
2025-12-09 03:40:34,753 - etl.load.load_facts - INFO - [OK] Loaded 991 rows to fact_sales
2025-12-09 03:40:34,753 - etl.load.load_facts - INFO - Loading fact_marketing_response...
2025-12-09 03:40:34,863 - etl.load.load_facts - INFO -    Debug - Marketing: 1000 rows, dates: 2012-08-01 to 2014-06-29
2025-12-09 03:40:34,864 - etl.load.load_facts - INFO -    Debug - dim_tanggal: 7305 dates, range: 2012-01-01 to 2031-12-31
2025-12-09 03:40:34,864 - etl.load.load_facts - INFO -    Debug - Matching rows after JOIN: 1000
2025-12-09 03:40:34,943 - etl.load.load_facts - INFO - [OK] Loaded 1000 rows to fact_marketing_response
2025-12-09 03:40:34,944 - etl.load.load_facts - INFO - Loading fact_employee_performance...
2025-12-09 03:40:35,062 - etl.load.load_facts - INFO - [OK] Loaded 306 rows to fact_employee_performance
2025-12-09 03:40:35,063 - etl.load.load_facts - INFO - Verifying fact tables...
2025-12-09 03:40:35,185 - etl.load.load_facts - INFO - ======================================================================
2025-12-09 03:40:35,186 - etl.load.load_facts - INFO - [OK] ALL FACT TABLES LOADED SUCCESSFULLY!
2025-12-09 03:40:35,186 - etl.load.load_facts - INFO - Total time: 0.95 seconds
2025-12-09 03:40:35,187 - etl.load.load_facts - INFO - ======================================================================
2025-12-09 03:40:35,187 - __main__ - INFO - 
2025-12-09 03:40:35,188 - __main__ - INFO - STEP 6: EXPORT TO DATA LAKE
2025-12-09 03:40:35,188 - __main__ - INFO - --------------------------------------------------------------------------------
2025-12-09 03:40:35,188 - __main__ - INFO - Bronze Layer: Raw files already in data/lake/raw/
2025-12-09 03:40:35,189 - __main__ - INFO - Exporting to Silver Layer (Processed)...
2025-12-09 03:40:35,193 - etl.export_to_silver_layer - INFO -   → cleaned_sales.parquet
2025-12-09 03:40:35,562 - etl.export_to_silver_layer - INFO -      Exported 991 rows
2025-12-09 03:40:35,562 - etl.export_to_silver_layer - INFO -   → cleaned_hr.parquet
2025-12-09 03:40:35,645 - etl.export_to_silver_layer - INFO -      Exported 311 rows
2025-12-09 03:40:35,645 - etl.export_to_silver_layer - INFO -   → cleaned_marketing.parquet
2025-12-09 03:40:35,713 - etl.export_to_silver_layer - INFO -      Exported 1000 rows
2025-12-09 03:40:35,717 - etl.export_to_silver_layer - INFO - ✅ Silver layer: 3 files created in data/lake/processed
2025-12-09 03:40:35,718 - __main__ - INFO - ✅ Silver layer export completed
2025-12-09 03:40:35,719 - __main__ - INFO - Exporting to Gold Layer (Curated)...
2025-12-09 03:40:35,722 - etl.export_to_gold_layer - INFO -   → sales_metrics_daily.parquet
2025-12-09 03:40:35,831 - etl.export_to_gold_layer - INFO -      Exported 263 rows
2025-12-09 03:40:35,832 - etl.export_to_gold_layer - INFO -   → product_performance.parquet
2025-12-09 03:40:35,863 - etl.export_to_gold_layer - INFO -      Exported 6 rows
2025-12-09 03:40:35,863 - etl.export_to_gold_layer - INFO -   → branch_performance.parquet
2025-12-09 03:40:35,895 - etl.export_to_gold_layer - INFO -      Exported 3 rows
2025-12-09 03:40:35,895 - etl.export_to_gold_layer - INFO -   → payment_analysis.parquet
2025-12-09 03:40:35,922 - etl.export_to_gold_layer - INFO -      Exported 3 rows
2025-12-09 03:40:35,923 - etl.export_to_gold_layer - INFO -   → customer_demographics.parquet
2025-12-09 03:40:35,952 - etl.export_to_gold_layer - INFO -      Exported 4 rows
2025-12-09 03:40:35,953 - etl.export_to_gold_layer - INFO -   → sales_time_patterns.parquet
2025-12-09 03:40:35,975 - etl.export_to_gold_layer - INFO -      Exported 11 rows
2025-12-09 03:40:35,979 - etl.export_to_gold_layer - INFO - ✅ Gold layer: 6 files created in data/lake/curated
2025-12-09 03:40:35,980 - __main__ - INFO - ✅ Gold layer export completed
2025-12-09 03:40:35,980 - __main__ - INFO - [OK] Data Lake export phase completed!
2025-12-09 03:40:35,980 - __main__ - INFO - 
2025-12-09 03:40:35,981 - __main__ - INFO - STEP 7: DATA VERIFICATION
2025-12-09 03:40:35,981 - __main__ - INFO - --------------------------------------------------------------------------------
2025-12-09 03:40:36,176 - __main__ - INFO - 
Data Warehouse Row Counts:
2025-12-09 03:40:36,178 - __main__ - INFO - 
               table_name  row_count
               dim_cabang          7
             dim_customer       1000
             dim_employee        311
              dim_payment          6
               dim_produk          6
              dim_tanggal       7305
fact_employee_performance        306
  fact_marketing_response       1000
               fact_sales        991
2025-12-09 03:40:36,178 - __main__ - INFO - 
Data Lake Status:
2025-12-09 03:40:36,191 - __main__ - INFO -   Bronze Layer: 3 files
2025-12-09 03:40:36,191 - __main__ - INFO -   Silver Layer: 3 files
2025-12-09 03:40:36,192 - __main__ - INFO -   Gold Layer: 6 files
2025-12-09 03:40:36,192 - __main__ - INFO - 
2025-12-09 03:40:36,192 - __main__ - INFO - ================================================================================
2025-12-09 03:40:36,193 - __main__ - INFO - [OK] ETL PIPELINE COMPLETED SUCCESSFULLY!
2025-12-09 03:40:36,193 - __main__ - INFO - ================================================================================
2025-12-09 03:40:36,193 - __main__ - INFO - Log file: logs/etl_pipeline_20251209_034017.log
2025-12-09 03:40:36,194 - __main__ - INFO - Duration: 18.50 seconds
2025-12-09 03:40:36,194 - __main__ - INFO - Completed at: 2025-12-09 03:40:36
2025-12-09 03:40:36,194 - __main__ - INFO - ================================================================================
